#
# There is insufficient memory for the Java Runtime Environment to continue.
# Native memory allocation (malloc) failed to allocate 1568496 bytes for Chunk::new
# Possible reasons:
#   The system is out of physical RAM or swap space
#   The process is running with CompressedOops enabled, and the Java Heap may be blocking the growth of the native heap
# Possible solutions:
#   Reduce memory load on the system
#   Increase physical memory or swap space
#   Check if swap backing store is full
#   Decrease Java heap size (-Xmx/-Xms)
#   Decrease number of Java threads
#   Decrease Java thread stack sizes (-Xss)
#   Set larger code cache with -XX:ReservedCodeCacheSize=
#   JVM is running with Unscaled Compressed Oops mode in which the Java heap is
#     placed in the first 4GB address space. The Java Heap base address is the
#     maximum limit for the native heap growth. Please use -XX:HeapBaseMinAddress
#     to set the Java Heap base and to place the Java Heap above 4GB virtual address.
# This output file may be truncated or incomplete.
#
#  Out of Memory Error (allocation.cpp:389), pid=74736, tid=0x0000000000014060
#
# JRE version: OpenJDK Runtime Environment (8.0_242-b01) (build 1.8.0_242-release-1644-b01)
# Java VM: OpenJDK 64-Bit Server VM (25.242-b01 mixed mode windows-amd64 compressed oops)
# Failed to write core dump. Minidumps are not enabled by default on client versions of Windows
#

---------------  T H R E A D  ---------------

Current thread (0x0000000017b3d800):  JavaThread "C2 CompilerThread1" daemon [_thread_in_native, id=82016, stack(0x00000000196c0000,0x00000000197c0000)]

Stack: [0x00000000196c0000,0x00000000197c0000]
[error occurred during error reporting (printing stack bounds), id 0xc0000005]

Native frames: (J=compiled Java code, j=interpreted, Vv=VM code, C=native code)


Current CompileTask:
C2:  10910 2617       4       groovy.lang.MetaClassImpl$1MOPIter::methodNameAction (325 bytes)


---------------  P R O C E S S  ---------------

Java Threads: ( => current thread )
  0x000000001ad48000 JavaThread "Cache worker for file content cache (C:\Users\Kim mingi\.gradle\caches\6.5\fileContent)" [_thread_blocked, id=78624, stack(0x0000000021a00000,0x0000000021b00000)]
  0x000000001ad45800 JavaThread "jar transforms" [_thread_blocked, id=69640, stack(0x0000000021900000,0x0000000021a00000)]
  0x000000001ad45000 JavaThread "Cache worker for execution history cache (C:\Users\Kim mingi\.gradle\caches\6.5\executionHistory)" [_thread_blocked, id=85444, stack(0x00000000201e0000,0x00000000202e0000)]
  0x000000001ad44000 JavaThread "Cache worker for cache directory md-rule (C:\Users\Kim mingi\.gradle\caches\6.5\md-rule)" [_thread_blocked, id=79176, stack(0x00000000200e0000,0x00000000201e0000)]
  0x000000001ad49800 JavaThread "Cache worker for cache directory md-supplier (C:\Users\Kim mingi\.gradle\caches\6.5\md-supplier)" [_thread_blocked, id=85428, stack(0x000000001ffe0000,0x00000000200e0000)]
  0x000000001ad46800 JavaThread "Cache worker for checksums cache (C:\Users\Kim mingi\AndroidStudioProjects\SafetyMapUlsanJungbu2\.gradle\checksums)" [_thread_blocked, id=82184, stack(0x000000001fee0000,0x000000001ffe0000)]
  0x000000001ad4a000 JavaThread "Cache worker for file hash cache (C:\Users\Kim mingi\AndroidStudioProjects\SafetyMapUlsanJungbu2\.gradle\6.5\fileHashes)" [_thread_blocked, id=79056, stack(0x000000001fbe0000,0x000000001fce0000)]
  0x000000001ad48800 JavaThread "Cache worker for file hash cache (C:\Users\Kim mingi\.gradle\caches\6.5\fileHashes)" [_thread_blocked, id=19952, stack(0x000000001e710000,0x000000001e810000)]
  0x000000001ad43800 JavaThread "File lock request listener" [_thread_in_native, id=27792, stack(0x000000001d640000,0x000000001d740000)]
  0x000000001acb0000 JavaThread "Cache worker for journal cache (C:\Users\Kim mingi\.gradle\caches\journal-1)" [_thread_blocked, id=46880, stack(0x000000001d540000,0x000000001d640000)]
  0x000000001a9cb800 JavaThread "Thread-9" [_thread_blocked, id=70476, stack(0x000000001d240000,0x000000001d340000)]
  0x000000001acb7000 JavaThread "Stdin handler" [_thread_blocked, id=81776, stack(0x000000001d140000,0x000000001d240000)]
  0x000000001a754000 JavaThread "Asynchronous log dispatcher for DefaultDaemonConnection: socket connection from /127.0.0.1:7513 to /127.0.0.1:7514" [_thread_blocked, id=33968, stack(0x000000001d040000,0x000000001d140000)]
  0x000000001a170000 JavaThread "Daemon worker" [_thread_in_vm, id=68260, stack(0x000000001cf40000,0x000000001d040000)]
  0x000000001ac78800 JavaThread "Cancel handler" [_thread_blocked, id=85420, stack(0x000000001ce40000,0x000000001cf40000)]
  0x000000001a691000 JavaThread "Handler for socket connection from /127.0.0.1:7513 to /127.0.0.1:7514" [_thread_in_native, id=67804, stack(0x000000001cd40000,0x000000001ce40000)]
  0x000000001a68d800 JavaThread "Daemon" [_thread_blocked, id=81660, stack(0x000000001cc40000,0x000000001cd40000)]
  0x000000001a676000 JavaThread "Daemon periodic checks" [_thread_blocked, id=83760, stack(0x000000001c940000,0x000000001ca40000)]
  0x000000001b502800 JavaThread "Incoming local TCP Connector on port 7513" [_thread_in_native, id=68436, stack(0x000000001c760000,0x000000001c860000)]
  0x000000001b30c800 JavaThread "Daemon health stats" [_thread_blocked, id=83840, stack(0x000000001c460000,0x000000001c560000)]
  0x0000000019043000 JavaThread "Service Thread" daemon [_thread_blocked, id=75928, stack(0x00000000198c0000,0x00000000199c0000)]
  0x0000000018fd6800 JavaThread "C1 CompilerThread2" daemon [_thread_blocked, id=76176, stack(0x00000000197c0000,0x00000000198c0000)]
=>0x0000000017b3d800 JavaThread "C2 CompilerThread1" daemon [_thread_in_native, id=82016, stack(0x00000000196c0000,0x00000000197c0000)]
  0x0000000017b3a800 JavaThread "C2 CompilerThread0" daemon [_thread_in_native, id=82952, stack(0x00000000195c0000,0x00000000196c0000)]
  0x0000000017aee800 JavaThread "Attach Listener" daemon [_thread_blocked, id=2356, stack(0x00000000194c0000,0x00000000195c0000)]
  0x0000000018fc8800 JavaThread "Signal Dispatcher" daemon [_thread_blocked, id=84828, stack(0x00000000193c0000,0x00000000194c0000)]
  0x0000000002ebc000 JavaThread "Finalizer" daemon [_thread_blocked, id=51904, stack(0x0000000018d30000,0x0000000018e30000)]
  0x0000000017ac9000 JavaThread "Reference Handler" daemon [_thread_blocked, id=82224, stack(0x0000000018c30000,0x0000000018d30000)]
  0x000000000104e000 JavaThread "main" [_thread_blocked, id=36532, stack(0x0000000002930000,0x0000000002a30000)]

Other Threads:
  0x0000000017aa6000 VMThread [stack: 0x0000000018b30000,0x0000000018c30000] [id=19668]
  0x0000000019054000 WatcherThread [stack: 0x00000000199c0000,0x0000000019ac0000] [id=66808]

VM state:not at safepoint (normal execution)

VM Mutex/Monitor currently owned by a thread: None

heap address: 0x0000000080000000, size: 2048 MB, Compressed Oops mode: 32-bit
Narrow klass base: 0x0000000000000000, Narrow klass shift: 3
Compressed class space size: 1073741824 Address: 0x0000000100000000

Heap:
 PSYoungGen      total 131584K, used 13799K [0x00000000d5580000, 0x00000000e1380000, 0x0000000100000000)
  eden space 121344K, 11% used [0x00000000d5580000,0x00000000d62f9d00,0x00000000dcc00000)
  from space 10240K, 0% used [0x00000000dcc00000,0x00000000dcc00000,0x00000000dd600000)
  to   space 12288K, 0% used [0x00000000e0780000,0x00000000e0780000,0x00000000e1380000)
 ParOldGen       total 73216K, used 18264K [0x0000000080000000, 0x0000000084780000, 0x00000000d5580000)
  object space 73216K, 24% used [0x0000000080000000,0x00000000811d6308,0x0000000084780000)
 Metaspace       used 34780K, capacity 36014K, committed 36312K, reserved 1081344K
  class space    used 4776K, capacity 5052K, committed 5120K, reserved 1048576K

Card table byte_map: [0x0000000012280000,0x0000000012690000] byte_map_base: 0x0000000011e80000

Marking Bits: (ParMarkBitMap*) 0x000000007306f030
 Begin Bits: [0x0000000012d40000, 0x0000000014d40000)
 End Bits:   [0x0000000014d40000, 0x0000000016d40000)

Polling page: 0x0000000000ca0000

CodeCache: size=245760Kb used=9986Kb max_used=9986Kb free=235773Kb
 bounds [0x0000000002ec0000, 0x0000000003890000, 0x0000000011ec0000]
 total_blobs=3295 nmethods=2603 adapters=605
 compilation: enabled

Compilation events (10 events):
Event: 10.872 Thread 0x0000000018fd6800 2781       3       org.gradle.internal.instantiation.generator.AsmBackedClassGenerator$ClassBuilderImpl::addGetter (56 bytes)
Event: 10.872 Thread 0x0000000018fd6800 nmethod 2781 0x0000000003883c10 code [0x0000000003883de0, 0x0000000003884488]
Event: 10.873 Thread 0x0000000018fd6800 2782       3       com.google.common.collect.LinkedHashMultimap::createCollection (14 bytes)
Event: 10.873 Thread 0x0000000018fd6800 nmethod 2782 0x0000000003871010 code [0x0000000003871180, 0x0000000003871388]
Event: 10.873 Thread 0x0000000018fd6800 2783       3       com.google.common.collect.Sets$ImprovedAbstractSet::<init> (5 bytes)
Event: 10.873 Thread 0x0000000018fd6800 nmethod 2783 0x0000000003870ad0 code [0x0000000003870c40, 0x0000000003870eb0]
Event: 10.873 Thread 0x0000000018fd6800 2784       1       sun.reflect.generics.tree.Wildcard::getUpperBounds (5 bytes)
Event: 10.873 Thread 0x0000000018fd6800 nmethod 2784 0x0000000003884710 code [0x0000000003884860, 0x0000000003884970]
Event: 10.900 Thread 0x0000000018fd6800 2786       3       java.lang.invoke.LambdaForm::lastUseIndex (76 bytes)
Event: 10.900 Thread 0x0000000018fd6800 nmethod 2786 0x0000000003884f50 code [0x00000000038850e0, 0x00000000038854a8]

GC Heap History (10 events):
Event: 8.030 GC heap before
{Heap before GC invocations=7 (full 0):
 PSYoungGen      total 71168K, used 18854K [0x00000000d5580000, 0x00000000da880000, 0x0000000100000000)
  eden space 61952K, 16% used [0x00000000d5580000,0x00000000d5f3a080,0x00000000d9200000)
  from space 9216K, 96% used [0x00000000d9c80000,0x00000000da52f918,0x00000000da580000)
  to   space 10752K, 0% used [0x00000000d9200000,0x00000000d9200000,0x00000000d9c80000)
 ParOldGen       total 84992K, used 5309K [0x0000000080000000, 0x0000000085300000, 0x00000000d5580000)
  object space 84992K, 6% used [0x0000000080000000,0x000000008052f730,0x0000000085300000)
 Metaspace       used 20463K, capacity 21204K, committed 21248K, reserved 1067008K
  class space    used 2846K, capacity 3048K, committed 3072K, reserved 1048576K
Event: 8.043 GC heap after
Heap after GC invocations=7 (full 0):
 PSYoungGen      total 72704K, used 4617K [0x00000000d5580000, 0x00000000de280000, 0x0000000100000000)
  eden space 61952K, 0% used [0x00000000d5580000,0x00000000d5580000,0x00000000d9200000)
  from space 10752K, 42% used [0x00000000d9200000,0x00000000d9682598,0x00000000d9c80000)
  to   space 10240K, 0% used [0x00000000dd880000,0x00000000dd880000,0x00000000de280000)
 ParOldGen       total 84992K, used 7911K [0x0000000080000000, 0x0000000085300000, 0x00000000d5580000)
  object space 84992K, 9% used [0x0000000080000000,0x00000000807b9d90,0x0000000085300000)
 Metaspace       used 20463K, capacity 21204K, committed 21248K, reserved 1067008K
  class space    used 2846K, capacity 3048K, committed 3072K, reserved 1048576K
}
Event: 8.043 GC heap before
{Heap before GC invocations=8 (full 1):
 PSYoungGen      total 72704K, used 4617K [0x00000000d5580000, 0x00000000de280000, 0x0000000100000000)
  eden space 61952K, 0% used [0x00000000d5580000,0x00000000d5580000,0x00000000d9200000)
  from space 10752K, 42% used [0x00000000d9200000,0x00000000d9682598,0x00000000d9c80000)
  to   space 10240K, 0% used [0x00000000dd880000,0x00000000dd880000,0x00000000de280000)
 ParOldGen       total 84992K, used 7911K [0x0000000080000000, 0x0000000085300000, 0x00000000d5580000)
  object space 84992K, 9% used [0x0000000080000000,0x00000000807b9d90,0x0000000085300000)
 Metaspace       used 20463K, capacity 21204K, committed 21248K, reserved 1067008K
  class space    used 2846K, capacity 3048K, committed 3072K, reserved 1048576K
Event: 8.096 GC heap after
Heap after GC invocations=8 (full 1):
 PSYoungGen      total 72704K, used 0K [0x00000000d5580000, 0x00000000de280000, 0x0000000100000000)
  eden space 61952K, 0% used [0x00000000d5580000,0x00000000d5580000,0x00000000d9200000)
  from space 10752K, 0% used [0x00000000d9200000,0x00000000d9200000,0x00000000d9c80000)
  to   space 10240K, 0% used [0x00000000dd880000,0x00000000dd880000,0x00000000de280000)
 ParOldGen       total 47616K, used 7535K [0x0000000080000000, 0x0000000082e80000, 0x00000000d5580000)
  object space 47616K, 15% used [0x0000000080000000,0x000000008075bf78,0x0000000082e80000)
 Metaspace       used 20463K, capacity 21204K, committed 21248K, reserved 1067008K
  class space    used 2846K, capacity 3048K, committed 3072K, reserved 1048576K
}
Event: 9.091 GC heap before
{Heap before GC invocations=9 (full 1):
 PSYoungGen      total 72704K, used 61952K [0x00000000d5580000, 0x00000000de280000, 0x0000000100000000)
  eden space 61952K, 100% used [0x00000000d5580000,0x00000000d9200000,0x00000000d9200000)
  from space 10752K, 0% used [0x00000000d9200000,0x00000000d9200000,0x00000000d9c80000)
  to   space 10240K, 0% used [0x00000000dd880000,0x00000000dd880000,0x00000000de280000)
 ParOldGen       total 47616K, used 7535K [0x0000000080000000, 0x0000000082e80000, 0x00000000d5580000)
  object space 47616K, 15% used [0x0000000080000000,0x000000008075bf78,0x0000000082e80000)
 Metaspace       used 27588K, capacity 28446K, committed 28672K, reserved 1073152K
  class space    used 3791K, capacity 4035K, committed 4096K, reserved 1048576K
Event: 9.103 GC heap after
Heap after GC invocations=9 (full 1):
 PSYoungGen      total 121344K, used 7246K [0x00000000d5580000, 0x00000000de000000, 0x0000000100000000)
  eden space 113664K, 0% used [0x00000000d5580000,0x00000000d5580000,0x00000000dc480000)
  from space 7680K, 94% used [0x00000000dd880000,0x00000000ddf939d8,0x00000000de000000)
  to   space 10240K, 0% used [0x00000000dcc00000,0x00000000dcc00000,0x00000000dd600000)
 ParOldGen       total 47616K, used 7543K [0x0000000080000000, 0x0000000082e80000, 0x00000000d5580000)
  object space 47616K, 15% used [0x0000000080000000,0x000000008075df78,0x0000000082e80000)
 Metaspace       used 27588K, capacity 28446K, committed 28672K, reserved 1073152K
  class space    used 3791K, capacity 4035K, committed 4096K, reserved 1048576K
}
Event: 10.641 GC heap before
{Heap before GC invocations=10 (full 1):
 PSYoungGen      total 121344K, used 110134K [0x00000000d5580000, 0x00000000de000000, 0x0000000100000000)
  eden space 113664K, 90% used [0x00000000d5580000,0x00000000db9f9e80,0x00000000dc480000)
  from space 7680K, 94% used [0x00000000dd880000,0x00000000ddf939d8,0x00000000de000000)
  to   space 10240K, 0% used [0x00000000dcc00000,0x00000000dcc00000,0x00000000dd600000)
 ParOldGen       total 47616K, used 7543K [0x0000000080000000, 0x0000000082e80000, 0x00000000d5580000)
  object space 47616K, 15% used [0x0000000080000000,0x000000008075df78,0x0000000082e80000)
 Metaspace       used 34227K, capacity 35392K, committed 35416K, reserved 1079296K
  class space    used 4701K, capacity 4973K, committed 4992K, reserved 1048576K
Event: 10.671 GC heap after
Heap after GC invocations=10 (full 1):
 PSYoungGen      total 131584K, used 10237K [0x00000000d5580000, 0x00000000e1380000, 0x0000000100000000)
  eden space 121344K, 0% used [0x00000000d5580000,0x00000000d5580000,0x00000000dcc00000)
  from space 10240K, 99% used [0x00000000dcc00000,0x00000000dd5ff6a0,0x00000000dd600000)
  to   space 12288K, 0% used [0x00000000e0780000,0x00000000e0780000,0x00000000e1380000)
 ParOldGen       total 47616K, used 9103K [0x0000000080000000, 0x0000000082e80000, 0x00000000d5580000)
  object space 47616K, 19% used [0x0000000080000000,0x00000000808e3c70,0x0000000082e80000)
 Metaspace       used 34227K, capacity 35392K, committed 35416K, reserved 1079296K
  class space    used 4701K, capacity 4973K, committed 4992K, reserved 1048576K
}
Event: 10.671 GC heap before
{Heap before GC invocations=11 (full 2):
 PSYoungGen      total 131584K, used 10237K [0x00000000d5580000, 0x00000000e1380000, 0x0000000100000000)
  eden space 121344K, 0% used [0x00000000d5580000,0x00000000d5580000,0x00000000dcc00000)
  from space 10240K, 99% used [0x00000000dcc00000,0x00000000dd5ff6a0,0x00000000dd600000)
  to   space 12288K, 0% used [0x00000000e0780000,0x00000000e0780000,0x00000000e1380000)
 ParOldGen       total 47616K, used 9103K [0x0000000080000000, 0x0000000082e80000, 0x00000000d5580000)
  object space 47616K, 19% used [0x0000000080000000,0x00000000808e3c70,0x0000000082e80000)
 Metaspace       used 34227K, capacity 35392K, committed 35416K, reserved 1079296K
  class space    used 4701K, capacity 4973K, committed 4992K, reserved 1048576K
Event: 10.755 GC heap after
Heap after GC invocations=11 (full 2):
 PSYoungGen      total 131584K, used 0K [0x00000000d5580000, 0x00000000e1380000, 0x0000000100000000)
  eden space 121344K, 0% used [0x00000000d5580000,0x00000000d5580000,0x00000000dcc00000)
  from space 10240K, 0% used [0x00000000dcc00000,0x00000000dcc00000,0x00000000dd600000)
  to   space 12288K, 0% used [0x00000000e0780000,0x00000000e0780000,0x00000000e1380000)
 ParOldGen       total 73216K, used 18264K [0x0000000080000000, 0x0000000084780000, 0x00000000d5580000)
  object space 73216K, 24% used [0x0000000080000000,0x00000000811d6308,0x0000000084780000)
 Metaspace       used 34227K, capacity 35392K, committed 35416K, reserved 1079296K
  class space    used 4701K, capacity 4973K, committed 4992K, reserved 1048576K
}

Deoptimization events (10 events):
Event: 10.044 Thread 0x000000001a170000 Uncommon trap: reason=bimorphic action=maybe_recompile pc=0x000000000319a600 method=org.codehaus.groovy.runtime.metaclass.MetaMethodIndex.addMethodToList(Ljava/lang/Object;Lgroovy/lang/MetaMethod;)Ljava/lang/Object; @ 130
Event: 10.044 Thread 0x000000001a170000 Uncommon trap: reason=class_check action=maybe_recompile pc=0x000000000319a61c method=org.codehaus.groovy.runtime.metaclass.MetaMethodIndex.addMethodToList(Ljava/lang/Object;Lgroovy/lang/MetaMethod;)Ljava/lang/Object; @ 240
Event: 10.044 Thread 0x000000001a170000 Uncommon trap: reason=class_check action=maybe_recompile pc=0x000000000319a61c method=org.codehaus.groovy.runtime.metaclass.MetaMethodIndex.addMethodToList(Ljava/lang/Object;Lgroovy/lang/MetaMethod;)Ljava/lang/Object; @ 240
Event: 10.044 Thread 0x000000001a170000 Uncommon trap: reason=class_check action=maybe_recompile pc=0x000000000319a61c method=org.codehaus.groovy.runtime.metaclass.MetaMethodIndex.addMethodToList(Ljava/lang/Object;Lgroovy/lang/MetaMethod;)Ljava/lang/Object; @ 240
Event: 10.044 Thread 0x000000001a170000 Uncommon trap: reason=class_check action=maybe_recompile pc=0x000000000319a61c method=org.codehaus.groovy.runtime.metaclass.MetaMethodIndex.addMethodToList(Ljava/lang/Object;Lgroovy/lang/MetaMethod;)Ljava/lang/Object; @ 240
Event: 10.120 Thread 0x000000001a170000 Uncommon trap: reason=unstable_if action=reinterpret pc=0x00000000030adcbc method=org.codehaus.groovy.runtime.metaclass.MetaMethodIndex.addMethodToList(Ljava/lang/Object;Lgroovy/lang/MetaMethod;)Ljava/lang/Object; @ 226
Event: 10.218 Thread 0x000000001a170000 Uncommon trap: reason=range_check action=make_not_entrant pc=0x0000000003807f50 method=java.lang.String.charAt(I)C @ 27
Event: 10.423 Thread 0x000000001a170000 Uncommon trap: reason=unstable_if action=reinterpret pc=0x000000000319e358 method=java.net.URI.match(CJJ)Z @ 45
Event: 10.439 Thread 0x000000001a170000 Uncommon trap: reason=unstable_if action=reinterpret pc=0x0000000003189d20 method=java.net.URI.match(CJJ)Z @ 45
Event: 10.592 Thread 0x000000001a170000 Uncommon trap: reason=unstable_if action=reinterpret pc=0x00000000030974a0 method=java.net.URI.match(CJJ)Z @ 45

Classes redefined (0 events):
No events

Internal exceptions (10 events):
Event: 10.162 Thread 0x000000001a170000 Exception <a 'java/lang/ClassNotFoundException': org/gradle/api/internal/artifacts/dsl/DefaultRepositoryHandlerCustomizer> (0x00000000d9958098) thrown at [C:\src\AOSP-openjdk-git\hotspot\src\share\vm\classfile\systemDictionary.cpp, line 210]
Event: 10.166 Thread 0x000000001a170000 Exception <a 'java/lang/ClassNotFoundException': org/gradle/api/internal/artifacts/dsl/DefaultRepositoryHandler_DecoratedCustomizer> (0x00000000d99dba80) thrown at [C:\src\AOSP-openjdk-git\hotspot\src\share\vm\classfile\systemDictionary.cpp, line 210]
Event: 10.385 Thread 0x000000001a170000 Exception <a 'java/lang/ClassNotFoundException': org/gradle/api/internal/artifacts/dsl/dependencies/DefaultDependencyHandler_DecoratedBeanInfo> (0x00000000da7f63a0) thrown at [C:\src\AOSP-openjdk-git\hotspot\src\share\vm\classfile\systemDictionary.cpp, li
Event: 10.395 Thread 0x000000001a170000 Exception <a 'java/lang/ClassNotFoundException': org/gradle/api/internal/artifacts/dsl/dependencies/DefaultDependencyHandlerBeanInfo> (0x00000000da84ece0) thrown at [C:\src\AOSP-openjdk-git\hotspot\src\share\vm\classfile\systemDictionary.cpp, line 210]
Event: 10.397 Thread 0x000000001a170000 Exception <a 'java/lang/ClassNotFoundException': org/gradle/api/internal/artifacts/dsl/dependencies/DefaultDependencyHandlerCustomizer> (0x00000000da8a89b8) thrown at [C:\src\AOSP-openjdk-git\hotspot\src\share\vm\classfile\systemDictionary.cpp, line 210]
Event: 10.400 Thread 0x000000001a170000 Exception <a 'java/lang/ClassNotFoundException': org/gradle/api/internal/artifacts/dsl/dependencies/DefaultDependencyHandler_DecoratedCustomizer> (0x00000000da933718) thrown at [C:\src\AOSP-openjdk-git\hotspot\src\share\vm\classfile\systemDictionary.cpp, 
Event: 10.557 Thread 0x000000001a170000 Exception <a 'java/lang/NoSuchMethodError': java.lang.Object.lambda$static$0(Lorg/gradle/api/internal/artifacts/configurations/MutationValidator$MutationType;)V> (0x00000000db01c1d0) thrown at [C:\src\AOSP-openjdk-git\hotspot\src\share\vm\interpreter\link
Event: 10.826 Thread 0x000000001a170000 Exception <a 'java/lang/NoSuchMethodError': java.lang.Object.lambda$static$0(Lorg/gradle/internal/component/model/DependencyMetadata;)Lorg/gradle/api/internal/artifacts/ivyservice/dependencysubstitution/DependencySubstitutionApplicator$SubstitutionResult;
Event: 10.900 Thread 0x000000001a170000 Exception <a 'java/lang/IncompatibleClassChangeError': Found class java.lang.Object, but interface was expected> (0x00000000d60be538) thrown at [C:\src\AOSP-openjdk-git\hotspot\src\share\vm\interpreter\linkResolver.cpp, line 653]
Event: 10.902 Thread 0x000000001a170000 Exception <a 'java/lang/NoSuchMethodError': java.lang.Object.lambda$thenComparing$36697e65$1(Ljava/util/Comparator;Ljava/lang/Object;Ljava/lang/Object;)I> (0x00000000d60ca000) thrown at [C:\src\AOSP-openjdk-git\hotspot\src\share\vm\interpreter\linkResolve

Events (10 events):
Event: 10.897 loading class org/gradle/api/internal/artifacts/ivyservice/ivyresolve/strategy/Version
Event: 10.897 loading class org/gradle/api/internal/artifacts/ivyservice/ivyresolve/strategy/Version done
Event: 10.897 loading class org/gradle/api/internal/artifacts/ivyservice/ivyresolve/strategy/VersionParser
Event: 10.897 loading class org/gradle/api/internal/artifacts/ivyservice/ivyresolve/strategy/VersionParser done
Event: 10.898 loading class org/gradle/api/internal/artifacts/ivyservice/ivyresolve/strategy/VersionParser$DefaultVersion
Event: 10.898 loading class org/gradle/api/internal/artifacts/ivyservice/ivyresolve/strategy/VersionParser$DefaultVersion done
Event: 10.899 loading class java/util/Collections$ReverseComparator2
Event: 10.899 loading class java/util/Collections$ReverseComparator2 done
Event: 10.900 loading class org/gradle/api/internal/artifacts/ivyservice/resolveengine/graph/selectors/ResolvableSelectorState
Event: 10.900 loading class org/gradle/api/internal/artifacts/ivyservice/resolveengine/graph/selectors/ResolvableSelectorState done


Dynamic libraries:
0x00007ff77e000000 - 0x00007ff77e031000 	C:\Program Files\Android\Android Studio\jre\bin\java.exe
0x00007ffdf1fb0000 - 0x00007ffdf21a5000 	C:\WINDOWS\SYSTEM32\ntdll.dll
0x00007ffdf08b0000 - 0x00007ffdf096d000 	C:\WINDOWS\System32\KERNEL32.DLL
0x00007ffdef850000 - 0x00007ffdefb19000 	C:\WINDOWS\System32\KERNELBASE.dll
0x00007ffdf0ab0000 - 0x00007ffdf0b5c000 	C:\WINDOWS\System32\ADVAPI32.dll
0x00007ffdf0a10000 - 0x00007ffdf0aae000 	C:\WINDOWS\System32\msvcrt.dll
0x00007ffdf0970000 - 0x00007ffdf0a0c000 	C:\WINDOWS\System32\sechost.dll
0x00007ffdf01e0000 - 0x00007ffdf030b000 	C:\WINDOWS\System32\RPCRT4.dll
0x00007ffdf0650000 - 0x00007ffdf07f0000 	C:\WINDOWS\System32\USER32.dll
0x00007ffdefe20000 - 0x00007ffdefe42000 	C:\WINDOWS\System32\win32u.dll
0x00007ffdf0880000 - 0x00007ffdf08aa000 	C:\WINDOWS\System32\GDI32.dll
0x00007ffdefe50000 - 0x00007ffdeff5b000 	C:\WINDOWS\System32\gdi32full.dll
0x00007ffdefb20000 - 0x00007ffdefbbd000 	C:\WINDOWS\System32\msvcp_win.dll
0x00007ffdefd20000 - 0x00007ffdefe20000 	C:\WINDOWS\System32\ucrtbase.dll
0x00007ffdeea80000 - 0x00007ffdeed1a000 	C:\WINDOWS\WinSxS\amd64_microsoft.windows.common-controls_6595b64144ccf1df_6.0.19041.844_none_ca00b6081b84eb1d\COMCTL32.dll
0x00007ffdf0ca0000 - 0x00007ffdf0cd0000 	C:\WINDOWS\System32\IMM32.DLL
0x0000000071e70000 - 0x0000000071f42000 	C:\Program Files\Android\Android Studio\jre\jre\bin\msvcr100.dll
0x00000000728a0000 - 0x00000000730eb000 	C:\Program Files\Android\Android Studio\jre\jre\bin\server\jvm.dll
0x00007ffdf0cd0000 - 0x00007ffdf0cd8000 	C:\WINDOWS\System32\PSAPI.DLL
0x00007ffded880000 - 0x00007ffded889000 	C:\WINDOWS\SYSTEM32\WSOCK32.dll
0x00007ffdf0c30000 - 0x00007ffdf0c9b000 	C:\WINDOWS\System32\WS2_32.dll
0x00007ffddd670000 - 0x00007ffddd697000 	C:\WINDOWS\SYSTEM32\WINMM.dll
0x00007ffddd6a0000 - 0x00007ffddd6aa000 	C:\WINDOWS\SYSTEM32\VERSION.dll
0x00007ffdebe00000 - 0x00007ffdebe0f000 	C:\Program Files\Android\Android Studio\jre\jre\bin\verify.dll
0x00007ffddbd30000 - 0x00007ffddbd59000 	C:\Program Files\Android\Android Studio\jre\jre\bin\java.dll
0x00007ffde5ff0000 - 0x00007ffde6006000 	C:\Program Files\Android\Android Studio\jre\jre\bin\zip.dll
0x00007ffdf1820000 - 0x00007ffdf1f62000 	C:\WINDOWS\System32\SHELL32.dll
0x00007ffdecb60000 - 0x00007ffded2f0000 	C:\WINDOWS\SYSTEM32\windows.storage.dll
0x00007ffdf0e90000 - 0x00007ffdf11e5000 	C:\WINDOWS\System32\combase.dll
0x00007ffdeea10000 - 0x00007ffdeea3c000 	C:\WINDOWS\SYSTEM32\Wldp.dll
0x00007ffdf0310000 - 0x00007ffdf03be000 	C:\WINDOWS\System32\SHCORE.dll
0x00007ffdf05f0000 - 0x00007ffdf0645000 	C:\WINDOWS\System32\shlwapi.dll
0x00007ffdef630000 - 0x00007ffdef64f000 	C:\WINDOWS\SYSTEM32\profapi.dll
0x00007ffde22c0000 - 0x00007ffde22da000 	C:\Program Files\Android\Android Studio\jre\jre\bin\net.dll
0x00007ffdee790000 - 0x00007ffdee7fa000 	C:\WINDOWS\system32\mswsock.dll
0x00007ffddfdd0000 - 0x00007ffddfde3000 	C:\Program Files\Android\Android Studio\jre\jre\bin\nio.dll
0x00007ffdd1070000 - 0x00007ffdd1097000 	C:\Users\Kim mingi\.gradle\native\f6784746aeab05261644944871eae4fe03e0ef1612fff0a4a95f87b438bc6780\windows-amd64\native-platform.dll
0x00007ffde7ea0000 - 0x00007ffde7ead000 	C:\Program Files\Android\Android Studio\jre\jre\bin\management.dll
0x00007ffdef3b0000 - 0x00007ffdef3c8000 	C:\WINDOWS\SYSTEM32\CRYPTSP.dll
0x00007ffdee150000 - 0x00007ffdee184000 	C:\WINDOWS\system32\rsaenh.dll
0x00007ffdefbc0000 - 0x00007ffdefbe7000 	C:\WINDOWS\System32\bcrypt.dll
0x00007ffdef5a0000 - 0x00007ffdef5ce000 	C:\WINDOWS\SYSTEM32\USERENV.dll
0x00007ffdefca0000 - 0x00007ffdefd20000 	C:\WINDOWS\System32\bcryptprimitives.dll
0x00007ffdee850000 - 0x00007ffdee85c000 	C:\WINDOWS\SYSTEM32\CRYPTBASE.dll
0x00007ffdee480000 - 0x00007ffdee4bb000 	C:\WINDOWS\SYSTEM32\IPHLPAPI.DLL
0x00007ffdf0850000 - 0x00007ffdf0858000 	C:\WINDOWS\System32\NSI.dll
0x00007ffde25a0000 - 0x00007ffde25b7000 	C:\WINDOWS\SYSTEM32\dhcpcsvc6.DLL
0x00007ffde2790000 - 0x00007ffde27ad000 	C:\WINDOWS\SYSTEM32\dhcpcsvc.DLL
0x00007ffdee4c0000 - 0x00007ffdee58b000 	C:\WINDOWS\SYSTEM32\DNSAPI.dll
0x00007ffde71d0000 - 0x00007ffde71db000 	C:\WINDOWS\SYSTEM32\WINNSI.DLL

VM Arguments:
jvm_args: -Xmx2048m -Dfile.encoding=UTF-8 -Duser.country=KR -Duser.language=ko -Duser.variant 
java_command: org.gradle.launcher.daemon.bootstrap.GradleDaemon 6.5
java_class_path (initial): C:\Users\Kim mingi\.gradle\wrapper\dists\gradle-6.5-bin\6nifqtx7604sqp1q6g8wikw7p\gradle-6.5\lib\gradle-launcher-6.5.jar
Launcher Type: SUN_STANDARD

Environment Variables:
PATH=C:\Program Files\Common Files\Oracle\Java\javapath;C:\Program Files (x86)\Common Files\Intel\Shared Libraries\redist\intel64\compiler;C:\ProgramData\Oracle\Java\javapath;C:\WINDOWS\system32;C:\WINDOWS;C:\WINDOWS\System32\Wbem;C:\WINDOWS\System32\WindowsPowerShell\v1.0\;C:\WINDOWS\System32\OpenSSH\;C:\Users\Kim mingi\AppData\Local\Microsoft\WindowsApps;
USERNAME=Kim mingi
OS=Windows_NT
PROCESSOR_IDENTIFIER=Intel64 Family 6 Model 142 Stepping 9, GenuineIntel



---------------  S Y S T E M  ---------------

OS: Windows 10.0 , 64 bit Build 19041 (10.0.19041.804)

CPU:total 4 (initial active 4) (2 cores per cpu, 2 threads per core) family 6 model 142 stepping 9, cmov, cx8, fxsr, mmx, sse, sse2, sse3, ssse3, sse4.1, sse4.2, popcnt, avx, avx2, aes, clmul, erms, 3dnowpref, lzcnt, ht, tsc, tscinvbit, bmi1, bmi2, adx

Memory: 4k page, physical 8048852k(1012328k free), swap 33214676k(5632k free)

vm_info: OpenJDK 64-Bit Server VM (25.242-b01) for windows-amd64 JRE (1.8.0_242-release-1644-b01), built by "builder" with MS VC++ 10.0 (VS2010)

time: Thu Mar 25 21:14:33 2021
timezone: 대한민국 표준시
elapsed time: 10 seconds (0d 0h 0m 10s)

