#
# There is insufficient memory for the Java Runtime Environment to continue.
# Native memory allocation (malloc) failed to allocate 1577424 bytes for Chunk::new
# Possible reasons:
#   The system is out of physical RAM or swap space
#   The process is running with CompressedOops enabled, and the Java Heap may be blocking the growth of the native heap
# Possible solutions:
#   Reduce memory load on the system
#   Increase physical memory or swap space
#   Check if swap backing store is full
#   Decrease Java heap size (-Xmx/-Xms)
#   Decrease number of Java threads
#   Decrease Java thread stack sizes (-Xss)
#   Set larger code cache with -XX:ReservedCodeCacheSize=
#   JVM is running with Unscaled Compressed Oops mode in which the Java heap is
#     placed in the first 4GB address space. The Java Heap base address is the
#     maximum limit for the native heap growth. Please use -XX:HeapBaseMinAddress
#     to set the Java Heap base and to place the Java Heap above 4GB virtual address.
# This output file may be truncated or incomplete.
#
#  Out of Memory Error (allocation.cpp:389), pid=80820, tid=0x00000000000112fc
#
# JRE version: OpenJDK Runtime Environment (8.0_242-b01) (build 1.8.0_242-release-1644-b01)
# Java VM: OpenJDK 64-Bit Server VM (25.242-b01 mixed mode windows-amd64 compressed oops)
# Failed to write core dump. Minidumps are not enabled by default on client versions of Windows
#

---------------  T H R E A D  ---------------

Current thread (0x0000000019379000):  JavaThread "C2 CompilerThread1" daemon [_thread_in_native, id=70396, stack(0x0000000019a70000,0x0000000019b70000)]

Stack: [0x0000000019a70000,0x0000000019b70000]
[error occurred during error reporting (printing stack bounds), id 0xc0000005]

Native frames: (J=compiled Java code, j=interpreted, Vv=VM code, C=native code)


Current CompileTask:
C2: 848291 12010       4       org.gradle.internal.component.model.ComponentAttributeMatcher::match (259 bytes)


---------------  P R O C E S S  ---------------

Java Threads: ( => current thread )
  0x000000001ace9800 JavaThread "Cache worker for execution history cache (C:\Users\Kim mingi\AndroidStudioProjects\SafetyMapUlsanJungbu2\.gradle\6.5\executionHistory)" [_thread_blocked, id=91056, stack(0x000000002d8f0000,0x000000002d9f0000)]
  0x000000001ace6800 JavaThread "Execution worker for ':' Thread 3" [_thread_blocked, id=81288, stack(0x000000002d7f0000,0x000000002d8f0000)]
  0x000000001ace5800 JavaThread "Execution worker for ':' Thread 2" [_thread_blocked, id=90592, stack(0x000000002d6f0000,0x000000002d7f0000)]
  0x000000001ace8800 JavaThread "Execution worker for ':'" [_thread_blocked, id=6980, stack(0x000000002d5f0000,0x000000002d6f0000)]
  0x000000001c403800 JavaThread "Cache worker for file content cache (C:\Users\Kim mingi\AndroidStudioProjects\SafetyMapUlsanJungbu2\.gradle\6.5\fileContent)" [_thread_blocked, id=72680, stack(0x000000002b6c0000,0x000000002b7c0000)]
  0x0000000019523000 JavaThread "pool-5-thread-1" [_thread_blocked, id=64852, stack(0x000000002a500000,0x000000002a600000)]
  0x0000000019528000 JavaThread "Cache worker for Build Output Cleanup Cache (C:\Users\Kim mingi\AndroidStudioProjects\SafetyMapUlsanJungbu2\.gradle\buildOutputCleanup)" [_thread_blocked, id=87480, stack(0x0000000028f00000,0x0000000029000000)]
  0x0000000019525000 JavaThread "jar transforms Thread 276" [_thread_blocked, id=75900, stack(0x0000000028c00000,0x0000000028d00000)]
  0x0000000019523800 JavaThread "jar transforms Thread 275" [_thread_blocked, id=78276, stack(0x0000000028b00000,0x0000000028c00000)]
  0x0000000019524800 JavaThread "jar transforms Thread 274" [_thread_blocked, id=90376, stack(0x0000000028a00000,0x0000000028b00000)]
  0x0000000019527800 JavaThread "jar transforms Thread 273" [_thread_blocked, id=82252, stack(0x0000000028900000,0x0000000028a00000)]
  0x0000000019529000 JavaThread "jar transforms Thread 272" [_thread_blocked, id=83440, stack(0x0000000028800000,0x0000000028900000)]
  0x0000000019526800 JavaThread "jar transforms Thread 271" [_thread_blocked, id=51520, stack(0x0000000028700000,0x0000000028800000)]
  0x0000000019522000 JavaThread "jar transforms Thread 270" [_thread_blocked, id=40696, stack(0x0000000028600000,0x0000000028700000)]
  0x000000001951f000 JavaThread "jar transforms Thread 269" [_thread_blocked, id=87224, stack(0x0000000028500000,0x0000000028600000)]
  0x0000000019526000 JavaThread "jar transforms Thread 268" [_thread_blocked, id=83976, stack(0x0000000028400000,0x0000000028500000)]
  0x0000000019521000 JavaThread "jar transforms Thread 267" [_thread_blocked, id=70832, stack(0x0000000028300000,0x0000000028400000)]
  0x000000001951d800 JavaThread "jar transforms Thread 266" [_thread_blocked, id=72796, stack(0x0000000028200000,0x0000000028300000)]
  0x000000001951a800 JavaThread "jar transforms Thread 265" [_thread_blocked, id=67468, stack(0x0000000028100000,0x0000000028200000)]
  0x000000001951e000 JavaThread "jar transforms Thread 264" [_thread_blocked, id=20468, stack(0x0000000028000000,0x0000000028100000)]
  0x0000000019519800 JavaThread "jar transforms Thread 263" [_thread_blocked, id=40220, stack(0x0000000027f00000,0x0000000028000000)]
  0x0000000019520800 JavaThread "jar transforms Thread 262" [_thread_blocked, id=76152, stack(0x0000000027e00000,0x0000000027f00000)]
  0x000000001951c800 JavaThread "jar transforms Thread 261" [_thread_blocked, id=71288, stack(0x0000000027d00000,0x0000000027e00000)]
  0x000000001951c000 JavaThread "jar transforms Thread 260" [_thread_blocked, id=80824, stack(0x0000000027c00000,0x0000000027d00000)]
  0x000000001951f800 JavaThread "jar transforms Thread 259" [_thread_blocked, id=89536, stack(0x0000000027b00000,0x0000000027c00000)]
  0x000000001951b000 JavaThread "jar transforms Thread 258" [_thread_blocked, id=90140, stack(0x0000000027a00000,0x0000000027b00000)]
  0x000000001c1e8800 JavaThread "jar transforms Thread 257" [_thread_blocked, id=76768, stack(0x0000000027900000,0x0000000027a00000)]
  0x000000001c1e7000 JavaThread "jar transforms Thread 256" [_thread_blocked, id=79244, stack(0x0000000027800000,0x0000000027900000)]
  0x000000001c1e9000 JavaThread "jar transforms Thread 255" [_thread_blocked, id=90976, stack(0x0000000027700000,0x0000000027800000)]
  0x000000001c1e6000 JavaThread "jar transforms Thread 254" [_thread_blocked, id=88792, stack(0x0000000027600000,0x0000000027700000)]
  0x000000001c1eb800 JavaThread "jar transforms Thread 253" [_thread_blocked, id=88284, stack(0x0000000027500000,0x0000000027600000)]
  0x000000001c1ea000 JavaThread "jar transforms Thread 252" [_thread_blocked, id=76920, stack(0x0000000027400000,0x0000000027500000)]
  0x000000001c1e7800 JavaThread "jar transforms Thread 251" [_thread_blocked, id=76148, stack(0x0000000027300000,0x0000000027400000)]
  0x000000001c1ea800 JavaThread "jar transforms Thread 250" [_thread_blocked, id=88376, stack(0x0000000027200000,0x0000000027300000)]
  0x000000001c1ec000 JavaThread "jar transforms Thread 249" [_thread_blocked, id=87240, stack(0x0000000027100000,0x0000000027200000)]
  0x000000001c1e5800 JavaThread "jar transforms Thread 248" [_thread_blocked, id=84084, stack(0x0000000027000000,0x0000000027100000)]
  0x000000001f517800 JavaThread "jar transforms Thread 247" [_thread_blocked, id=19476, stack(0x0000000026f00000,0x0000000027000000)]
  0x000000001f510000 JavaThread "jar transforms Thread 246" [_thread_blocked, id=90744, stack(0x0000000026e00000,0x0000000026f00000)]
  0x000000001f511000 JavaThread "jar transforms Thread 245" [_thread_blocked, id=51532, stack(0x0000000026d00000,0x0000000026e00000)]
  0x000000001f517000 JavaThread "jar transforms Thread 244" [_thread_blocked, id=83088, stack(0x0000000026c00000,0x0000000026d00000)]
  0x000000001f516000 JavaThread "jar transforms Thread 243" [_thread_blocked, id=31188, stack(0x0000000026b00000,0x0000000026c00000)]
  0x000000001f514000 JavaThread "jar transforms Thread 242" [_thread_blocked, id=77160, stack(0x0000000026a00000,0x0000000026b00000)]
  0x000000001f50e800 JavaThread "jar transforms Thread 241" [_thread_blocked, id=85904, stack(0x0000000026900000,0x0000000026a00000)]
  0x000000001f514800 JavaThread "jar transforms Thread 240" [_thread_blocked, id=77360, stack(0x0000000026800000,0x0000000026900000)]
  0x000000001f511800 JavaThread "jar transforms Thread 239" [_thread_blocked, id=77192, stack(0x0000000026700000,0x0000000026800000)]
  0x000000001f512800 JavaThread "jar transforms Thread 238" [_thread_blocked, id=73244, stack(0x0000000026600000,0x0000000026700000)]
  0x000000001f513000 JavaThread "jar transforms Thread 237" [_thread_blocked, id=89272, stack(0x0000000026500000,0x0000000026600000)]
  0x000000001f515800 JavaThread "jar transforms Thread 236" [_thread_blocked, id=82328, stack(0x0000000026400000,0x0000000026500000)]
  0x000000001f50a000 JavaThread "jar transforms Thread 235" [_thread_blocked, id=88248, stack(0x0000000026300000,0x0000000026400000)]
  0x000000001f50e000 JavaThread "jar transforms Thread 234" [_thread_blocked, id=80640, stack(0x0000000026200000,0x0000000026300000)]
  0x000000001f508800 JavaThread "jar transforms Thread 233" [_thread_blocked, id=90536, stack(0x0000000026100000,0x0000000026200000)]
  0x000000001f50f800 JavaThread "jar transforms Thread 232" [_thread_blocked, id=84092, stack(0x0000000026000000,0x0000000026100000)]
  0x000000001f50d000 JavaThread "jar transforms Thread 231" [_thread_blocked, id=84392, stack(0x0000000025f00000,0x0000000026000000)]
  0x000000001f509800 JavaThread "jar transforms Thread 230" [_thread_blocked, id=76796, stack(0x0000000025e00000,0x0000000025f00000)]
  0x000000001f50b800 JavaThread "jar transforms Thread 229" [_thread_blocked, id=10684, stack(0x0000000025d00000,0x0000000025e00000)]
  0x000000001f50c800 JavaThread "jar transforms Thread 228" [_thread_blocked, id=51480, stack(0x0000000025c00000,0x0000000025d00000)]
  0x000000001f50b000 JavaThread "jar transforms Thread 227" [_thread_blocked, id=90784, stack(0x0000000025b00000,0x0000000025c00000)]
  0x000000001a96b800 JavaThread "jar transforms Thread 226" [_thread_blocked, id=76928, stack(0x0000000025a00000,0x0000000025b00000)]
  0x000000001a96a800 JavaThread "jar transforms Thread 225" [_thread_blocked, id=90116, stack(0x0000000025900000,0x0000000025a00000)]
  0x000000001a96c000 JavaThread "jar transforms Thread 224" [_thread_blocked, id=46044, stack(0x0000000025800000,0x0000000025900000)]
  0x000000001a969000 JavaThread "jar transforms Thread 223" [_thread_blocked, id=72472, stack(0x0000000025700000,0x0000000025800000)]
  0x000000001a96a000 JavaThread "jar transforms Thread 222" [_thread_blocked, id=64708, stack(0x0000000025600000,0x0000000025700000)]
  0x000000001a96f000 JavaThread "jar transforms Thread 221" [_thread_blocked, id=88300, stack(0x0000000025500000,0x0000000025600000)]
  0x000000001a96d000 JavaThread "jar transforms Thread 220" [_thread_blocked, id=45556, stack(0x0000000025400000,0x0000000025500000)]
  0x00000000195f4800 JavaThread "jar transforms Thread 219" [_thread_blocked, id=90716, stack(0x0000000025300000,0x0000000025400000)]
  0x00000000195f1800 JavaThread "jar transforms Thread 218" [_thread_blocked, id=84708, stack(0x0000000025200000,0x0000000025300000)]
  0x00000000195f2000 JavaThread "jar transforms Thread 217" [_thread_blocked, id=80008, stack(0x0000000025100000,0x0000000025200000)]
  0x00000000195f3000 JavaThread "jar transforms Thread 216" [_thread_blocked, id=34704, stack(0x0000000025000000,0x0000000025100000)]
  0x00000000195f0800 JavaThread "jar transforms Thread 215" [_thread_blocked, id=89364, stack(0x0000000024f00000,0x0000000025000000)]
  0x00000000195f0000 JavaThread "jar transforms Thread 214" [_thread_blocked, id=70772, stack(0x0000000024e00000,0x0000000024f00000)]
  0x00000000195ef000 JavaThread "jar transforms Thread 213" [_thread_blocked, id=72480, stack(0x0000000024d00000,0x0000000024e00000)]
  0x00000000195f3800 JavaThread "jar transforms Thread 212" [_thread_blocked, id=86264, stack(0x00000000249d0000,0x0000000024ad0000)]
  0x00000000195ee800 JavaThread "jar transforms Thread 211" [_thread_blocked, id=67500, stack(0x00000000248d0000,0x00000000249d0000)]
  0x00000000195e7000 JavaThread "jar transforms Thread 210" [_thread_blocked, id=87460, stack(0x00000000247d0000,0x00000000248d0000)]
  0x00000000195ed000 JavaThread "jar transforms Thread 209" [_thread_blocked, id=89072, stack(0x00000000246d0000,0x00000000247d0000)]
  0x00000000195ec000 JavaThread "jar transforms Thread 208" [_thread_blocked, id=43020, stack(0x00000000245d0000,0x00000000246d0000)]
  0x00000000195e7800 JavaThread "jar transforms Thread 207" [_thread_blocked, id=32788, stack(0x00000000244d0000,0x00000000245d0000)]
  0x00000000195e9000 JavaThread "jar transforms Thread 206" [_thread_blocked, id=84792, stack(0x0000000023f70000,0x0000000024070000)]
  0x00000000195e8800 JavaThread "jar transforms Thread 205" [_thread_blocked, id=19952, stack(0x0000000023850000,0x0000000023950000)]
  0x000000001960f800 JavaThread "jar transforms Thread 204" [_thread_blocked, id=84416, stack(0x0000000022d50000,0x0000000022e50000)]
  0x000000001960f000 JavaThread "jar transforms Thread 203" [_thread_blocked, id=76804, stack(0x0000000022a50000,0x0000000022b50000)]
  0x000000001960e000 JavaThread "jar transforms Thread 202" [_thread_blocked, id=83160, stack(0x0000000022950000,0x0000000022a50000)]
  0x000000001960d800 JavaThread "jar transforms Thread 201" [_thread_blocked, id=20780, stack(0x0000000022850000,0x0000000022950000)]
  0x000000001960a800 JavaThread "jar transforms Thread 200" [_thread_blocked, id=87676, stack(0x0000000022750000,0x0000000022850000)]
  0x000000001960c800 JavaThread "jar transforms Thread 199" [_thread_blocked, id=7664, stack(0x0000000022550000,0x0000000022650000)]
  0x0000000019609800 JavaThread "jar transforms Thread 198" [_thread_blocked, id=89824, stack(0x0000000022450000,0x0000000022550000)]
  0x0000000019610800 JavaThread "jar transforms Thread 197" [_thread_blocked, id=45700, stack(0x0000000022350000,0x0000000022450000)]
  0x000000001960c000 JavaThread "jar transforms Thread 196" [_thread_blocked, id=71296, stack(0x0000000022250000,0x0000000022350000)]
  0x000000001960b000 JavaThread "jar transforms Thread 195" [_thread_blocked, id=8920, stack(0x0000000022150000,0x0000000022250000)]
  0x0000000019602000 JavaThread "jar transforms Thread 194" [_thread_blocked, id=82692, stack(0x0000000022050000,0x0000000022150000)]
  0x0000000019609000 JavaThread "jar transforms Thread 193" [_thread_blocked, id=89668, stack(0x0000000021f50000,0x0000000022050000)]
  0x0000000019606800 JavaThread "jar transforms Thread 192" [_thread_blocked, id=87108, stack(0x0000000021e50000,0x0000000021f50000)]
  0x0000000019607800 JavaThread "jar transforms Thread 191" [_thread_blocked, id=90824, stack(0x0000000021d50000,0x0000000021e50000)]
  0x0000000019601000 JavaThread "jar transforms Thread 190" [_thread_blocked, id=90548, stack(0x0000000021c50000,0x0000000021d50000)]
  0x0000000019606000 JavaThread "jar transforms Thread 189" [_thread_blocked, id=78824, stack(0x0000000021b50000,0x0000000021c50000)]
  0x0000000019603000 JavaThread "jar transforms Thread 188" [_thread_blocked, id=86808, stack(0x0000000021a50000,0x0000000021b50000)]
  0x000000001c409000 JavaThread "jar transforms Thread 187" [_thread_blocked, id=84576, stack(0x0000000021950000,0x0000000021a50000)]
  0x000000001c408000 JavaThread "jar transforms Thread 186" [_thread_blocked, id=27572, stack(0x0000000021850000,0x0000000021950000)]
  0x000000001c406800 JavaThread "jar transforms Thread 185" [_thread_blocked, id=84976, stack(0x0000000021750000,0x0000000021850000)]
  0x000000001c40d800 JavaThread "Build operations Thread 4" [_thread_in_native, id=83112, stack(0x0000000021650000,0x0000000021750000)]
  0x000000001c40b000 JavaThread "Build operations Thread 3" [_thread_blocked, id=87608, stack(0x0000000021550000,0x0000000021650000)]
  0x000000001c40c800 JavaThread "Build operations Thread 2" [_thread_in_Java, id=89612, stack(0x0000000020200000,0x0000000020300000)]
  0x000000001c40c000 JavaThread "Build operations" [_thread_in_native, id=88068, stack(0x0000000020100000,0x0000000020200000)]
  0x000000001c40a800 JavaThread "Cache worker for cache directory md-rule (C:\Users\Kim mingi\.gradle\caches\6.5\md-rule)" [_thread_blocked, id=81544, stack(0x0000000020000000,0x0000000020100000)]
  0x000000001c406000 JavaThread "Cache worker for cache directory md-supplier (C:\Users\Kim mingi\.gradle\caches\6.5\md-supplier)" [_thread_blocked, id=84720, stack(0x000000001ff00000,0x0000000020000000)]
  0x000000001c409800 JavaThread "Cache worker for checksums cache (C:\Users\Kim mingi\AndroidStudioProjects\SafetyMapUlsanJungbu2\.gradle\checksums)" [_thread_blocked, id=72456, stack(0x000000001dbf0000,0x000000001dcf0000)]
  0x000000001c3ff000 JavaThread "Cache worker for file hash cache (C:\Users\Kim mingi\AndroidStudioProjects\SafetyMapUlsanJungbu2\.gradle\6.5\fileHashes)" [_thread_blocked, id=5052, stack(0x000000001d5f0000,0x000000001d6f0000)]
  0x000000001c403000 JavaThread "Thread-237" [_thread_blocked, id=18496, stack(0x000000001d2f0000,0x000000001d3f0000)]
  0x000000001c402000 JavaThread "Stdin handler" [_thread_blocked, id=34484, stack(0x000000001d1f0000,0x000000001d2f0000)]
  0x000000001c401800 JavaThread "Asynchronous log dispatcher for DefaultDaemonConnection: socket connection from /127.0.0.1:14002 to /127.0.0.1:14314" [_thread_in_native, id=30984, stack(0x000000001d0f0000,0x000000001d1f0000)]
  0x000000001c3fe800 JavaThread "Daemon worker Thread 3" [_thread_in_native, id=15692, stack(0x000000001cff0000,0x000000001d0f0000)]
  0x000000001c405000 JavaThread "Cancel handler" [_thread_blocked, id=71944, stack(0x0000000003100000,0x0000000003200000)]
  0x000000001c404800 JavaThread "Handler for socket connection from /127.0.0.1:14002 to /127.0.0.1:14314" [_thread_in_native, id=88260, stack(0x00000000012e0000,0x00000000013e0000)]
  0x000000001c400800 JavaThread "Daemon Thread 3" [_thread_blocked, id=29364, stack(0x00000000011e0000,0x00000000012e0000)]
  0x0000000019608000 JavaThread "Memory manager" [_thread_blocked, id=10652, stack(0x000000002a200000,0x000000002a300000)]
  0x00000000195ea000 JavaThread "Cache worker for file content cache (C:\Users\Kim mingi\.gradle\caches\6.5\fileContent)" [_thread_blocked, id=89660, stack(0x0000000023750000,0x0000000023850000)]
  0x00000000195e5800 JavaThread "Cache worker for execution history cache (C:\Users\Kim mingi\.gradle\caches\6.5\executionHistory)" [_thread_blocked, id=69660, stack(0x0000000023250000,0x0000000023350000)]
  0x000000001a968800 JavaThread "Cache worker for file hash cache (C:\Users\Kim mingi\.gradle\caches\6.5\fileHashes)" [_thread_blocked, id=78980, stack(0x000000001daf0000,0x000000001dbf0000)]
  0x000000001a96d800 JavaThread "File lock request listener" [_thread_in_native, id=33180, stack(0x000000001d9f0000,0x000000001daf0000)]
  0x000000001a96e800 JavaThread "Cache worker for journal cache (C:\Users\Kim mingi\.gradle\caches\journal-1)" [_thread_in_Java, id=75852, stack(0x000000001d8f0000,0x000000001d9f0000)]
  0x000000001a0d6000 JavaThread "Daemon periodic checks" [_thread_blocked, id=86292, stack(0x000000001ccf0000,0x000000001cdf0000)]
  0x000000001a021000 JavaThread "Incoming local TCP Connector on port 14002" [_thread_in_native, id=90772, stack(0x000000001cb10000,0x000000001cc10000)]
  0x000000001b6d7000 JavaThread "Daemon health stats" [_thread_blocked, id=86344, stack(0x000000001c810000,0x000000001c910000)]
  0x00000000193f7800 JavaThread "Service Thread" daemon [_thread_blocked, id=71824, stack(0x0000000019c70000,0x0000000019d70000)]
  0x0000000019380000 JavaThread "C1 CompilerThread2" daemon [_thread_blocked, id=62628, stack(0x0000000019b70000,0x0000000019c70000)]
=>0x0000000019379000 JavaThread "C2 CompilerThread1" daemon [_thread_in_native, id=70396, stack(0x0000000019a70000,0x0000000019b70000)]
  0x000000001807a800 JavaThread "C2 CompilerThread0" daemon [_thread_in_native, id=86632, stack(0x0000000019970000,0x0000000019a70000)]
  0x000000001802e800 JavaThread "Attach Listener" daemon [_thread_blocked, id=3524, stack(0x0000000019870000,0x0000000019970000)]
  0x0000000019378800 JavaThread "Signal Dispatcher" daemon [_thread_blocked, id=71888, stack(0x0000000019770000,0x0000000019870000)]
  0x00000000033fc000 JavaThread "Finalizer" daemon [_thread_blocked, id=85708, stack(0x0000000019270000,0x0000000019370000)]
  0x0000000018009000 JavaThread "Reference Handler" daemon [_thread_blocked, id=90660, stack(0x0000000019170000,0x0000000019270000)]
  0x0000000002d5e000 JavaThread "main" [_thread_blocked, id=84884, stack(0x0000000003200000,0x0000000003300000)]

Other Threads:
  0x0000000017fe6000 VMThread [stack: 0x0000000019070000,0x0000000019170000] [id=80000]
  0x00000000193f8000 WatcherThread [stack: 0x0000000019d70000,0x0000000019e70000] [id=73912]

VM state:not at safepoint (normal execution)

VM Mutex/Monitor currently owned by a thread: None

heap address: 0x0000000080000000, size: 2048 MB, Compressed Oops mode: 32-bit
Narrow klass base: 0x0000000000000000, Narrow klass shift: 3
Compressed class space size: 1073741824 Address: 0x0000000100000000

Heap:
 PSYoungGen      total 249344K, used 139732K [0x00000000d5580000, 0x00000000e6f00000, 0x0000000100000000)
  eden space 228352K, 52% used [0x00000000d5580000,0x00000000dc978590,0x00000000e3480000)
  from space 20992K, 99% used [0x00000000e4f00000,0x00000000e637cc28,0x00000000e6380000)
  to   space 27136K, 0% used [0x00000000e3480000,0x00000000e3480000,0x00000000e4f00000)
 ParOldGen       total 100864K, used 46134K [0x0000000080000000, 0x0000000086280000, 0x00000000d5580000)
  object space 100864K, 45% used [0x0000000080000000,0x0000000082d0d998,0x0000000086280000)
 Metaspace       used 88317K, capacity 92644K, committed 93016K, reserved 1130496K
  class space    used 11650K, capacity 12572K, committed 12672K, reserved 1048576K

Card table byte_map: [0x00000000127c0000,0x0000000012bd0000] byte_map_base: 0x00000000123c0000

Marking Bits: (ParMarkBitMap*) 0x000000007306f030
 Begin Bits: [0x0000000013280000, 0x0000000015280000)
 End Bits:   [0x0000000015280000, 0x0000000017280000)

Polling page: 0x0000000001480000

CodeCache: size=245760Kb used=34418Kb max_used=34428Kb free=211341Kb
 bounds [0x0000000003400000, 0x00000000055d0000, 0x0000000012400000]
 total_blobs=11244 nmethods=10364 adapters=792
 compilation: enabled

Compilation events (10 events):
Event: 848.233 Thread 0x000000001807a800 nmethod 12102 0x00000000055a42d0 code [0x00000000055a4420, 0x00000000055a44d8]
Event: 848.237 Thread 0x0000000019380000 12104       3       org.gradle.internal.execution.history.impl.DefaultPreviousExecutionStateSerializer::read (142 bytes)
Event: 848.238 Thread 0x0000000019380000 nmethod 12104 0x00000000055a8810 code [0x00000000055a8ae0, 0x00000000055a9e58]
Event: 848.239 Thread 0x0000000019380000 12103       3       org.gradle.internal.execution.history.impl.DefaultPreviousExecutionStateSerializer::read (6 bytes)
Event: 848.239 Thread 0x0000000019380000 nmethod 12103 0x00000000055a8450 code [0x00000000055a85c0, 0x00000000055a8768]
Event: 848.239 Thread 0x0000000019380000 12105       3       org.gradle.caching.internal.origin.OriginMetadata::<init> (15 bytes)
Event: 848.239 Thread 0x0000000019380000 nmethod 12105 0x00000000055a8050 code [0x00000000055a81a0, 0x00000000055a8370]
Event: 848.271 Thread 0x0000000019380000 12106       3       com.google.common.collect.ImmutableSortedMap::of (9 bytes)
Event: 848.272 Thread 0x0000000019380000 nmethod 12106 0x00000000055be2d0 code [0x00000000055be5a0, 0x00000000055bfb18]
Event: 848.273 Thread 0x000000001807a800 12107       4       org.gradle.internal.snapshot.impl.DirectorySnapshotter$PathVisitor::remapAbsolutePath (60 bytes)

GC Heap History (10 events):
Event: 17.625 GC heap before
{Heap before GC invocations=17 (full 2):
 PSYoungGen      total 162304K, used 29659K [0x00000000d5580000, 0x00000000e1480000, 0x0000000100000000)
  eden space 149504K, 11% used [0x00000000d5580000,0x00000000d65f8ad0,0x00000000de780000)
  from space 12800K, 99% used [0x00000000df800000,0x00000000e047e358,0x00000000e0480000)
  to   space 16896K, 0% used [0x00000000de780000,0x00000000de780000,0x00000000df800000)
 ParOldGen       total 67072K, used 25460K [0x0000000080000000, 0x0000000084180000, 0x00000000d5580000)
  object space 67072K, 37% used [0x0000000080000000,0x00000000818dd098,0x0000000084180000)
 Metaspace       used 56573K, capacity 58972K, committed 59028K, reserved 1099776K
  class space    used 7437K, capacity 7910K, committed 7936K, reserved 1048576K
Event: 17.640 GC heap after
Heap after GC invocations=17 (full 2):
 PSYoungGen      total 166400K, used 2044K [0x00000000d5580000, 0x00000000e4100000, 0x0000000100000000)
  eden space 149504K, 0% used [0x00000000d5580000,0x00000000d5580000,0x00000000de780000)
  from space 16896K, 12% used [0x00000000de780000,0x00000000de97f010,0x00000000df800000)
  to   space 16896K, 0% used [0x00000000e3080000,0x00000000e3080000,0x00000000e4100000)
 ParOldGen       total 67072K, used 33358K [0x0000000080000000, 0x0000000084180000, 0x00000000d5580000)
  object space 67072K, 49% used [0x0000000080000000,0x0000000082093ad8,0x0000000084180000)
 Metaspace       used 56573K, capacity 58972K, committed 59028K, reserved 1099776K
  class space    used 7437K, capacity 7910K, committed 7936K, reserved 1048576K
}
Event: 17.640 GC heap before
{Heap before GC invocations=18 (full 3):
 PSYoungGen      total 166400K, used 2044K [0x00000000d5580000, 0x00000000e4100000, 0x0000000100000000)
  eden space 149504K, 0% used [0x00000000d5580000,0x00000000d5580000,0x00000000de780000)
  from space 16896K, 12% used [0x00000000de780000,0x00000000de97f010,0x00000000df800000)
  to   space 16896K, 0% used [0x00000000e3080000,0x00000000e3080000,0x00000000e4100000)
 ParOldGen       total 67072K, used 33358K [0x0000000080000000, 0x0000000084180000, 0x00000000d5580000)
  object space 67072K, 49% used [0x0000000080000000,0x0000000082093ad8,0x0000000084180000)
 Metaspace       used 56573K, capacity 58972K, committed 59028K, reserved 1099776K
  class space    used 7437K, capacity 7910K, committed 7936K, reserved 1048576K
Event: 17.948 GC heap after
Heap after GC invocations=18 (full 3):
 PSYoungGen      total 166400K, used 0K [0x00000000d5580000, 0x00000000e4100000, 0x0000000100000000)
  eden space 149504K, 0% used [0x00000000d5580000,0x00000000d5580000,0x00000000de780000)
  from space 16896K, 0% used [0x00000000de780000,0x00000000de780000,0x00000000df800000)
  to   space 16896K, 0% used [0x00000000e3080000,0x00000000e3080000,0x00000000e4100000)
 ParOldGen       total 100864K, used 31200K [0x0000000080000000, 0x0000000086280000, 0x00000000d5580000)
  object space 100864K, 30% used [0x0000000080000000,0x0000000081e78300,0x0000000086280000)
 Metaspace       used 56515K, capacity 58832K, committed 59028K, reserved 1099776K
  class space    used 7422K, capacity 7892K, committed 7936K, reserved 1048576K
}
Event: 21.286 GC heap before
{Heap before GC invocations=19 (full 3):
 PSYoungGen      total 166400K, used 149504K [0x00000000d5580000, 0x00000000e4100000, 0x0000000100000000)
  eden space 149504K, 100% used [0x00000000d5580000,0x00000000de780000,0x00000000de780000)
  from space 16896K, 0% used [0x00000000de780000,0x00000000de780000,0x00000000df800000)
  to   space 16896K, 0% used [0x00000000e3080000,0x00000000e3080000,0x00000000e4100000)
 ParOldGen       total 100864K, used 31200K [0x0000000080000000, 0x0000000086280000, 0x00000000d5580000)
  object space 100864K, 30% used [0x0000000080000000,0x0000000081e78300,0x0000000086280000)
 Metaspace       used 65750K, capacity 68528K, committed 68568K, reserved 1107968K
  class space    used 8887K, capacity 9448K, committed 9472K, reserved 1048576K
Event: 21.323 GC heap after
Heap after GC invocations=19 (full 3):
 PSYoungGen      total 210944K, used 13693K [0x00000000d5580000, 0x00000000e3e00000, 0x0000000100000000)
  eden space 197120K, 0% used [0x00000000d5580000,0x00000000d5580000,0x00000000e1600000)
  from space 13824K, 99% used [0x00000000e3080000,0x00000000e3ddf538,0x00000000e3e00000)
  to   space 18432K, 0% used [0x00000000e1a00000,0x00000000e1a00000,0x00000000e2c00000)
 ParOldGen       total 100864K, used 31208K [0x0000000080000000, 0x0000000086280000, 0x00000000d5580000)
  object space 100864K, 30% used [0x0000000080000000,0x0000000081e7a300,0x0000000086280000)
 Metaspace       used 65750K, capacity 68528K, committed 68568K, reserved 1107968K
  class space    used 8887K, capacity 9448K, committed 9472K, reserved 1048576K
}
Event: 26.911 GC heap before
{Heap before GC invocations=20 (full 3):
 PSYoungGen      total 210944K, used 210813K [0x00000000d5580000, 0x00000000e3e00000, 0x0000000100000000)
  eden space 197120K, 100% used [0x00000000d5580000,0x00000000e1600000,0x00000000e1600000)
  from space 13824K, 99% used [0x00000000e3080000,0x00000000e3ddf538,0x00000000e3e00000)
  to   space 18432K, 0% used [0x00000000e1a00000,0x00000000e1a00000,0x00000000e2c00000)
 ParOldGen       total 100864K, used 31208K [0x0000000080000000, 0x0000000086280000, 0x00000000d5580000)
  object space 100864K, 30% used [0x0000000080000000,0x0000000081e7a300,0x0000000086280000)
 Metaspace       used 75651K, capacity 79114K, committed 79320K, reserved 1118208K
  class space    used 10274K, capacity 10988K, committed 11008K, reserved 1048576K
Event: 26.950 GC heap after
Heap after GC invocations=20 (full 3):
 PSYoungGen      total 219648K, used 17163K [0x00000000d5580000, 0x00000000e6380000, 0x0000000100000000)
  eden space 201216K, 0% used [0x00000000d5580000,0x00000000d5580000,0x00000000e1a00000)
  from space 18432K, 93% used [0x00000000e1a00000,0x00000000e2ac2df0,0x00000000e2c00000)
  to   space 20992K, 0% used [0x00000000e4f00000,0x00000000e4f00000,0x00000000e6380000)
 ParOldGen       total 100864K, used 38426K [0x0000000080000000, 0x0000000086280000, 0x00000000d5580000)
  object space 100864K, 38% used [0x0000000080000000,0x0000000082586a08,0x0000000086280000)
 Metaspace       used 75651K, capacity 79114K, committed 79320K, reserved 1118208K
  class space    used 10274K, capacity 10988K, committed 11008K, reserved 1048576K
}
Event: 747.760 GC heap before
{Heap before GC invocations=21 (full 3):
 PSYoungGen      total 219648K, used 218379K [0x00000000d5580000, 0x00000000e6380000, 0x0000000100000000)
  eden space 201216K, 100% used [0x00000000d5580000,0x00000000e1a00000,0x00000000e1a00000)
  from space 18432K, 93% used [0x00000000e1a00000,0x00000000e2ac2df0,0x00000000e2c00000)
  to   space 20992K, 0% used [0x00000000e4f00000,0x00000000e4f00000,0x00000000e6380000)
 ParOldGen       total 100864K, used 38426K [0x0000000080000000, 0x0000000086280000, 0x00000000d5580000)
  object space 100864K, 38% used [0x0000000080000000,0x0000000082586a08,0x0000000086280000)
 Metaspace       used 87135K, capacity 91250K, committed 91480K, reserved 1128448K
  class space    used 11527K, capacity 12371K, committed 12416K, reserved 1048576K
Event: 747.850 GC heap after
Heap after GC invocations=21 (full 3):
 PSYoungGen      total 249344K, used 20979K [0x00000000d5580000, 0x00000000e6f00000, 0x0000000100000000)
  eden space 228352K, 0% used [0x00000000d5580000,0x00000000d5580000,0x00000000e3480000)
  from space 20992K, 99% used [0x00000000e4f00000,0x00000000e637cc28,0x00000000e6380000)
  to   space 27136K, 0% used [0x00000000e3480000,0x00000000e3480000,0x00000000e4f00000)
 ParOldGen       total 100864K, used 46134K [0x0000000080000000, 0x0000000086280000, 0x00000000d5580000)
  object space 100864K, 45% used [0x0000000080000000,0x0000000082d0d998,0x0000000086280000)
 Metaspace       used 87135K, capacity 91250K, committed 91480K, reserved 1128448K
  class space    used 11527K, capacity 12371K, committed 12416K, reserved 1048576K
}

Deoptimization events (10 events):
Event: 847.544 Thread 0x000000001c3fe800 Uncommon trap: reason=bimorphic action=maybe_recompile pc=0x00000000052fd610 method=org.gradle.internal.snapshot.CompleteDirectorySnapshot.accept(Lorg/gradle/internal/snapshot/FileSystemSnapshotVisitor;)V @ 52
Event: 847.544 Thread 0x000000001c3fe800 Uncommon trap: reason=bimorphic action=maybe_recompile pc=0x00000000052fd610 method=org.gradle.internal.snapshot.CompleteDirectorySnapshot.accept(Lorg/gradle/internal/snapshot/FileSystemSnapshotVisitor;)V @ 52
Event: 847.545 Thread 0x000000001c3fe800 Uncommon trap: reason=bimorphic action=maybe_recompile pc=0x000000000534183c method=org.gradle.internal.Try$Success.map(Ljava/util/function/Function;)Lorg/gradle/internal/Try; @ 5
Event: 847.557 Thread 0x000000001c3fe800 Uncommon trap: reason=bimorphic action=maybe_recompile pc=0x000000000534183c method=org.gradle.internal.Try$Success.map(Ljava/util/function/Function;)Lorg/gradle/internal/Try; @ 5
Event: 847.570 Thread 0x000000001c3fe800 Uncommon trap: reason=bimorphic action=maybe_recompile pc=0x00000000052fd624 method=org.gradle.internal.snapshot.CompleteDirectorySnapshot.accept(Lorg/gradle/internal/snapshot/FileSystemSnapshotVisitor;)V @ 52
Event: 847.759 Thread 0x000000001c40c000 Uncommon trap: reason=class_check action=maybe_recompile pc=0x000000000389ab10 method=org.gradle.internal.component.model.ImmutableModuleSources.getSource(Ljava/lang/Class;)Ljava/util/Optional; @ 32
Event: 847.759 Thread 0x000000001c3fe800 Uncommon trap: reason=class_check action=maybe_recompile pc=0x000000000389ab10 method=org.gradle.internal.component.model.ImmutableModuleSources.getSource(Ljava/lang/Class;)Ljava/util/Optional; @ 32
Event: 847.759 Thread 0x000000001c40d800 Uncommon trap: reason=class_check action=maybe_recompile pc=0x000000000389ab10 method=org.gradle.internal.component.model.ImmutableModuleSources.getSource(Ljava/lang/Class;)Ljava/util/Optional; @ 32
Event: 847.763 Thread 0x000000001c40c800 Uncommon trap: reason=unstable_if action=reinterpret pc=0x0000000004d28c14 method=org.gradle.internal.snapshot.VfsRelativePath.lengthOfCommonPrefix(Ljava/lang/String;Lorg/gradle/internal/snapshot/CaseSensitivity;)I @ 165
Event: 848.006 Thread 0x000000001c40d800 Uncommon trap: reason=unstable_if action=reinterpret pc=0x0000000004aa1650 method=java.util.concurrent.ConcurrentLinkedQueue.updateHead(Ljava/util/concurrent/ConcurrentLinkedQueue$Node;Ljava/util/concurrent/ConcurrentLinkedQueue$Node;)V @ 11

Classes redefined (0 events):
No events

Internal exceptions (10 events):
Event: 847.044 Thread 0x000000001c3fe800 Exception <a 'sun/nio/fs/WindowsException'> (0x00000000da63f5c0) thrown at [C:\src\AOSP-openjdk-git\hotspot\src\share\vm\prims\jni.cpp, line 710]
Event: 847.082 Thread 0x000000001c3fe800 Exception <a 'java/lang/ClassNotFoundException': org/gradle/api/internal/file/collections/DefaultConfigurableFileTreeBeanInfo> (0x00000000da970958) thrown at [C:\src\AOSP-openjdk-git\hotspot\src\share\vm\classfile\systemDictionary.cpp, line 210]
Event: 847.083 Thread 0x000000001c3fe800 Exception <a 'java/lang/ClassNotFoundException': org/gradle/api/internal/file/CompositeFileTreeBeanInfo> (0x00000000da989e68) thrown at [C:\src\AOSP-openjdk-git\hotspot\src\share\vm\classfile\systemDictionary.cpp, line 210]
Event: 847.083 Thread 0x000000001c3fe800 Exception <a 'java/lang/ClassNotFoundException': org/gradle/api/internal/file/CompositeFileCollectionBeanInfo> (0x00000000da9a51f8) thrown at [C:\src\AOSP-openjdk-git\hotspot\src\share\vm\classfile\systemDictionary.cpp, line 210]
Event: 847.084 Thread 0x000000001c3fe800 Exception <a 'java/lang/ClassNotFoundException': org/gradle/api/internal/file/AbstractFileCollectionBeanInfo> (0x00000000da9c04c8) thrown at [C:\src\AOSP-openjdk-git\hotspot\src\share\vm\classfile\systemDictionary.cpp, line 210]
Event: 847.084 Thread 0x000000001c3fe800 Exception <a 'java/lang/ClassNotFoundException': org/gradle/api/internal/file/AbstractFileCollectionCustomizer> (0x00000000da9dbe98) thrown at [C:\src\AOSP-openjdk-git\hotspot\src\share\vm\classfile\systemDictionary.cpp, line 210]
Event: 847.085 Thread 0x000000001c3fe800 Exception <a 'java/lang/ClassNotFoundException': org/gradle/api/internal/file/CompositeFileCollectionCustomizer> (0x00000000daa08d68) thrown at [C:\src\AOSP-openjdk-git\hotspot\src\share\vm\classfile\systemDictionary.cpp, line 210]
Event: 847.087 Thread 0x000000001c3fe800 Exception <a 'java/lang/ClassNotFoundException': org/gradle/api/internal/file/CompositeFileTreeCustomizer> (0x00000000daa2f130) thrown at [C:\src\AOSP-openjdk-git\hotspot\src\share\vm\classfile\systemDictionary.cpp, line 210]
Event: 847.088 Thread 0x000000001c3fe800 Exception <a 'java/lang/ClassNotFoundException': org/gradle/api/internal/file/collections/DefaultConfigurableFileTreeCustomizer> (0x00000000daa5be40) thrown at [C:\src\AOSP-openjdk-git\hotspot\src\share\vm\classfile\systemDictionary.cpp, line 210]
Event: 847.485 Thread 0x000000001c403000 Exception <a 'java/lang/NoSuchMethodError': <clinit>> (0x00000000db1dc780) thrown at [C:\src\AOSP-openjdk-git\hotspot\src\share\vm\prims\jni.cpp, line 1615]

Events (10 events):
Event: 848.155 Executing VM operation: RevokeBias
Event: 848.156 Executing VM operation: RevokeBias done
Event: 848.233 Executing VM operation: RevokeBias
Event: 848.234 Executing VM operation: RevokeBias done
Event: 848.239 Executing VM operation: RevokeBias
Event: 848.239 Executing VM operation: RevokeBias done
Event: 848.242 Executing VM operation: RevokeBias
Event: 848.242 Executing VM operation: RevokeBias done
Event: 848.245 Executing VM operation: RevokeBias
Event: 848.246 Executing VM operation: RevokeBias done


Dynamic libraries:
0x00007ff7e0d70000 - 0x00007ff7e0da1000 	C:\Program Files\Android\Android Studio\jre\bin\java.exe
0x00007ffdf1fb0000 - 0x00007ffdf21a5000 	C:\WINDOWS\SYSTEM32\ntdll.dll
0x00007ffdf08b0000 - 0x00007ffdf096d000 	C:\WINDOWS\System32\KERNEL32.DLL
0x00007ffdef850000 - 0x00007ffdefb19000 	C:\WINDOWS\System32\KERNELBASE.dll
0x00007ffdf0ab0000 - 0x00007ffdf0b5c000 	C:\WINDOWS\System32\ADVAPI32.dll
0x00007ffdf0a10000 - 0x00007ffdf0aae000 	C:\WINDOWS\System32\msvcrt.dll
0x00007ffdf0970000 - 0x00007ffdf0a0c000 	C:\WINDOWS\System32\sechost.dll
0x00007ffdf01e0000 - 0x00007ffdf030b000 	C:\WINDOWS\System32\RPCRT4.dll
0x00007ffdf0650000 - 0x00007ffdf07f0000 	C:\WINDOWS\System32\USER32.dll
0x00007ffdefe20000 - 0x00007ffdefe42000 	C:\WINDOWS\System32\win32u.dll
0x00007ffdf0880000 - 0x00007ffdf08aa000 	C:\WINDOWS\System32\GDI32.dll
0x00007ffdefe50000 - 0x00007ffdeff5b000 	C:\WINDOWS\System32\gdi32full.dll
0x00007ffdefb20000 - 0x00007ffdefbbd000 	C:\WINDOWS\System32\msvcp_win.dll
0x00007ffdefd20000 - 0x00007ffdefe20000 	C:\WINDOWS\System32\ucrtbase.dll
0x00007ffdeea80000 - 0x00007ffdeed1a000 	C:\WINDOWS\WinSxS\amd64_microsoft.windows.common-controls_6595b64144ccf1df_6.0.19041.844_none_ca00b6081b84eb1d\COMCTL32.dll
0x00007ffdf0ca0000 - 0x00007ffdf0cd0000 	C:\WINDOWS\System32\IMM32.DLL
0x0000000071e70000 - 0x0000000071f42000 	C:\Program Files\Android\Android Studio\jre\jre\bin\msvcr100.dll
0x00000000728a0000 - 0x00000000730eb000 	C:\Program Files\Android\Android Studio\jre\jre\bin\server\jvm.dll
0x00007ffdf0cd0000 - 0x00007ffdf0cd8000 	C:\WINDOWS\System32\PSAPI.DLL
0x00007ffddd670000 - 0x00007ffddd697000 	C:\WINDOWS\SYSTEM32\WINMM.dll
0x00007ffded880000 - 0x00007ffded889000 	C:\WINDOWS\SYSTEM32\WSOCK32.dll
0x00007ffdf0c30000 - 0x00007ffdf0c9b000 	C:\WINDOWS\System32\WS2_32.dll
0x00007ffddd6a0000 - 0x00007ffddd6aa000 	C:\WINDOWS\SYSTEM32\VERSION.dll
0x00007ffde9b70000 - 0x00007ffde9b7f000 	C:\Program Files\Android\Android Studio\jre\jre\bin\verify.dll
0x00007ffddfa10000 - 0x00007ffddfa39000 	C:\Program Files\Android\Android Studio\jre\jre\bin\java.dll
0x00007ffddfac0000 - 0x00007ffddfad6000 	C:\Program Files\Android\Android Studio\jre\jre\bin\zip.dll
0x00007ffdf1820000 - 0x00007ffdf1f62000 	C:\WINDOWS\System32\SHELL32.dll
0x00007ffdecb60000 - 0x00007ffded2f0000 	C:\WINDOWS\SYSTEM32\windows.storage.dll
0x00007ffdf0e90000 - 0x00007ffdf11e5000 	C:\WINDOWS\System32\combase.dll
0x00007ffdeea10000 - 0x00007ffdeea3c000 	C:\WINDOWS\SYSTEM32\Wldp.dll
0x00007ffdf0310000 - 0x00007ffdf03be000 	C:\WINDOWS\System32\SHCORE.dll
0x00007ffdf05f0000 - 0x00007ffdf0645000 	C:\WINDOWS\System32\shlwapi.dll
0x00007ffdef630000 - 0x00007ffdef64f000 	C:\WINDOWS\SYSTEM32\profapi.dll
0x00007ffddf670000 - 0x00007ffddf68a000 	C:\Program Files\Android\Android Studio\jre\jre\bin\net.dll
0x00007ffdee790000 - 0x00007ffdee7fa000 	C:\WINDOWS\system32\mswsock.dll
0x00007ffde7b30000 - 0x00007ffde7b43000 	C:\Program Files\Android\Android Studio\jre\jre\bin\nio.dll
0x00007ffdd3600000 - 0x00007ffdd3627000 	C:\Users\Kim mingi\.gradle\native\f6784746aeab05261644944871eae4fe03e0ef1612fff0a4a95f87b438bc6780\windows-amd64\native-platform.dll
0x00007ffde7ea0000 - 0x00007ffde7ead000 	C:\Program Files\Android\Android Studio\jre\jre\bin\management.dll
0x00007ffdef3b0000 - 0x00007ffdef3c8000 	C:\WINDOWS\SYSTEM32\CRYPTSP.dll
0x00007ffdee150000 - 0x00007ffdee184000 	C:\WINDOWS\system32\rsaenh.dll
0x00007ffdefbc0000 - 0x00007ffdefbe7000 	C:\WINDOWS\System32\bcrypt.dll
0x00007ffdef5a0000 - 0x00007ffdef5ce000 	C:\WINDOWS\SYSTEM32\USERENV.dll
0x00007ffdefca0000 - 0x00007ffdefd20000 	C:\WINDOWS\System32\bcryptprimitives.dll
0x00007ffdee850000 - 0x00007ffdee85c000 	C:\WINDOWS\SYSTEM32\CRYPTBASE.dll
0x00007ffdee480000 - 0x00007ffdee4bb000 	C:\WINDOWS\SYSTEM32\IPHLPAPI.DLL
0x00007ffdf0850000 - 0x00007ffdf0858000 	C:\WINDOWS\System32\NSI.dll
0x00007ffde25a0000 - 0x00007ffde25b7000 	C:\WINDOWS\SYSTEM32\dhcpcsvc6.DLL
0x00007ffde2790000 - 0x00007ffde27ad000 	C:\WINDOWS\SYSTEM32\dhcpcsvc.DLL
0x00007ffdee4c0000 - 0x00007ffdee58b000 	C:\WINDOWS\SYSTEM32\DNSAPI.dll
0x00007ffde71d0000 - 0x00007ffde71db000 	C:\WINDOWS\SYSTEM32\WINNSI.DLL
0x00007ffdd8190000 - 0x00007ffdd81b4000 	C:\Program Files\Android\Android Studio\jre\jre\bin\sunec.dll
0x00007ffde79b0000 - 0x00007ffde79ba000 	C:\Windows\System32\rasadhlp.dll
0x00007ffddd880000 - 0x00007ffddd8ff000 	C:\WINDOWS\System32\fwpuclnt.dll
0x00007ffde7850000 - 0x00007ffde785b000 	C:\Program Files\Android\Android Studio\jre\jre\bin\sunmscapi.dll
0x00007ffdef6f0000 - 0x00007ffdef84f000 	C:\WINDOWS\System32\CRYPT32.dll

VM Arguments:
jvm_args: -Xmx2048m -Dfile.encoding=UTF-8 -Duser.country=KR -Duser.language=ko -Duser.variant 
java_command: org.gradle.launcher.daemon.bootstrap.GradleDaemon 6.5
java_class_path (initial): C:\Users\Kim mingi\.gradle\wrapper\dists\gradle-6.5-bin\6nifqtx7604sqp1q6g8wikw7p\gradle-6.5\lib\gradle-launcher-6.5.jar
Launcher Type: SUN_STANDARD

Environment Variables:
PATH=C:\Program Files\Common Files\Oracle\Java\javapath;C:\Program Files (x86)\Common Files\Intel\Shared Libraries\redist\intel64\compiler;C:\ProgramData\Oracle\Java\javapath;C:\WINDOWS\system32;C:\WINDOWS;C:\WINDOWS\System32\Wbem;C:\WINDOWS\System32\WindowsPowerShell\v1.0\;C:\WINDOWS\System32\OpenSSH\;C:\Users\Kim mingi\AppData\Local\Microsoft\WindowsApps;
USERNAME=Kim mingi
OS=Windows_NT
PROCESSOR_IDENTIFIER=Intel64 Family 6 Model 142 Stepping 9, GenuineIntel



---------------  S Y S T E M  ---------------

OS: Windows 10.0 , 64 bit Build 19041 (10.0.19041.804)

CPU:total 4 (initial active 4) (2 cores per cpu, 2 threads per core) family 6 model 142 stepping 9, cmov, cx8, fxsr, mmx, sse, sse2, sse3, ssse3, sse4.1, sse4.2, popcnt, avx, avx2, aes, clmul, erms, 3dnowpref, lzcnt, ht, tsc, tscinvbit, bmi1, bmi2, adx

Memory: 4k page, physical 8048852k(502528k free), swap 33214676k(10728k free)

vm_info: OpenJDK 64-Bit Server VM (25.242-b01) for windows-amd64 JRE (1.8.0_242-release-1644-b01), built by "builder" with MS VC++ 10.0 (VS2010)

time: Sun Mar 28 14:32:10 2021
timezone: 대한민국 표준시
elapsed time: 848 seconds (0d 0h 14m 8s)

