#
# A fatal error has been detected by the Java Runtime Environment:
#
#  EXCEPTION_ACCESS_VIOLATION (0xc0000005) at pc=0x0000000072a8fed7, pid=75460, tid=0x000000000000f8c4
#
# JRE version: OpenJDK Runtime Environment (8.0_242-b01) (build 1.8.0_242-release-1644-b01)
# Java VM: OpenJDK 64-Bit Server VM (25.242-b01 mixed mode windows-amd64 compressed oops)
# Problematic frame:
# V  [jvm.dll+0x1efed7]
#
# Failed to write core dump. Minidumps are not enabled by default on client versions of Windows
#
# If you would like to submit a bug report, please visit:
#   
#

---------------  T H R E A D  ---------------

Current thread (0x000000001b9d3000):  JavaThread "jar transforms Thread 76" [_thread_in_vm, id=63684, stack(0x0000000027020000,0x0000000027120000)]

siginfo: ExceptionCode=0xc0000005, writing address 0x0000000027119230

Registers:
RAX=0x0000000027119230, RBX=0x0000000000000007, RCX=0x0000000000006000, RDX=0x0000000000000006
RSP=0x000000002711f230, RBP=0x0000000000000000, RSI=0x000000002711f230, RDI=0x0000000000000007
R8 =0x0000000000000006, R9 =0x0000000019eaa3f0, R10=0x00000000171ee968, R11=0x000000002702a148
R12=0x00000000ffffffff, R13=0x000000001b9d3000, R14=0x000000001b9d3000, R15=0x00000000171ee968
RIP=0x0000000072a8fed7, EFLAGS=0x0000000000010206

Top of Stack: (sp=0x000000002711f230)
0x000000002711f230:   0000000000000000 0000000100006948
0x000000002711f240:   000000001b9d3000 00000000ffffffff
0x000000002711f250:   000000002711f2f8 0000000072a90eb7
0x000000002711f260:   000000002711f360 0000000019eaa3f0
0x000000002711f270:   00000000171ee968 000000007293be73
0x000000002711f280:   000000002711f2c0 000000001b9d3000
0x000000002711f290:   000000002711f350 000000001b9d3000
0x000000002711f2a0:   00000000171ee968 000000001b9d3000
0x000000002711f2b0:   0000000002f53920 000000001b9d3000
0x000000002711f2c0:   00000000171ee968 000000001b9d3000
0x000000002711f2d0:   00000000171ee968 000000001b9d3000
0x000000002711f2e0:   0000000000000001 00000000171ee968
0x000000002711f2f0:   000000001b9d3000 000000001e25c8c0
0x000000002711f300:   000000001b9d3000 000000007293d5dd
0x000000002711f310:   000000002711f618 0000000100006948
0x000000002711f320:   0000000100006948 0000000000000000 

Instructions: (pc=0x0000000072a8fed7)
0x0000000072a8feb7:   48 89 6c 24 30 33 ed 66 90 e8 4b d9 07 00 ff c3
0x0000000072a8fec7:   48 63 c8 48 8b c6 48 0f af cf 48 ff c7 48 2b c1
0x0000000072a8fed7:   89 28 48 63 c3 48 3b 05 65 b8 57 00 7e db 48 8b
0x0000000072a8fee7:   6c 24 30 48 8b 5c 24 38 48 8b 74 24 40 48 83 c4 


Register to memory mapping:

RAX=0x0000000027119230 is pointing into the stack for thread: 0x000000001b9d3000
RBX=0x0000000000000007 is an unknown value
RCX=0x0000000000006000 is an unknown value
RDX=0x0000000000000006 is an unknown value
RSP=0x000000002711f230 is pointing into the stack for thread: 0x000000001b9d3000
RBP=0x0000000000000000 is an unknown value
RSI=0x000000002711f230 is pointing into the stack for thread: 0x000000001b9d3000
RDI=0x0000000000000007 is an unknown value
R8 =0x0000000000000006 is an unknown value
R9 =0x0000000019eaa3f0 is an unknown value
R10={method} {0x00000000171ee970} 'run' '()V' in 'java/lang/Thread'
R11=0x000000002702a148 is pointing into the stack for thread: 0x000000001b9d3000
R12=0x00000000ffffffff is an unallocated location in the heap
R13=0x000000001b9d3000 is a thread
R14=0x000000001b9d3000 is a thread
R15={method} {0x00000000171ee970} 'run' '()V' in 'java/lang/Thread'


Stack: [0x0000000027020000,0x0000000027120000],  sp=0x000000002711f230,  free space=1020k
Native frames: (J=compiled Java code, j=interpreted, Vv=VM code, C=native code)


---------------  P R O C E S S  ---------------

Java Threads: ( => current thread )
  0x000000001f028800 JavaThread "jar transforms Thread 83" [_thread_in_vm, id=52844, stack(0x0000000027820000,0x0000000027920000)]
  0x000000001f023800 JavaThread "jar transforms Thread 82" [_thread_blocked, id=77980, stack(0x0000000027720000,0x0000000027820000)]
  0x000000001f027000 JavaThread "jar transforms Thread 81" [_thread_blocked, id=66712, stack(0x0000000027520000,0x0000000027620000)]
  0x000000001f024000 JavaThread "jar transforms Thread 80" [_thread_blocked, id=84000, stack(0x0000000027420000,0x0000000027520000)]
  0x000000001f025800 JavaThread "jar transforms Thread 79" [_thread_blocked, id=68156, stack(0x0000000027320000,0x0000000027420000)]
  0x000000001f026800 JavaThread "jar transforms Thread 78" [_thread_blocked, id=72360, stack(0x0000000027220000,0x0000000027320000)]
  0x000000001b9d4800 JavaThread "jar transforms Thread 77" [_thread_blocked, id=80912, stack(0x0000000027120000,0x0000000027220000)]
=>0x000000001b9d3000 JavaThread "jar transforms Thread 76" [_thread_in_vm, id=63684, stack(0x0000000027020000,0x0000000027120000)]
  0x000000001b9d7800 JavaThread "jar transforms Thread 75" [_thread_blocked, id=79024, stack(0x0000000026f20000,0x0000000027020000)]
  0x000000001b9d6800 JavaThread "jar transforms Thread 74" [_thread_blocked, id=83476, stack(0x0000000026e20000,0x0000000026f20000)]
  0x000000001b9d1800 JavaThread "jar transforms Thread 73" [_thread_blocked, id=84056, stack(0x0000000026d20000,0x0000000026e20000)]
  0x000000001b9d3800 JavaThread "jar transforms Thread 72" [_thread_blocked, id=85868, stack(0x0000000026c20000,0x0000000026d20000)]
  0x000000001b9d6000 JavaThread "jar transforms Thread 71" [_thread_blocked, id=80660, stack(0x0000000026b20000,0x0000000026c20000)]
  0x000000001b9d2000 JavaThread "jar transforms Thread 70" [_thread_blocked, id=85424, stack(0x0000000026a20000,0x0000000026b20000)]
  0x000000001b9d5000 JavaThread "jar transforms Thread 69" [_thread_blocked, id=85816, stack(0x0000000026920000,0x0000000026a20000)]
  0x000000001b9ca000 JavaThread "jar transforms Thread 68" [_thread_blocked, id=82140, stack(0x0000000026820000,0x0000000026920000)]
  0x000000001b9d0800 JavaThread "jar transforms Thread 67" [_thread_blocked, id=82280, stack(0x0000000026720000,0x0000000026820000)]
  0x000000001b9c9000 JavaThread "jar transforms Thread 66" [_thread_blocked, id=82760, stack(0x0000000026620000,0x0000000026720000)]
  0x000000001b9cd000 JavaThread "jar transforms Thread 65" [_thread_blocked, id=63988, stack(0x0000000026520000,0x0000000026620000)]
  0x000000001b9ce800 JavaThread "jar transforms Thread 64" [_thread_blocked, id=63396, stack(0x0000000026420000,0x0000000026520000)]
  0x000000001b9cd800 JavaThread "jar transforms Thread 63" [_thread_blocked, id=67808, stack(0x0000000026320000,0x0000000026420000)]
  0x000000001b9cc000 JavaThread "jar transforms Thread 62" [_thread_blocked, id=72552, stack(0x0000000026220000,0x0000000026320000)]
  0x000000001b9d0000 JavaThread "jar transforms Thread 61" [_thread_blocked, id=73268, stack(0x0000000026120000,0x0000000026220000)]
  0x000000001b9c8800 JavaThread "jar transforms Thread 60" [_thread_blocked, id=67052, stack(0x0000000026020000,0x0000000026120000)]
  0x000000001b9cb800 JavaThread "jar transforms Thread 59" [_thread_blocked, id=83796, stack(0x0000000025f20000,0x0000000026020000)]
  0x000000001b9cf000 JavaThread "jar transforms Thread 58" [_thread_blocked, id=70036, stack(0x0000000025e20000,0x0000000025f20000)]
  0x000000001b9ca800 JavaThread "jar transforms Thread 57" [_thread_blocked, id=67184, stack(0x0000000025d20000,0x0000000025e20000)]
  0x000000001a63e800 JavaThread "jar transforms Thread 56" [_thread_blocked, id=69108, stack(0x0000000025c20000,0x0000000025d20000)]
  0x000000001a63d000 JavaThread "jar transforms Thread 55" [_thread_blocked, id=84936, stack(0x0000000025b20000,0x0000000025c20000)]
  0x000000001a63c800 JavaThread "jar transforms Thread 54" [_thread_blocked, id=65916, stack(0x0000000025a20000,0x0000000025b20000)]
  0x000000001a63b800 JavaThread "jar transforms Thread 53" [_thread_blocked, id=85596, stack(0x0000000025920000,0x0000000025a20000)]
  0x000000001a63f800 JavaThread "jar transforms Thread 52" [_thread_blocked, id=72452, stack(0x0000000025820000,0x0000000025920000)]
  0x000000001a63e000 JavaThread "jar transforms Thread 51" [_thread_blocked, id=68520, stack(0x0000000025720000,0x0000000025820000)]
  0x000000001a634000 JavaThread "jar transforms Thread 50" [_thread_blocked, id=61552, stack(0x0000000025620000,0x0000000025720000)]
  0x000000001a63b000 JavaThread "jar transforms Thread 49" [_thread_blocked, id=50864, stack(0x0000000025520000,0x0000000025620000)]
  0x000000001a63a000 JavaThread "jar transforms Thread 48" [_thread_blocked, id=65564, stack(0x0000000025420000,0x0000000025520000)]
  0x000000001a639800 JavaThread "jar transforms Thread 47" [_thread_blocked, id=74900, stack(0x0000000025320000,0x0000000025420000)]
  0x000000001a633800 JavaThread "jar transforms Thread 46" [_thread_blocked, id=65956, stack(0x0000000025220000,0x0000000025320000)]
  0x000000001a636800 JavaThread "jar transforms Thread 45" [_thread_blocked, id=81172, stack(0x0000000025120000,0x0000000025220000)]
  0x000000001a638800 JavaThread "jar transforms Thread 44" [_thread_blocked, id=79028, stack(0x0000000025020000,0x0000000025120000)]
  0x000000001a631000 JavaThread "jar transforms Thread 43" [_thread_blocked, id=33968, stack(0x0000000024f20000,0x0000000025020000)]
  0x000000001a638000 JavaThread "jar transforms Thread 42" [_thread_blocked, id=70476, stack(0x0000000024e20000,0x0000000024f20000)]
  0x000000001a635800 JavaThread "jar transforms Thread 41" [_thread_blocked, id=76768, stack(0x0000000024d20000,0x0000000024e20000)]
  0x000000001a632800 JavaThread "jar transforms Thread 40" [_thread_blocked, id=77184, stack(0x0000000024c20000,0x0000000024d20000)]
  0x000000001a637000 JavaThread "jar transforms Thread 39" [_thread_blocked, id=80072, stack(0x0000000024b20000,0x0000000024c20000)]
  0x000000001a632000 JavaThread "jar transforms Thread 38" [_thread_blocked, id=40752, stack(0x0000000024a20000,0x0000000024b20000)]
  0x000000001a635000 JavaThread "jar transforms Thread 37" [_thread_blocked, id=27432, stack(0x0000000024920000,0x0000000024a20000)]
  0x000000001a630000 JavaThread "jar transforms Thread 36" [_thread_blocked, id=78908, stack(0x0000000024820000,0x0000000024920000)]
  0x000000001b5e5800 JavaThread "jar transforms Thread 35" [_thread_blocked, id=84412, stack(0x0000000024720000,0x0000000024820000)]
  0x000000001b5e4800 JavaThread "jar transforms Thread 34" [_thread_blocked, id=62964, stack(0x0000000024620000,0x0000000024720000)]
  0x000000001b5e2800 JavaThread "jar transforms Thread 33" [_thread_blocked, id=70916, stack(0x0000000024520000,0x0000000024620000)]
  0x000000001b5e3000 JavaThread "jar transforms Thread 32" [_thread_blocked, id=85476, stack(0x0000000024420000,0x0000000024520000)]
  0x000000001b5e1800 JavaThread "jar transforms Thread 31" [_thread_blocked, id=82132, stack(0x0000000024320000,0x0000000024420000)]
  0x000000001b5e4000 JavaThread "jar transforms Thread 30" [_thread_blocked, id=80048, stack(0x0000000024220000,0x0000000024320000)]
  0x000000001b5da000 JavaThread "jar transforms Thread 29" [_thread_blocked, id=71884, stack(0x0000000024120000,0x0000000024220000)]
  0x000000001b5e1000 JavaThread "jar transforms Thread 28" [_thread_blocked, id=80444, stack(0x0000000024020000,0x0000000024120000)]
  0x000000001b5db000 JavaThread "jar transforms Thread 27" [_thread_blocked, id=77736, stack(0x0000000023f20000,0x0000000024020000)]
  0x000000001b5d9800 JavaThread "jar transforms Thread 26" [_thread_blocked, id=70588, stack(0x0000000023e20000,0x0000000023f20000)]
  0x000000001b5df800 JavaThread "jar transforms Thread 25" [_thread_blocked, id=336, stack(0x0000000023d20000,0x0000000023e20000)]
  0x000000001b5e0000 JavaThread "jar transforms Thread 24" [_thread_blocked, id=73484, stack(0x0000000023c20000,0x0000000023d20000)]
  0x000000001b5de800 JavaThread "jar transforms Thread 23" [_thread_blocked, id=72548, stack(0x0000000023b20000,0x0000000023c20000)]
  0x000000001b5d7000 JavaThread "jar transforms Thread 22" [_thread_blocked, id=77728, stack(0x0000000023a20000,0x0000000023b20000)]
  0x000000001b5de000 JavaThread "jar transforms Thread 21" [_thread_blocked, id=69060, stack(0x0000000023920000,0x0000000023a20000)]
  0x000000001b5db800 JavaThread "jar transforms Thread 20" [_thread_blocked, id=54056, stack(0x0000000023820000,0x0000000023920000)]
  0x000000001b5dd000 JavaThread "jar transforms Thread 19" [_thread_blocked, id=82312, stack(0x0000000023720000,0x0000000023820000)]
  0x000000001b5d8000 JavaThread "jar transforms Thread 18" [_thread_blocked, id=76536, stack(0x0000000023620000,0x0000000023720000)]
  0x000000001b5dc800 JavaThread "jar transforms Thread 17" [_thread_blocked, id=65144, stack(0x0000000023520000,0x0000000023620000)]
  0x000000001b5d8800 JavaThread "jar transforms Thread 16" [_thread_blocked, id=74408, stack(0x0000000023420000,0x0000000023520000)]
  0x000000001b5d6800 JavaThread "jar transforms Thread 15" [_thread_blocked, id=84896, stack(0x0000000023320000,0x0000000023420000)]
  0x000000001adb5000 JavaThread "jar transforms Thread 14" [_thread_blocked, id=79564, stack(0x0000000023220000,0x0000000023320000)]
  0x000000001adb4000 JavaThread "jar transforms Thread 13" [_thread_blocked, id=85996, stack(0x0000000023120000,0x0000000023220000)]
  0x000000001adb2800 JavaThread "jar transforms Thread 12" [_thread_blocked, id=83908, stack(0x0000000023020000,0x0000000023120000)]
  0x000000001adb3800 JavaThread "jar transforms Thread 11" [_thread_blocked, id=84360, stack(0x0000000022f20000,0x0000000023020000)]
  0x000000001adb2000 JavaThread "jar transforms Thread 10" [_thread_blocked, id=52840, stack(0x0000000022d20000,0x0000000022e20000)]
  0x000000001adb1000 JavaThread "jar transforms Thread 9" [_thread_blocked, id=70528, stack(0x0000000022c20000,0x0000000022d20000)]
  0x000000001adb8000 JavaThread "jar transforms Thread 8" [_thread_blocked, id=81916, stack(0x0000000022b20000,0x0000000022c20000)]
  0x000000001adb0800 JavaThread "jar transforms Thread 7" [_thread_blocked, id=75584, stack(0x0000000022a20000,0x0000000022b20000)]
  0x000000001adb5800 JavaThread "jar transforms Thread 6" [_thread_blocked, id=84260, stack(0x0000000022920000,0x0000000022a20000)]
  0x000000001adb6800 JavaThread "jar transforms Thread 5" [_thread_blocked, id=65376, stack(0x0000000022820000,0x0000000022920000)]
  0x000000001adb7000 JavaThread "jar transforms Thread 4" [_thread_blocked, id=72068, stack(0x0000000022720000,0x0000000022820000)]
  0x000000001adaa800 JavaThread "jar transforms Thread 3" [_thread_blocked, id=84736, stack(0x0000000022620000,0x0000000022720000)]
  0x000000001ada9000 JavaThread "jar transforms Thread 2" [_thread_blocked, id=79308, stack(0x0000000022520000,0x0000000022620000)]
  0x000000001adad800 JavaThread "Build operations Thread 4" [_thread_blocked, id=79352, stack(0x0000000022420000,0x0000000022520000)]
  0x000000001adaf800 JavaThread "Build operations Thread 3" [_thread_blocked, id=82228, stack(0x0000000022320000,0x0000000022420000)]
  0x000000001adac800 JavaThread "Build operations Thread 2" [_thread_blocked, id=82920, stack(0x0000000022220000,0x0000000022320000)]
  0x000000001adae000 JavaThread "Build operations" [_thread_blocked, id=84508, stack(0x0000000022120000,0x0000000022220000)]
  0x0000000019d70800 JavaThread "Cache worker for file content cache (C:\Users\Kim mingi\.gradle\caches\6.5\fileContent)" [_thread_blocked, id=68936, stack(0x0000000021a20000,0x0000000021b20000)]
  0x0000000019d6c000 JavaThread "jar transforms" [_thread_blocked, id=75632, stack(0x0000000021920000,0x0000000021a20000)]
  0x0000000019d6f800 JavaThread "Cache worker for execution history cache (C:\Users\Kim mingi\.gradle\caches\6.5\executionHistory)" [_thread_blocked, id=82084, stack(0x0000000021220000,0x0000000021320000)]
  0x0000000019d6d800 JavaThread "Cache worker for cache directory md-rule (C:\Users\Kim mingi\.gradle\caches\6.5\md-rule)" [_thread_blocked, id=85536, stack(0x0000000021120000,0x0000000021220000)]
  0x0000000019d6f000 JavaThread "Cache worker for cache directory md-supplier (C:\Users\Kim mingi\.gradle\caches\6.5\md-supplier)" [_thread_blocked, id=77432, stack(0x000000001fd70000,0x000000001fe70000)]
  0x0000000019d6b000 JavaThread "Cache worker for checksums cache (C:\Users\Kim mingi\AndroidStudioProjects\SafetyMapUlsanJungbu2\.gradle\checksums)" [_thread_blocked, id=27668, stack(0x000000001ec10000,0x000000001ed10000)]
  0x0000000019d71000 JavaThread "Cache worker for file hash cache (C:\Users\Kim mingi\AndroidStudioProjects\SafetyMapUlsanJungbu2\.gradle\6.5\fileHashes)" [_thread_blocked, id=69036, stack(0x000000001e910000,0x000000001ea10000)]
  0x0000000019d6e000 JavaThread "Cache worker for file hash cache (C:\Users\Kim mingi\.gradle\caches\6.5\fileHashes)" [_thread_blocked, id=71736, stack(0x000000001d640000,0x000000001d740000)]
  0x0000000019d6c800 JavaThread "File lock request listener" [_thread_in_native, id=85272, stack(0x000000001d540000,0x000000001d640000)]
  0x000000001b531000 JavaThread "Cache worker for journal cache (C:\Users\Kim mingi\.gradle\caches\journal-1)" [_thread_blocked, id=10844, stack(0x000000001d440000,0x000000001d540000)]
  0x000000001a1a2000 JavaThread "Thread-9" [_thread_blocked, id=83564, stack(0x000000001d140000,0x000000001d240000)]
  0x0000000019e97800 JavaThread "Stdin handler" [_thread_blocked, id=81088, stack(0x000000001d040000,0x000000001d140000)]
  0x0000000019e9b800 JavaThread "Asynchronous log dispatcher for DefaultDaemonConnection: socket connection from /127.0.0.1:7096 to /127.0.0.1:7097" [_thread_blocked, id=85624, stack(0x000000001cf40000,0x000000001d040000)]
  0x0000000019ea5000 JavaThread "Daemon worker" [_thread_in_native, id=75828, stack(0x000000001ce40000,0x000000001cf40000)]
  0x0000000019ea8800 JavaThread "Cancel handler" [_thread_blocked, id=84892, stack(0x000000001cd40000,0x000000001ce40000)]
  0x000000001a02c800 JavaThread "Handler for socket connection from /127.0.0.1:7096 to /127.0.0.1:7097" [_thread_in_native, id=73816, stack(0x000000001cc40000,0x000000001cd40000)]
  0x000000001ae20800 JavaThread "Daemon" [_thread_blocked, id=77592, stack(0x000000001cb40000,0x000000001cc40000)]
  0x000000001ae0d800 JavaThread "Daemon periodic checks" [_thread_blocked, id=68324, stack(0x000000001c840000,0x000000001c940000)]
  0x000000001a2f4000 JavaThread "Incoming local TCP Connector on port 7096" [_thread_in_native, id=38880, stack(0x000000001c660000,0x000000001c760000)]
  0x000000001b496800 JavaThread "Daemon health stats" [_thread_blocked, id=77852, stack(0x000000001c360000,0x000000001c460000)]
  0x0000000018f2a800 JavaThread "Service Thread" daemon [_thread_blocked, id=83804, stack(0x00000000197c0000,0x00000000198c0000)]
  0x0000000018f0b800 JavaThread "C1 CompilerThread2" daemon [_thread_blocked, id=77348, stack(0x00000000196c0000,0x00000000197c0000)]
  0x0000000017bbd000 JavaThread "C2 CompilerThread1" daemon [_thread_blocked, id=82692, stack(0x00000000195c0000,0x00000000196c0000)]
  0x0000000017bb9800 JavaThread "C2 CompilerThread0" daemon [_thread_in_native, id=83724, stack(0x00000000194c0000,0x00000000195c0000)]
  0x0000000017b6d800 JavaThread "Attach Listener" daemon [_thread_blocked, id=79044, stack(0x00000000193c0000,0x00000000194c0000)]
  0x0000000018ec8800 JavaThread "Signal Dispatcher" daemon [_thread_blocked, id=73336, stack(0x00000000192c0000,0x00000000193c0000)]
  0x0000000002e35800 JavaThread "Finalizer" daemon [_thread_blocked, id=80616, stack(0x0000000018dc0000,0x0000000018ec0000)]
  0x0000000017b49000 JavaThread "Reference Handler" daemon [_thread_blocked, id=19268, stack(0x0000000018cc0000,0x0000000018dc0000)]
  0x0000000002f3e000 JavaThread "main" [_thread_blocked, id=70516, stack(0x0000000002860000,0x0000000002960000)]

Other Threads:
  0x0000000017b26000 VMThread [stack: 0x0000000018bc0000,0x0000000018cc0000] [id=67084]
  0x0000000018f2c000 WatcherThread [stack: 0x00000000198c0000,0x00000000199c0000] [id=83732]

VM state:not at safepoint (normal execution)

VM Mutex/Monitor currently owned by a thread: None

heap address: 0x0000000080000000, size: 2048 MB, Compressed Oops mode: 32-bit
Narrow klass base: 0x0000000000000000, Narrow klass shift: 3
Compressed class space size: 1073741824 Address: 0x0000000100000000

Heap:
 PSYoungGen      total 64000K, used 9282K [0x00000000d5580000, 0x00000000dad80000, 0x0000000100000000)
  eden space 54272K, 9% used [0x00000000d5580000,0x00000000d5aa6d78,0x00000000d8a80000)
  from space 9728K, 41% used [0x00000000d9400000,0x00000000d97e9d18,0x00000000d9d80000)
  to   space 9728K, 0% used [0x00000000d8a80000,0x00000000d8a80000,0x00000000d9400000)
 ParOldGen       total 49664K, used 13521K [0x0000000080000000, 0x0000000083080000, 0x00000000d5580000)
  object space 49664K, 27% used [0x0000000080000000,0x0000000080d34640,0x0000000083080000)
 Metaspace       used 36345K, capacity 37776K, committed 38104K, reserved 1081344K
  class space    used 4989K, capacity 5289K, committed 5376K, reserved 1048576K

Card table byte_map: [0x0000000012300000,0x0000000012710000] byte_map_base: 0x0000000011f00000

Marking Bits: (ParMarkBitMap*) 0x000000007306f030
 Begin Bits: [0x0000000012dc0000, 0x0000000014dc0000)
 End Bits:   [0x0000000014dc0000, 0x0000000016dc0000)

Polling page: 0x0000000002960000

CodeCache: size=245760Kb used=11211Kb max_used=11211Kb free=234548Kb
 bounds [0x0000000002f40000, 0x0000000003a40000, 0x0000000011f40000]
 total_blobs=3991 nmethods=3289 adapters=615
 compilation: enabled

Compilation events (10 events):
Event: 15.646 Thread 0x0000000018f0b800 3584       3       com.google.common.base.Equivalence::equivalent (24 bytes)
Event: 15.646 Thread 0x0000000018f0b800 nmethod 3584 0x0000000003a25590 code [0x0000000003a25700, 0x0000000003a259e8]
Event: 15.648 Thread 0x0000000017bbd000 nmethod 3583 0x0000000003a29cd0 code [0x0000000003a29e20, 0x0000000003a29fa8]
Event: 15.648 Thread 0x0000000017bbd000 3585       4       org.gradle.internal.snapshot.PathUtil::compareCharsIgnoringCase (46 bytes)
Event: 15.649 Thread 0x0000000018f0b800 3586       3       java.util.Optional::map (30 bytes)
Event: 15.650 Thread 0x0000000018f0b800 nmethod 3586 0x0000000003a26d10 code [0x0000000003a26f00, 0x0000000003a27848]
Event: 15.654 Thread 0x0000000017bbd000 nmethod 3585 0x0000000003a2bb90 code [0x0000000003a2bce0, 0x0000000003a2c038]
Event: 15.654 Thread 0x0000000018f0b800 3587       3       org.gradle.internal.snapshot.SearchUtil::binarySearch (160 bytes)
Event: 15.655 Thread 0x0000000018f0b800 nmethod 3587 0x0000000003a2afd0 code [0x0000000003a2b1a0, 0x0000000003a2b928]
Event: 15.658 Thread 0x0000000018f0b800 3588       3       java.util.regex.Pattern::clazz (405 bytes)

GC Heap History (10 events):
Event: 11.729 GC heap before
{Heap before GC invocations=12 (full 1):
 PSYoungGen      total 46592K, used 42969K [0x00000000d5580000, 0x00000000d8d80000, 0x0000000100000000)
  eden space 37888K, 100% used [0x00000000d5580000,0x00000000d7a80000,0x00000000d7a80000)
  from space 8704K, 58% used [0x00000000d8500000,0x00000000d89f6690,0x00000000d8d80000)
  to   space 9728K, 0% used [0x00000000d7a80000,0x00000000d7a80000,0x00000000d8400000)
 ParOldGen       total 49664K, used 8207K [0x0000000080000000, 0x0000000083080000, 0x00000000d5580000)
  object space 49664K, 16% used [0x0000000080000000,0x0000000080803f60,0x0000000083080000)
 Metaspace       used 32676K, capacity 33718K, committed 33920K, reserved 1079296K
  class space    used 4457K, capacity 4723K, committed 4736K, reserved 1048576K
Event: 11.737 GC heap after
Heap after GC invocations=12 (full 1):
 PSYoungGen      total 47616K, used 3790K [0x00000000d5580000, 0x00000000d9d80000, 0x0000000100000000)
  eden space 37888K, 0% used [0x00000000d5580000,0x00000000d5580000,0x00000000d7a80000)
  from space 9728K, 38% used [0x00000000d7a80000,0x00000000d7e338c0,0x00000000d8400000)
  to   space 9728K, 0% used [0x00000000d9400000,0x00000000d9400000,0x00000000d9d80000)
 ParOldGen       total 49664K, used 11615K [0x0000000080000000, 0x0000000083080000, 0x00000000d5580000)
  object space 49664K, 23% used [0x0000000080000000,0x0000000080b57ce0,0x0000000083080000)
 Metaspace       used 32676K, capacity 33718K, committed 33920K, reserved 1079296K
  class space    used 4457K, capacity 4723K, committed 4736K, reserved 1048576K
}
Event: 12.259 GC heap before
{Heap before GC invocations=13 (full 1):
 PSYoungGen      total 47616K, used 41678K [0x00000000d5580000, 0x00000000d9d80000, 0x0000000100000000)
  eden space 37888K, 100% used [0x00000000d5580000,0x00000000d7a80000,0x00000000d7a80000)
  from space 9728K, 38% used [0x00000000d7a80000,0x00000000d7e338c0,0x00000000d8400000)
  to   space 9728K, 0% used [0x00000000d9400000,0x00000000d9400000,0x00000000d9d80000)
 ParOldGen       total 49664K, used 11615K [0x0000000080000000, 0x0000000083080000, 0x00000000d5580000)
  object space 49664K, 23% used [0x0000000080000000,0x0000000080b57ce0,0x0000000083080000)
 Metaspace       used 34212K, capacity 35328K, committed 35416K, reserved 1079296K
  class space    used 4711K, capacity 4973K, committed 4992K, reserved 1048576K
Event: 12.268 GC heap after
Heap after GC invocations=13 (full 1):
 PSYoungGen      total 64000K, used 2662K [0x00000000d5580000, 0x00000000d9e00000, 0x0000000100000000)
  eden space 54272K, 0% used [0x00000000d5580000,0x00000000d5580000,0x00000000d8a80000)
  from space 9728K, 27% used [0x00000000d9400000,0x00000000d9699b38,0x00000000d9d80000)
  to   space 9728K, 0% used [0x00000000d8a80000,0x00000000d8a80000,0x00000000d9400000)
 ParOldGen       total 49664K, used 13043K [0x0000000080000000, 0x0000000083080000, 0x00000000d5580000)
  object space 49664K, 26% used [0x0000000080000000,0x0000000080cbcd00,0x0000000083080000)
 Metaspace       used 34212K, capacity 35328K, committed 35416K, reserved 1079296K
  class space    used 4711K, capacity 4973K, committed 4992K, reserved 1048576K
}
Event: 12.350 GC heap before
{Heap before GC invocations=14 (full 1):
 PSYoungGen      total 64000K, used 4966K [0x00000000d5580000, 0x00000000d9e00000, 0x0000000100000000)
  eden space 54272K, 4% used [0x00000000d5580000,0x00000000d57c0000,0x00000000d8a80000)
  from space 9728K, 27% used [0x00000000d9400000,0x00000000d9699b38,0x00000000d9d80000)
  to   space 9728K, 0% used [0x00000000d8a80000,0x00000000d8a80000,0x00000000d9400000)
 ParOldGen       total 49664K, used 13043K [0x0000000080000000, 0x0000000083080000, 0x00000000d5580000)
  object space 49664K, 26% used [0x0000000080000000,0x0000000080cbcd00,0x0000000083080000)
 Metaspace       used 34266K, capacity 35392K, committed 35416K, reserved 1079296K
  class space    used 4719K, capacity 4973K, committed 4992K, reserved 1048576K
Event: 12.354 GC heap after
Heap after GC invocations=14 (full 1):
 PSYoungGen      total 64000K, used 192K [0x00000000d5580000, 0x00000000d9e00000, 0x0000000100000000)
  eden space 54272K, 0% used [0x00000000d5580000,0x00000000d5580000,0x00000000d8a80000)
  from space 9728K, 1% used [0x00000000d8a80000,0x00000000d8ab0000,0x00000000d9400000)
  to   space 9728K, 0% used [0x00000000d9400000,0x00000000d9400000,0x00000000d9d80000)
 ParOldGen       total 49664K, used 14267K [0x0000000080000000, 0x0000000083080000, 0x00000000d5580000)
  object space 49664K, 28% used [0x0000000080000000,0x0000000080deed00,0x0000000083080000)
 Metaspace       used 34266K, capacity 35392K, committed 35416K, reserved 1079296K
  class space    used 4719K, capacity 4973K, committed 4992K, reserved 1048576K
}
Event: 12.354 GC heap before
{Heap before GC invocations=15 (full 2):
 PSYoungGen      total 64000K, used 192K [0x00000000d5580000, 0x00000000d9e00000, 0x0000000100000000)
  eden space 54272K, 0% used [0x00000000d5580000,0x00000000d5580000,0x00000000d8a80000)
  from space 9728K, 1% used [0x00000000d8a80000,0x00000000d8ab0000,0x00000000d9400000)
  to   space 9728K, 0% used [0x00000000d9400000,0x00000000d9400000,0x00000000d9d80000)
 ParOldGen       total 49664K, used 14267K [0x0000000080000000, 0x0000000083080000, 0x00000000d5580000)
  object space 49664K, 28% used [0x0000000080000000,0x0000000080deed00,0x0000000083080000)
 Metaspace       used 34266K, capacity 35392K, committed 35416K, reserved 1079296K
  class space    used 4719K, capacity 4973K, committed 4992K, reserved 1048576K
Event: 12.453 GC heap after
Heap after GC invocations=15 (full 2):
 PSYoungGen      total 64000K, used 0K [0x00000000d5580000, 0x00000000d9e00000, 0x0000000100000000)
  eden space 54272K, 0% used [0x00000000d5580000,0x00000000d5580000,0x00000000d8a80000)
  from space 9728K, 0% used [0x00000000d8a80000,0x00000000d8a80000,0x00000000d9400000)
  to   space 9728K, 0% used [0x00000000d9400000,0x00000000d9400000,0x00000000d9d80000)
 ParOldGen       total 49664K, used 13513K [0x0000000080000000, 0x0000000083080000, 0x00000000d5580000)
  object space 49664K, 27% used [0x0000000080000000,0x0000000080d32640,0x0000000083080000)
 Metaspace       used 34266K, capacity 35392K, committed 35416K, reserved 1079296K
  class space    used 4719K, capacity 4973K, committed 4992K, reserved 1048576K
}
Event: 15.580 GC heap before
{Heap before GC invocations=16 (full 2):
 PSYoungGen      total 64000K, used 54272K [0x00000000d5580000, 0x00000000d9e00000, 0x0000000100000000)
  eden space 54272K, 100% used [0x00000000d5580000,0x00000000d8a80000,0x00000000d8a80000)
  from space 9728K, 0% used [0x00000000d8a80000,0x00000000d8a80000,0x00000000d9400000)
  to   space 9728K, 0% used [0x00000000d9400000,0x00000000d9400000,0x00000000d9d80000)
 ParOldGen       total 49664K, used 13513K [0x0000000080000000, 0x0000000083080000, 0x00000000d5580000)
  object space 49664K, 27% used [0x0000000080000000,0x0000000080d32640,0x0000000083080000)
 Metaspace       used 36304K, capacity 37712K, committed 37848K, reserved 1081344K
  class space    used 4989K, capacity 5289K, committed 5376K, reserved 1048576K
Event: 15.585 GC heap after
Heap after GC invocations=16 (full 2):
 PSYoungGen      total 64000K, used 4007K [0x00000000d5580000, 0x00000000dad80000, 0x0000000100000000)
  eden space 54272K, 0% used [0x00000000d5580000,0x00000000d5580000,0x00000000d8a80000)
  from space 9728K, 41% used [0x00000000d9400000,0x00000000d97e9d18,0x00000000d9d80000)
  to   space 9728K, 0% used [0x00000000d8a80000,0x00000000d8a80000,0x00000000d9400000)
 ParOldGen       total 49664K, used 13521K [0x0000000080000000, 0x0000000083080000, 0x00000000d5580000)
  object space 49664K, 27% used [0x0000000080000000,0x0000000080d34640,0x0000000083080000)
 Metaspace       used 36304K, capacity 37712K, committed 37848K, reserved 1081344K
  class space    used 4989K, capacity 5289K, committed 5376K, reserved 1048576K
}

Deoptimization events (10 events):
Event: 11.037 Thread 0x0000000019ea5000 Uncommon trap: reason=unstable_if action=reinterpret pc=0x0000000003865e84 method=org.gradle.internal.reflect.PropertyAccessorType.isGetGetterName(Ljava/lang/String;)Z @ 14
Event: 11.058 Thread 0x0000000019ea5000 Uncommon trap: reason=unstable_if action=reinterpret pc=0x0000000003667d80 method=org.objectweb.asm.ByteVector.putShort(I)Lorg/objectweb/asm/ByteVector; @ 13
Event: 11.554 Thread 0x0000000019ea5000 Uncommon trap: reason=unstable_if action=reinterpret pc=0x00000000035bc2bc method=java.net.URLClassLoader.defineClass(Ljava/lang/String;Lsun/misc/Resource;)Ljava/lang/Class; @ 21
Event: 11.740 Thread 0x0000000019ea5000 Uncommon trap: reason=unstable_if action=reinterpret pc=0x0000000003252f48 method=org.codehaus.groovy.runtime.metaclass.MetaMethodIndex.addMethodToList(Ljava/lang/Object;Lgroovy/lang/MetaMethod;)Ljava/lang/Object; @ 226
Event: 11.770 Thread 0x0000000019ea5000 Uncommon trap: reason=class_check action=maybe_recompile pc=0x00000000036da950 method=java.util.WeakHashMap.eq(Ljava/lang/Object;Ljava/lang/Object;)Z @ 7
Event: 11.981 Thread 0x0000000019ea5000 Uncommon trap: reason=unstable_if action=reinterpret pc=0x0000000003219818 method=java.net.URI.match(CJJ)Z @ 45
Event: 12.021 Thread 0x0000000019ea5000 Uncommon trap: reason=unstable_if action=reinterpret pc=0x0000000003116660 method=java.net.URI.match(CJJ)Z @ 45
Event: 14.921 Thread 0x000000001adaf800 Uncommon trap: reason=unstable_if action=reinterpret pc=0x00000000034dc010 method=java.util.concurrent.ConcurrentHashMap.addCount(JI)V @ 34
Event: 14.921 Thread 0x0000000019ea5000 Uncommon trap: reason=unstable_if action=reinterpret pc=0x00000000034dc010 method=java.util.concurrent.ConcurrentHashMap.addCount(JI)V @ 34
Event: 14.967 Thread 0x000000001adaf800 Uncommon trap: reason=unstable_if action=reinterpret pc=0x000000000344c378 method=java.util.concurrent.ConcurrentHashMap.addCount(JI)V @ 7

Classes redefined (0 events):
No events

Internal exceptions (10 events):
Event: 11.950 Thread 0x0000000019ea5000 Exception <a 'java/lang/ClassNotFoundException': org/gradle/api/internal/artifacts/dsl/dependencies/DefaultDependencyHandler_DecoratedBeanInfo> (0x00000000d6b7ba10) thrown at [C:\src\AOSP-openjdk-git\hotspot\src\share\vm\classfile\systemDictionary.cpp, li
Event: 11.951 Thread 0x0000000019ea5000 Exception <a 'java/lang/ClassNotFoundException': org/gradle/api/internal/artifacts/dsl/dependencies/DefaultDependencyHandlerBeanInfo> (0x00000000d6bd4350) thrown at [C:\src\AOSP-openjdk-git\hotspot\src\share\vm\classfile\systemDictionary.cpp, line 210]
Event: 11.951 Thread 0x0000000019ea5000 Exception <a 'java/lang/ClassNotFoundException': org/gradle/api/internal/artifacts/dsl/dependencies/DefaultDependencyHandlerCustomizer> (0x00000000d6c2dfb8) thrown at [C:\src\AOSP-openjdk-git\hotspot\src\share\vm\classfile\systemDictionary.cpp, line 210]
Event: 11.955 Thread 0x0000000019ea5000 Exception <a 'java/lang/ClassNotFoundException': org/gradle/api/internal/artifacts/dsl/dependencies/DefaultDependencyHandler_DecoratedCustomizer> (0x00000000d6cb8ce8) thrown at [C:\src\AOSP-openjdk-git\hotspot\src\share\vm\classfile\systemDictionary.cpp, 
Event: 12.072 Thread 0x0000000019ea5000 Exception <a 'java/lang/NoSuchMethodError': java.lang.Object.lambda$static$0(Lorg/gradle/api/internal/artifacts/configurations/MutationValidator$MutationType;)V> (0x00000000d739e8d8) thrown at [C:\src\AOSP-openjdk-git\hotspot\src\share\vm\interpreter\link
Event: 12.586 Thread 0x0000000019ea5000 Exception <a 'java/lang/NoSuchMethodError': java.lang.Object.lambda$static$0(Lorg/gradle/internal/component/model/DependencyMetadata;)Lorg/gradle/api/internal/artifacts/ivyservice/dependencysubstitution/DependencySubstitutionApplicator$SubstitutionResult;
Event: 12.656 Thread 0x0000000019ea5000 Exception <a 'java/lang/IncompatibleClassChangeError': Found class java.lang.Object, but interface was expected> (0x00000000d604e000) thrown at [C:\src\AOSP-openjdk-git\hotspot\src\share\vm\interpreter\linkResolver.cpp, line 653]
Event: 12.658 Thread 0x0000000019ea5000 Exception <a 'java/lang/NoSuchMethodError': java.lang.Object.lambda$thenComparing$36697e65$1(Ljava/util/Comparator;Ljava/lang/Object;Ljava/lang/Object;)I> (0x00000000d6059ab0) thrown at [C:\src\AOSP-openjdk-git\hotspot\src\share\vm\interpreter\linkResolve
Event: 13.170 Thread 0x0000000019ea5000 Exception <a 'java/lang/NoSuchMethodError': java.lang.Object.lambda$static$0()Z> (0x00000000d6b39ca0) thrown at [C:\src\AOSP-openjdk-git\hotspot\src\share\vm\interpreter\linkResolver.cpp, line 620]
Event: 14.871 Thread 0x0000000019ea5000 Exception <a 'java/lang/NoSuchMethodError': java.lang.Object.lambda$static$0(Lorg/gradle/api/internal/artifacts/ivyservice/resolveengine/artifact/ArtifactVisitor;)V> (0x00000000d78cca90) thrown at [C:\src\AOSP-openjdk-git\hotspot\src\share\vm\interpreter\

Events (10 events):
Event: 15.642 Thread 0x000000001b9d0800 Thread added: 0x000000001b9d0800
Event: 15.644 Thread 0x000000001b9ca000 Thread added: 0x000000001b9ca000
Event: 15.645 Thread 0x000000001b9d5000 Thread added: 0x000000001b9d5000
Event: 15.646 Thread 0x000000001b9d2000 Thread added: 0x000000001b9d2000
Event: 15.649 Thread 0x000000001b9d6000 Thread added: 0x000000001b9d6000
Event: 15.652 Thread 0x000000001b9d3800 Thread added: 0x000000001b9d3800
Event: 15.655 Thread 0x000000001b9d1800 Thread added: 0x000000001b9d1800
Event: 15.657 Thread 0x000000001b9d6800 Thread added: 0x000000001b9d6800
Event: 15.659 Thread 0x000000001b9d7800 Thread added: 0x000000001b9d7800
Event: 15.661 Thread 0x000000001b9d3000 Thread added: 0x000000001b9d3000


Dynamic libraries:
0x00007ff7ab4f0000 - 0x00007ff7ab521000 	C:\Program Files\Android\Android Studio\jre\bin\java.exe
0x00007ffdf1fb0000 - 0x00007ffdf21a5000 	C:\WINDOWS\SYSTEM32\ntdll.dll
0x00007ffdf08b0000 - 0x00007ffdf096d000 	C:\WINDOWS\System32\KERNEL32.DLL
0x00007ffdef850000 - 0x00007ffdefb19000 	C:\WINDOWS\System32\KERNELBASE.dll
0x00007ffdf0ab0000 - 0x00007ffdf0b5c000 	C:\WINDOWS\System32\ADVAPI32.dll
0x00007ffdf0a10000 - 0x00007ffdf0aae000 	C:\WINDOWS\System32\msvcrt.dll
0x00007ffdf0970000 - 0x00007ffdf0a0c000 	C:\WINDOWS\System32\sechost.dll
0x00007ffdf01e0000 - 0x00007ffdf030b000 	C:\WINDOWS\System32\RPCRT4.dll
0x00007ffdf0650000 - 0x00007ffdf07f0000 	C:\WINDOWS\System32\USER32.dll
0x00007ffdefe20000 - 0x00007ffdefe42000 	C:\WINDOWS\System32\win32u.dll
0x00007ffdf0880000 - 0x00007ffdf08aa000 	C:\WINDOWS\System32\GDI32.dll
0x00007ffdefe50000 - 0x00007ffdeff5b000 	C:\WINDOWS\System32\gdi32full.dll
0x00007ffdefb20000 - 0x00007ffdefbbd000 	C:\WINDOWS\System32\msvcp_win.dll
0x00007ffdefd20000 - 0x00007ffdefe20000 	C:\WINDOWS\System32\ucrtbase.dll
0x00007ffdeea80000 - 0x00007ffdeed1a000 	C:\WINDOWS\WinSxS\amd64_microsoft.windows.common-controls_6595b64144ccf1df_6.0.19041.844_none_ca00b6081b84eb1d\COMCTL32.dll
0x00007ffdf0ca0000 - 0x00007ffdf0cd0000 	C:\WINDOWS\System32\IMM32.DLL
0x0000000071e70000 - 0x0000000071f42000 	C:\Program Files\Android\Android Studio\jre\jre\bin\msvcr100.dll
0x00000000728a0000 - 0x00000000730eb000 	C:\Program Files\Android\Android Studio\jre\jre\bin\server\jvm.dll
0x00007ffdf0cd0000 - 0x00007ffdf0cd8000 	C:\WINDOWS\System32\PSAPI.DLL
0x00007ffded880000 - 0x00007ffded889000 	C:\WINDOWS\SYSTEM32\WSOCK32.dll
0x00007ffddd6a0000 - 0x00007ffddd6aa000 	C:\WINDOWS\SYSTEM32\VERSION.dll
0x00007ffddd670000 - 0x00007ffddd697000 	C:\WINDOWS\SYSTEM32\WINMM.dll
0x00007ffdf0c30000 - 0x00007ffdf0c9b000 	C:\WINDOWS\System32\WS2_32.dll
0x00007ffdebe00000 - 0x00007ffdebe0f000 	C:\Program Files\Android\Android Studio\jre\jre\bin\verify.dll
0x00007ffddbd30000 - 0x00007ffddbd59000 	C:\Program Files\Android\Android Studio\jre\jre\bin\java.dll
0x00007ffde5ff0000 - 0x00007ffde6006000 	C:\Program Files\Android\Android Studio\jre\jre\bin\zip.dll
0x00007ffdf1820000 - 0x00007ffdf1f62000 	C:\WINDOWS\System32\SHELL32.dll
0x00007ffdecb60000 - 0x00007ffded2f0000 	C:\WINDOWS\SYSTEM32\windows.storage.dll
0x00007ffdf0e90000 - 0x00007ffdf11e5000 	C:\WINDOWS\System32\combase.dll
0x00007ffdeea10000 - 0x00007ffdeea3c000 	C:\WINDOWS\SYSTEM32\Wldp.dll
0x00007ffdf0310000 - 0x00007ffdf03be000 	C:\WINDOWS\System32\SHCORE.dll
0x00007ffdf05f0000 - 0x00007ffdf0645000 	C:\WINDOWS\System32\shlwapi.dll
0x00007ffdef630000 - 0x00007ffdef64f000 	C:\WINDOWS\SYSTEM32\profapi.dll
0x00007ffde22c0000 - 0x00007ffde22da000 	C:\Program Files\Android\Android Studio\jre\jre\bin\net.dll
0x00007ffdee790000 - 0x00007ffdee7fa000 	C:\WINDOWS\system32\mswsock.dll
0x00007ffddfdd0000 - 0x00007ffddfde3000 	C:\Program Files\Android\Android Studio\jre\jre\bin\nio.dll
0x00007ffdd1070000 - 0x00007ffdd1097000 	C:\Users\Kim mingi\.gradle\native\f6784746aeab05261644944871eae4fe03e0ef1612fff0a4a95f87b438bc6780\windows-amd64\native-platform.dll
0x00007ffde7ea0000 - 0x00007ffde7ead000 	C:\Program Files\Android\Android Studio\jre\jre\bin\management.dll
0x00007ffdef3b0000 - 0x00007ffdef3c8000 	C:\WINDOWS\SYSTEM32\CRYPTSP.dll
0x00007ffdee150000 - 0x00007ffdee184000 	C:\WINDOWS\system32\rsaenh.dll
0x00007ffdefbc0000 - 0x00007ffdefbe7000 	C:\WINDOWS\System32\bcrypt.dll
0x00007ffdef5a0000 - 0x00007ffdef5ce000 	C:\WINDOWS\SYSTEM32\USERENV.dll
0x00007ffdefca0000 - 0x00007ffdefd20000 	C:\WINDOWS\System32\bcryptprimitives.dll
0x00007ffdee850000 - 0x00007ffdee85c000 	C:\WINDOWS\SYSTEM32\CRYPTBASE.dll
0x00007ffdee480000 - 0x00007ffdee4bb000 	C:\WINDOWS\SYSTEM32\IPHLPAPI.DLL
0x00007ffdf0850000 - 0x00007ffdf0858000 	C:\WINDOWS\System32\NSI.dll
0x00007ffde25a0000 - 0x00007ffde25b7000 	C:\WINDOWS\SYSTEM32\dhcpcsvc6.DLL
0x00007ffde2790000 - 0x00007ffde27ad000 	C:\WINDOWS\SYSTEM32\dhcpcsvc.DLL
0x00007ffdee4c0000 - 0x00007ffdee58b000 	C:\WINDOWS\SYSTEM32\DNSAPI.dll
0x00007ffde71d0000 - 0x00007ffde71db000 	C:\WINDOWS\SYSTEM32\WINNSI.DLL

VM Arguments:
jvm_args: -Xmx2048m -Dfile.encoding=UTF-8 -Duser.country=KR -Duser.language=ko -Duser.variant 
java_command: org.gradle.launcher.daemon.bootstrap.GradleDaemon 6.5
java_class_path (initial): C:\Users\Kim mingi\.gradle\wrapper\dists\gradle-6.5-bin\6nifqtx7604sqp1q6g8wikw7p\gradle-6.5\lib\gradle-launcher-6.5.jar
Launcher Type: SUN_STANDARD

Environment Variables:
PATH=C:\Program Files\Common Files\Oracle\Java\javapath;C:\Program Files (x86)\Common Files\Intel\Shared Libraries\redist\intel64\compiler;C:\ProgramData\Oracle\Java\javapath;C:\WINDOWS\system32;C:\WINDOWS;C:\WINDOWS\System32\Wbem;C:\WINDOWS\System32\WindowsPowerShell\v1.0\;C:\WINDOWS\System32\OpenSSH\;C:\Users\Kim mingi\AppData\Local\Microsoft\WindowsApps;
USERNAME=Kim mingi
OS=Windows_NT
PROCESSOR_IDENTIFIER=Intel64 Family 6 Model 142 Stepping 9, GenuineIntel



---------------  S Y S T E M  ---------------

OS: Windows 10.0 , 64 bit Build 19041 (10.0.19041.804)

CPU:total 4 (initial active 4) (2 cores per cpu, 2 threads per core) family 6 model 142 stepping 9, cmov, cx8, fxsr, mmx, sse, sse2, sse3, ssse3, sse4.1, sse4.2, popcnt, avx, avx2, aes, clmul, erms, 3dnowpref, lzcnt, ht, tsc, tscinvbit, bmi1, bmi2, adx

Memory: 4k page, physical 8048852k(719976k free), swap 33214676k(2124k free)

vm_info: OpenJDK 64-Bit Server VM (25.242-b01) for windows-amd64 JRE (1.8.0_242-release-1644-b01), built by "builder" with MS VC++ 10.0 (VS2010)

time: Thu Mar 25 20:51:37 2021
timezone: 대한민국 표준시
elapsed time: 15 seconds (0d 0h 0m 15s)

