#
# There is insufficient memory for the Java Runtime Environment to continue.
# Native memory allocation (malloc) failed to allocate 361776 bytes for Chunk::new
# Possible reasons:
#   The system is out of physical RAM or swap space
#   The process is running with CompressedOops enabled, and the Java Heap may be blocking the growth of the native heap
# Possible solutions:
#   Reduce memory load on the system
#   Increase physical memory or swap space
#   Check if swap backing store is full
#   Decrease Java heap size (-Xmx/-Xms)
#   Decrease number of Java threads
#   Decrease Java thread stack sizes (-Xss)
#   Set larger code cache with -XX:ReservedCodeCacheSize=
#   JVM is running with Unscaled Compressed Oops mode in which the Java heap is
#     placed in the first 4GB address space. The Java Heap base address is the
#     maximum limit for the native heap growth. Please use -XX:HeapBaseMinAddress
#     to set the Java Heap base and to place the Java Heap above 4GB virtual address.
# This output file may be truncated or incomplete.
#
#  Out of Memory Error (allocation.cpp:389), pid=8484, tid=0x0000000000014860
#
# JRE version: OpenJDK Runtime Environment (8.0_242-b01) (build 1.8.0_242-release-1644-b01)
# Java VM: OpenJDK 64-Bit Server VM (25.242-b01 mixed mode windows-amd64 compressed oops)
# Failed to write core dump. Minidumps are not enabled by default on client versions of Windows
#

---------------  T H R E A D  ---------------

Current thread (0x0000000017a2b000):  JavaThread "C2 CompilerThread0" daemon [_thread_in_native, id=84064, stack(0x0000000019720000,0x0000000019820000)]

Stack: [0x0000000019720000,0x0000000019820000]
[error occurred during error reporting (printing stack bounds), id 0xc0000005]

Native frames: (J=compiled Java code, j=interpreted, Vv=VM code, C=native code)


Current CompileTask:
C2:  16588 2800   !   4       java.security.SecureClassLoader::getProtectionDomain (114 bytes)


---------------  P R O C E S S  ---------------

Java Threads: ( => current thread )
  0x000000001a848000 JavaThread "Cache worker for file content cache (C:\Users\Kim mingi\.gradle\caches\6.5\fileContent)" [_thread_blocked, id=66692, stack(0x0000000020420000,0x0000000020520000)]
  0x000000001a845800 JavaThread "jar transforms" [_thread_blocked, id=62632, stack(0x000000001f2a0000,0x000000001f3a0000)]
  0x000000001a845000 JavaThread "Cache worker for execution history cache (C:\Users\Kim mingi\.gradle\caches\6.5\executionHistory)" [_thread_blocked, id=75544, stack(0x0000000017530000,0x0000000017630000)]
  0x000000001a843800 JavaThread "Cache worker for cache directory md-rule (C:\Users\Kim mingi\.gradle\caches\6.5\md-rule)" [_thread_blocked, id=73876, stack(0x0000000017430000,0x0000000017530000)]
  0x000000001a842800 JavaThread "Cache worker for cache directory md-supplier (C:\Users\Kim mingi\.gradle\caches\6.5\md-supplier)" [_thread_blocked, id=38880, stack(0x0000000017330000,0x0000000017430000)]
  0x000000001a847000 JavaThread "Cache worker for checksums cache (C:\Users\Kim mingi\AndroidStudioProjects\SafetyMapUlsanJungbu2\.gradle\checksums)" [_thread_blocked, id=81804, stack(0x0000000017230000,0x0000000017330000)]
  0x000000001a844000 JavaThread "Cache worker for file hash cache (C:\Users\Kim mingi\AndroidStudioProjects\SafetyMapUlsanJungbu2\.gradle\6.5\fileHashes)" [_thread_blocked, id=46880, stack(0x000000001dca0000,0x000000001dda0000)]
  0x000000001a841000 JavaThread "Cache worker for file hash cache (C:\Users\Kim mingi\.gradle\caches\6.5\fileHashes)" [_thread_blocked, id=84224, stack(0x000000001ddd0000,0x000000001ded0000)]
  0x000000001a842000 JavaThread "File lock request listener" [_thread_in_native, id=27792, stack(0x000000001dba0000,0x000000001dca0000)]
  0x0000000019420000 JavaThread "Cache worker for journal cache (C:\Users\Kim mingi\.gradle\caches\journal-1)" [_thread_blocked, id=83712, stack(0x000000001daa0000,0x000000001dba0000)]
  0x000000001a99d000 JavaThread "Thread-9" [_thread_blocked, id=59376, stack(0x000000001d7a0000,0x000000001d8a0000)]
  0x000000001a99c000 JavaThread "Stdin handler" [_thread_blocked, id=85712, stack(0x000000001d6a0000,0x000000001d7a0000)]
  0x000000001a997800 JavaThread "Asynchronous log dispatcher for DefaultDaemonConnection: socket connection from /127.0.0.1:7437 to /127.0.0.1:7438" [_thread_blocked, id=84192, stack(0x000000001d5a0000,0x000000001d6a0000)]
  0x000000001948b000 JavaThread "Daemon worker" [_thread_in_native, id=84068, stack(0x000000001d4a0000,0x000000001d5a0000)]
  0x000000001948a000 JavaThread "Cancel handler" [_thread_blocked, id=84096, stack(0x000000001d3a0000,0x000000001d4a0000)]
  0x000000001935b800 JavaThread "Handler for socket connection from /127.0.0.1:7437 to /127.0.0.1:7438" [_thread_in_native, id=34172, stack(0x000000001d2a0000,0x000000001d3a0000)]
  0x000000001935b000 JavaThread "Daemon" [_thread_blocked, id=25872, stack(0x000000001d1a0000,0x000000001d2a0000)]
  0x000000001a1f0000 JavaThread "Daemon periodic checks" [_thread_blocked, id=68936, stack(0x000000001cea0000,0x000000001cfa0000)]
  0x000000001a1f2800 JavaThread "Incoming local TCP Connector on port 7437" [_thread_in_native, id=85196, stack(0x000000001ccc0000,0x000000001cdc0000)]
  0x0000000019d67000 JavaThread "Daemon health stats" [_thread_blocked, id=85632, stack(0x000000001b9f0000,0x000000001baf0000)]
  0x0000000019193000 JavaThread "Service Thread" daemon [_thread_blocked, id=74432, stack(0x0000000019a20000,0x0000000019b20000)]
  0x0000000019185000 JavaThread "C1 CompilerThread2" daemon [_thread_blocked, id=66752, stack(0x0000000019920000,0x0000000019a20000)]
  0x0000000017a2e000 JavaThread "C2 CompilerThread1" daemon [_thread_blocked, id=81968, stack(0x0000000019820000,0x0000000019920000)]
=>0x0000000017a2b000 JavaThread "C2 CompilerThread0" daemon [_thread_in_native, id=84064, stack(0x0000000019720000,0x0000000019820000)]
  0x0000000017a2a000 JavaThread "Attach Listener" daemon [_thread_blocked, id=57304, stack(0x0000000019620000,0x0000000019720000)]
  0x00000000179df800 JavaThread "Signal Dispatcher" daemon [_thread_blocked, id=10844, stack(0x0000000019520000,0x0000000019620000)]
  0x0000000002dac000 JavaThread "Finalizer" daemon [_thread_blocked, id=76992, stack(0x0000000019020000,0x0000000019120000)]
  0x00000000179b9000 JavaThread "Reference Handler" daemon [_thread_blocked, id=78132, stack(0x0000000018f20000,0x0000000019020000)]
  0x0000000002cae000 JavaThread "main" [_thread_blocked, id=31488, stack(0x0000000002b00000,0x0000000002c00000)]

Other Threads:
  0x0000000017996000 VMThread [stack: 0x0000000018e20000,0x0000000018f20000] [id=76764]
  0x0000000019194000 WatcherThread [stack: 0x0000000019b20000,0x0000000019c20000] [id=73304]

VM state:not at safepoint (normal execution)

VM Mutex/Monitor currently owned by a thread: None

heap address: 0x0000000080000000, size: 2048 MB, Compressed Oops mode: 32-bit
Narrow klass base: 0x0000000000000000, Narrow klass shift: 3
Compressed class space size: 1073741824 Address: 0x0000000100000000

Heap:
 PSYoungGen      total 70656K, used 8146K [0x00000000d5580000, 0x00000000dc780000, 0x0000000100000000)
  eden space 61440K, 13% used [0x00000000d5580000,0x00000000d5d748f8,0x00000000d9180000)
  from space 9216K, 0% used [0x00000000d9c80000,0x00000000d9c80000,0x00000000da580000)
  to   space 11264K, 0% used [0x00000000d9180000,0x00000000d9180000,0x00000000d9c80000)
 ParOldGen       total 64000K, used 14767K [0x0000000080000000, 0x0000000083e80000, 0x00000000d5580000)
  object space 64000K, 23% used [0x0000000080000000,0x0000000080e6beb8,0x0000000083e80000)
 Metaspace       used 34575K, capacity 35776K, committed 36056K, reserved 1081344K
  class space    used 4740K, capacity 5041K, committed 5120K, reserved 1048576K

Card table byte_map: [0x0000000012170000,0x0000000012580000] byte_map_base: 0x0000000011d70000

Marking Bits: (ParMarkBitMap*) 0x000000007306f030
 Begin Bits: [0x0000000012c30000, 0x0000000014c30000)
 End Bits:   [0x0000000014c30000, 0x0000000016c30000)

Polling page: 0x0000000000a70000

CodeCache: size=245760Kb used=10091Kb max_used=10106Kb free=235668Kb
 bounds [0x0000000002db0000, 0x00000000037a0000, 0x0000000011db0000]
 total_blobs=3289 nmethods=2600 adapters=602
 compilation: enabled

Compilation events (10 events):
Event: 16.532 Thread 0x0000000019185000 2796       3       org.gradle.launcher.daemon.server.exec.DaemonConnectionBackedEventConsumer$ForwardEvents::moreMessagesToSend (35 bytes)
Event: 16.532 Thread 0x0000000019185000 nmethod 2796 0x000000000376b7d0 code [0x000000000376b940, 0x000000000376bc48]
Event: 16.532 Thread 0x0000000019185000 2797   !   3       org.gradle.launcher.daemon.server.exec.DaemonConnectionBackedEventConsumer$ForwardEvents::getNextEvent (27 bytes)
Event: 16.532 Thread 0x0000000019185000 nmethod 2797 0x000000000376b290 code [0x000000000376b400, 0x000000000376b6a8]
Event: 16.533 Thread 0x0000000017a2b000 2799       4       sun.security.provider.MD5::II (31 bytes)
Event: 16.533 Thread 0x0000000017a2e000 2798       4       sun.security.provider.MD5::HH (29 bytes)
Event: 16.534 Thread 0x0000000017a2b000 nmethod 2799 0x0000000003790a10 code [0x0000000003790b40, 0x0000000003790bb8]
Event: 16.534 Thread 0x0000000017a2e000 nmethod 2798 0x0000000003789810 code [0x0000000003789940, 0x00000000037899b8]
Event: 16.550 Thread 0x0000000017a2b000 2800   !   4       java.security.SecureClassLoader::getProtectionDomain (114 bytes)
Event: 16.553 Thread 0x0000000017a2e000 2801   !   4       sun.misc.Resource::getBytes (242 bytes)

GC Heap History (10 events):
Event: 12.518 GC heap before
{Heap before GC invocations=8 (full 1):
 PSYoungGen      total 72704K, used 4601K [0x00000000d5580000, 0x00000000da880000, 0x0000000100000000)
  eden space 61952K, 0% used [0x00000000d5580000,0x00000000d5580000,0x00000000d9200000)
  from space 10752K, 42% used [0x00000000d9200000,0x00000000d967e5a8,0x00000000d9c80000)
  to   space 9216K, 0% used [0x00000000d9c80000,0x00000000d9c80000,0x00000000da580000)
 ParOldGen       total 84992K, used 7884K [0x0000000080000000, 0x0000000085300000, 0x00000000d5580000)
  object space 84992K, 9% used [0x0000000080000000,0x00000000807b3200,0x0000000085300000)
 Metaspace       used 20458K, capacity 21192K, committed 21248K, reserved 1075200K
  class space    used 2846K, capacity 3048K, committed 3072K, reserved 1048576K
Event: 12.585 GC heap after
Heap after GC invocations=8 (full 1):
 PSYoungGen      total 72704K, used 0K [0x00000000d5580000, 0x00000000da880000, 0x0000000100000000)
  eden space 61952K, 0% used [0x00000000d5580000,0x00000000d5580000,0x00000000d9200000)
  from space 10752K, 0% used [0x00000000d9200000,0x00000000d9200000,0x00000000d9c80000)
  to   space 9216K, 0% used [0x00000000d9c80000,0x00000000d9c80000,0x00000000da580000)
 ParOldGen       total 46080K, used 7526K [0x0000000080000000, 0x0000000082d00000, 0x00000000d5580000)
  object space 46080K, 16% used [0x0000000080000000,0x0000000080759b48,0x0000000082d00000)
 Metaspace       used 20458K, capacity 21192K, committed 21248K, reserved 1067008K
  class space    used 2846K, capacity 3048K, committed 3072K, reserved 1048576K
}
Event: 14.010 GC heap before
{Heap before GC invocations=9 (full 1):
 PSYoungGen      total 72704K, used 61952K [0x00000000d5580000, 0x00000000da880000, 0x0000000100000000)
  eden space 61952K, 100% used [0x00000000d5580000,0x00000000d9200000,0x00000000d9200000)
  from space 10752K, 0% used [0x00000000d9200000,0x00000000d9200000,0x00000000d9c80000)
  to   space 9216K, 0% used [0x00000000d9c80000,0x00000000d9c80000,0x00000000da580000)
 ParOldGen       total 46080K, used 7526K [0x0000000080000000, 0x0000000082d00000, 0x00000000d5580000)
  object space 46080K, 16% used [0x0000000080000000,0x0000000080759b48,0x0000000082d00000)
 Metaspace       used 27616K, capacity 28434K, committed 28672K, reserved 1073152K
  class space    used 3791K, capacity 4035K, committed 4096K, reserved 1048576K
Event: 14.018 GC heap after
Heap after GC invocations=9 (full 1):
 PSYoungGen      total 71168K, used 7310K [0x00000000d5580000, 0x00000000da880000, 0x0000000100000000)
  eden space 61952K, 0% used [0x00000000d5580000,0x00000000d5580000,0x00000000d9200000)
  from space 9216K, 79% used [0x00000000d9c80000,0x00000000da3a39d8,0x00000000da580000)
  to   space 10752K, 0% used [0x00000000d9200000,0x00000000d9200000,0x00000000d9c80000)
 ParOldGen       total 46080K, used 7534K [0x0000000080000000, 0x0000000082d00000, 0x00000000d5580000)
  object space 46080K, 16% used [0x0000000080000000,0x000000008075bb48,0x0000000082d00000)
 Metaspace       used 27616K, capacity 28434K, committed 28672K, reserved 1073152K
  class space    used 3791K, capacity 4035K, committed 4096K, reserved 1048576K
}
Event: 15.206 GC heap before
{Heap before GC invocations=10 (full 1):
 PSYoungGen      total 71168K, used 69262K [0x00000000d5580000, 0x00000000da880000, 0x0000000100000000)
  eden space 61952K, 100% used [0x00000000d5580000,0x00000000d9200000,0x00000000d9200000)
  from space 9216K, 79% used [0x00000000d9c80000,0x00000000da3a39d8,0x00000000da580000)
  to   space 10752K, 0% used [0x00000000d9200000,0x00000000d9200000,0x00000000d9c80000)
 ParOldGen       total 46080K, used 7534K [0x0000000080000000, 0x0000000082d00000, 0x00000000d5580000)
  object space 46080K, 16% used [0x0000000080000000,0x000000008075bb48,0x0000000082d00000)
 Metaspace       used 32671K, capacity 33764K, committed 33920K, reserved 1079296K
  class space    used 4438K, capacity 4722K, committed 4736K, reserved 1048576K
Event: 15.223 GC heap after
Heap after GC invocations=10 (full 1):
 PSYoungGen      total 72704K, used 9462K [0x00000000d5580000, 0x00000000da880000, 0x0000000100000000)
  eden space 61952K, 0% used [0x00000000d5580000,0x00000000d5580000,0x00000000d9200000)
  from space 10752K, 88% used [0x00000000d9200000,0x00000000d9b3dab0,0x00000000d9c80000)
  to   space 9216K, 0% used [0x00000000d9c80000,0x00000000d9c80000,0x00000000da580000)
 ParOldGen       total 46080K, used 7542K [0x0000000080000000, 0x0000000082d00000, 0x00000000d5580000)
  object space 46080K, 16% used [0x0000000080000000,0x000000008075db48,0x0000000082d00000)
 Metaspace       used 32671K, capacity 33764K, committed 33920K, reserved 1079296K
  class space    used 4438K, capacity 4722K, committed 4736K, reserved 1048576K
}
Event: 16.360 GC heap before
{Heap before GC invocations=11 (full 1):
 PSYoungGen      total 72704K, used 47075K [0x00000000d5580000, 0x00000000da880000, 0x0000000100000000)
  eden space 61952K, 60% used [0x00000000d5580000,0x00000000d7a3b4a8,0x00000000d9200000)
  from space 10752K, 88% used [0x00000000d9200000,0x00000000d9b3dab0,0x00000000d9c80000)
  to   space 9216K, 0% used [0x00000000d9c80000,0x00000000d9c80000,0x00000000da580000)
 ParOldGen       total 46080K, used 7542K [0x0000000080000000, 0x0000000082d00000, 0x00000000d5580000)
  object space 46080K, 16% used [0x0000000080000000,0x000000008075db48,0x0000000082d00000)
 Metaspace       used 34234K, capacity 35380K, committed 35416K, reserved 1079296K
  class space    used 4697K, capacity 4973K, committed 4992K, reserved 1048576K
Event: 16.375 GC heap after
Heap after GC invocations=11 (full 1):
 PSYoungGen      total 70656K, used 5240K [0x00000000d5580000, 0x00000000dc780000, 0x0000000100000000)
  eden space 61440K, 0% used [0x00000000d5580000,0x00000000d5580000,0x00000000d9180000)
  from space 9216K, 56% used [0x00000000d9c80000,0x00000000da19e3f0,0x00000000da580000)
  to   space 11264K, 0% used [0x00000000d9180000,0x00000000d9180000,0x00000000d9c80000)
 ParOldGen       total 46080K, used 10400K [0x0000000080000000, 0x0000000082d00000, 0x00000000d5580000)
  object space 46080K, 22% used [0x0000000080000000,0x0000000080a28118,0x0000000082d00000)
 Metaspace       used 34234K, capacity 35380K, committed 35416K, reserved 1079296K
  class space    used 4697K, capacity 4973K, committed 4992K, reserved 1048576K
}
Event: 16.375 GC heap before
{Heap before GC invocations=12 (full 2):
 PSYoungGen      total 70656K, used 5240K [0x00000000d5580000, 0x00000000dc780000, 0x0000000100000000)
  eden space 61440K, 0% used [0x00000000d5580000,0x00000000d5580000,0x00000000d9180000)
  from space 9216K, 56% used [0x00000000d9c80000,0x00000000da19e3f0,0x00000000da580000)
  to   space 11264K, 0% used [0x00000000d9180000,0x00000000d9180000,0x00000000d9c80000)
 ParOldGen       total 46080K, used 10400K [0x0000000080000000, 0x0000000082d00000, 0x00000000d5580000)
  object space 46080K, 22% used [0x0000000080000000,0x0000000080a28118,0x0000000082d00000)
 Metaspace       used 34234K, capacity 35380K, committed 35416K, reserved 1079296K
  class space    used 4697K, capacity 4973K, committed 4992K, reserved 1048576K
Event: 16.448 GC heap after
Heap after GC invocations=12 (full 2):
 PSYoungGen      total 70656K, used 0K [0x00000000d5580000, 0x00000000dc780000, 0x0000000100000000)
  eden space 61440K, 0% used [0x00000000d5580000,0x00000000d5580000,0x00000000d9180000)
  from space 9216K, 0% used [0x00000000d9c80000,0x00000000d9c80000,0x00000000da580000)
  to   space 11264K, 0% used [0x00000000d9180000,0x00000000d9180000,0x00000000d9c80000)
 ParOldGen       total 64000K, used 14767K [0x0000000080000000, 0x0000000083e80000, 0x00000000d5580000)
  object space 64000K, 23% used [0x0000000080000000,0x0000000080e6beb8,0x0000000083e80000)
 Metaspace       used 34234K, capacity 35380K, committed 35416K, reserved 1079296K
  class space    used 4697K, capacity 4973K, committed 4992K, reserved 1048576K
}

Deoptimization events (10 events):
Event: 14.721 Thread 0x000000001948b000 Uncommon trap: reason=unstable_if action=reinterpret pc=0x0000000003014c84 method=java.util.HashMap.getNode(ILjava/lang/Object;)Ljava/util/HashMap$Node; @ 53
Event: 14.721 Thread 0x000000001948b000 Uncommon trap: reason=unstable_if action=reinterpret pc=0x000000000302ef4c method=java.util.HashMap.putVal(ILjava/lang/Object;Ljava/lang/Object;ZZ)Ljava/lang/Object; @ 85
Event: 14.895 Thread 0x000000001948b000 Uncommon trap: reason=unstable_if action=reinterpret pc=0x0000000003662004 method=org.gradle.internal.reflect.PropertyAccessorType.isGetGetterName(Ljava/lang/String;)Z @ 14
Event: 14.933 Thread 0x000000001948b000 Uncommon trap: reason=unstable_if action=reinterpret pc=0x0000000003450200 method=org.objectweb.asm.ByteVector.putShort(I)Lorg/objectweb/asm/ByteVector; @ 13
Event: 15.063 Thread 0x000000001948b000 Uncommon trap: reason=unstable_if action=reinterpret pc=0x0000000003393010 method=java.net.URLClassLoader.defineClass(Ljava/lang/String;Lsun/misc/Resource;)Ljava/lang/Class; @ 21
Event: 15.196 Thread 0x000000001948b000 Uncommon trap: reason=unstable_if action=reinterpret pc=0x00000000036ecdc4 method=org.codehaus.groovy.runtime.metaclass.MetaMethodIndex.addMethodToList(Ljava/lang/Object;Lgroovy/lang/MetaMethod;)Ljava/lang/Object; @ 226
Event: 15.269 Thread 0x000000001948b000 Uncommon trap: reason=class_check action=maybe_recompile pc=0x00000000034d5b9c method=java.util.WeakHashMap.eq(Ljava/lang/Object;Ljava/lang/Object;)Z @ 7
Event: 15.467 Thread 0x000000001948b000 Uncommon trap: reason=range_check action=make_not_entrant pc=0x00000000036bc33c method=java.lang.String.charAt(I)C @ 27
Event: 16.131 Thread 0x000000001948b000 Uncommon trap: reason=unstable_if action=reinterpret pc=0x00000000030a2818 method=java.net.URI.match(CJJ)Z @ 45
Event: 16.138 Thread 0x000000001948b000 Uncommon trap: reason=unstable_if action=reinterpret pc=0x0000000002f94e20 method=java.net.URI.match(CJJ)Z @ 45

Classes redefined (0 events):
No events

Internal exceptions (10 events):
Event: 15.269 Thread 0x000000001948b000 Exception <a 'java/lang/ClassNotFoundException': org/gradle/api/internal/DefaultNamedDomainObjectListCustomizer> (0x00000000d5a816a8) thrown at [C:\src\AOSP-openjdk-git\hotspot\src\share\vm\classfile\systemDictionary.cpp, line 210]
Event: 15.276 Thread 0x000000001948b000 Exception <a 'java/lang/ClassNotFoundException': org/gradle/api/internal/artifacts/DefaultArtifactRepositoryContainerCustomizer> (0x00000000d5af65e0) thrown at [C:\src\AOSP-openjdk-git\hotspot\src\share\vm\classfile\systemDictionary.cpp, line 210]
Event: 15.280 Thread 0x000000001948b000 Exception <a 'java/lang/ClassNotFoundException': org/gradle/api/internal/artifacts/dsl/DefaultRepositoryHandlerCustomizer> (0x00000000d5b5ba40) thrown at [C:\src\AOSP-openjdk-git\hotspot\src\share\vm\classfile\systemDictionary.cpp, line 210]
Event: 15.287 Thread 0x000000001948b000 Exception <a 'java/lang/ClassNotFoundException': org/gradle/api/internal/artifacts/dsl/DefaultRepositoryHandler_DecoratedCustomizer> (0x00000000d5bdf390) thrown at [C:\src\AOSP-openjdk-git\hotspot\src\share\vm\classfile\systemDictionary.cpp, line 210]
Event: 15.740 Thread 0x000000001948b000 Exception <a 'java/lang/ClassNotFoundException': org/gradle/api/internal/artifacts/dsl/dependencies/DefaultDependencyHandler_DecoratedBeanInfo> (0x00000000d6a2b370) thrown at [C:\src\AOSP-openjdk-git\hotspot\src\share\vm\classfile\systemDictionary.cpp, li
Event: 15.742 Thread 0x000000001948b000 Exception <a 'java/lang/ClassNotFoundException': org/gradle/api/internal/artifacts/dsl/dependencies/DefaultDependencyHandlerBeanInfo> (0x00000000d6a83cb0) thrown at [C:\src\AOSP-openjdk-git\hotspot\src\share\vm\classfile\systemDictionary.cpp, line 210]
Event: 15.745 Thread 0x000000001948b000 Exception <a 'java/lang/ClassNotFoundException': org/gradle/api/internal/artifacts/dsl/dependencies/DefaultDependencyHandlerCustomizer> (0x00000000d6adda20) thrown at [C:\src\AOSP-openjdk-git\hotspot\src\share\vm\classfile\systemDictionary.cpp, line 210]
Event: 15.748 Thread 0x000000001948b000 Exception <a 'java/lang/ClassNotFoundException': org/gradle/api/internal/artifacts/dsl/dependencies/DefaultDependencyHandler_DecoratedCustomizer> (0x00000000d6b68750) thrown at [C:\src\AOSP-openjdk-git\hotspot\src\share\vm\classfile\systemDictionary.cpp, 
Event: 16.274 Thread 0x000000001948b000 Exception <a 'java/lang/NoSuchMethodError': java.lang.Object.lambda$static$0(Lorg/gradle/api/internal/artifacts/configurations/MutationValidator$MutationType;)V> (0x00000000d72a4ae0) thrown at [C:\src\AOSP-openjdk-git\hotspot\src\share\vm\interpreter\link
Event: 16.584 Thread 0x000000001948b000 Exception <a 'java/lang/NoSuchMethodError': java.lang.Object.lambda$static$0(Lorg/gradle/internal/component/model/DependencyMetadata;)Lorg/gradle/api/internal/artifacts/ivyservice/dependencysubstitution/DependencySubstitutionApplicator$SubstitutionResult;

Events (10 events):
Event: 16.583 loading class org/gradle/internal/component/model/DependencyMetadata
Event: 16.583 loading class org/gradle/internal/component/model/DependencyMetadata done
Event: 16.583 loading class org/gradle/api/internal/artifacts/ivyservice/dependencysubstitution/DependencySubstitutionApplicator$SubstitutionResult
Event: 16.583 loading class org/gradle/api/internal/artifacts/ivyservice/dependencysubstitution/DependencySubstitutionApplicator$SubstitutionResult done
Event: 16.584 loading class org/gradle/internal/component/model/DependencyMetadata
Event: 16.584 loading class org/gradle/internal/component/model/DependencyMetadata done
Event: 16.584 loading class org/gradle/api/internal/artifacts/ivyservice/dependencysubstitution/DependencySubstitutionApplicator
Event: 16.584 loading class org/gradle/api/internal/artifacts/ivyservice/dependencysubstitution/DependencySubstitutionApplicator done
Event: 16.584 loading class org/gradle/api/internal/artifacts/ivyservice/resolveengine/graph/builder/DependencyGraphBuilder
Event: 16.584 loading class org/gradle/api/internal/artifacts/ivyservice/resolveengine/graph/builder/DependencyGraphBuilder done


Dynamic libraries:
0x00007ff77e000000 - 0x00007ff77e031000 	C:\Program Files\Android\Android Studio\jre\bin\java.exe
0x00007ffdf1fb0000 - 0x00007ffdf21a5000 	C:\WINDOWS\SYSTEM32\ntdll.dll
0x00007ffdf08b0000 - 0x00007ffdf096d000 	C:\WINDOWS\System32\KERNEL32.DLL
0x00007ffdef850000 - 0x00007ffdefb19000 	C:\WINDOWS\System32\KERNELBASE.dll
0x00007ffdf0ab0000 - 0x00007ffdf0b5c000 	C:\WINDOWS\System32\ADVAPI32.dll
0x00007ffdf0a10000 - 0x00007ffdf0aae000 	C:\WINDOWS\System32\msvcrt.dll
0x00007ffdf0970000 - 0x00007ffdf0a0c000 	C:\WINDOWS\System32\sechost.dll
0x00007ffdf01e0000 - 0x00007ffdf030b000 	C:\WINDOWS\System32\RPCRT4.dll
0x00007ffdf0650000 - 0x00007ffdf07f0000 	C:\WINDOWS\System32\USER32.dll
0x00007ffdefe20000 - 0x00007ffdefe42000 	C:\WINDOWS\System32\win32u.dll
0x00007ffdf0880000 - 0x00007ffdf08aa000 	C:\WINDOWS\System32\GDI32.dll
0x00007ffdefe50000 - 0x00007ffdeff5b000 	C:\WINDOWS\System32\gdi32full.dll
0x00007ffdefb20000 - 0x00007ffdefbbd000 	C:\WINDOWS\System32\msvcp_win.dll
0x00007ffdefd20000 - 0x00007ffdefe20000 	C:\WINDOWS\System32\ucrtbase.dll
0x00007ffdeea80000 - 0x00007ffdeed1a000 	C:\WINDOWS\WinSxS\amd64_microsoft.windows.common-controls_6595b64144ccf1df_6.0.19041.844_none_ca00b6081b84eb1d\COMCTL32.dll
0x00007ffdf0ca0000 - 0x00007ffdf0cd0000 	C:\WINDOWS\System32\IMM32.DLL
0x0000000071e70000 - 0x0000000071f42000 	C:\Program Files\Android\Android Studio\jre\jre\bin\msvcr100.dll
0x00000000728a0000 - 0x00000000730eb000 	C:\Program Files\Android\Android Studio\jre\jre\bin\server\jvm.dll
0x00007ffdf0cd0000 - 0x00007ffdf0cd8000 	C:\WINDOWS\System32\PSAPI.DLL
0x00007ffded880000 - 0x00007ffded889000 	C:\WINDOWS\SYSTEM32\WSOCK32.dll
0x00007ffdf0c30000 - 0x00007ffdf0c9b000 	C:\WINDOWS\System32\WS2_32.dll
0x00007ffddd670000 - 0x00007ffddd697000 	C:\WINDOWS\SYSTEM32\WINMM.dll
0x00007ffddd6a0000 - 0x00007ffddd6aa000 	C:\WINDOWS\SYSTEM32\VERSION.dll
0x00007ffdebe00000 - 0x00007ffdebe0f000 	C:\Program Files\Android\Android Studio\jre\jre\bin\verify.dll
0x00007ffddbd30000 - 0x00007ffddbd59000 	C:\Program Files\Android\Android Studio\jre\jre\bin\java.dll
0x00007ffde5ff0000 - 0x00007ffde6006000 	C:\Program Files\Android\Android Studio\jre\jre\bin\zip.dll
0x00007ffdf1820000 - 0x00007ffdf1f62000 	C:\WINDOWS\System32\SHELL32.dll
0x00007ffdecb60000 - 0x00007ffded2f0000 	C:\WINDOWS\SYSTEM32\windows.storage.dll
0x00007ffdf0e90000 - 0x00007ffdf11e5000 	C:\WINDOWS\System32\combase.dll
0x00007ffdeea10000 - 0x00007ffdeea3c000 	C:\WINDOWS\SYSTEM32\Wldp.dll
0x00007ffdf0310000 - 0x00007ffdf03be000 	C:\WINDOWS\System32\SHCORE.dll
0x00007ffdf05f0000 - 0x00007ffdf0645000 	C:\WINDOWS\System32\shlwapi.dll
0x00007ffdef630000 - 0x00007ffdef64f000 	C:\WINDOWS\SYSTEM32\profapi.dll
0x00007ffde22c0000 - 0x00007ffde22da000 	C:\Program Files\Android\Android Studio\jre\jre\bin\net.dll
0x00007ffdee790000 - 0x00007ffdee7fa000 	C:\WINDOWS\system32\mswsock.dll
0x00007ffddfdd0000 - 0x00007ffddfde3000 	C:\Program Files\Android\Android Studio\jre\jre\bin\nio.dll
0x00007ffdd1070000 - 0x00007ffdd1097000 	C:\Users\Kim mingi\.gradle\native\f6784746aeab05261644944871eae4fe03e0ef1612fff0a4a95f87b438bc6780\windows-amd64\native-platform.dll
0x00007ffde7ea0000 - 0x00007ffde7ead000 	C:\Program Files\Android\Android Studio\jre\jre\bin\management.dll
0x00007ffdef3b0000 - 0x00007ffdef3c8000 	C:\WINDOWS\SYSTEM32\CRYPTSP.dll
0x00007ffdee150000 - 0x00007ffdee184000 	C:\WINDOWS\system32\rsaenh.dll
0x00007ffdefbc0000 - 0x00007ffdefbe7000 	C:\WINDOWS\System32\bcrypt.dll
0x00007ffdef5a0000 - 0x00007ffdef5ce000 	C:\WINDOWS\SYSTEM32\USERENV.dll
0x00007ffdefca0000 - 0x00007ffdefd20000 	C:\WINDOWS\System32\bcryptprimitives.dll
0x00007ffdee850000 - 0x00007ffdee85c000 	C:\WINDOWS\SYSTEM32\CRYPTBASE.dll
0x00007ffdee480000 - 0x00007ffdee4bb000 	C:\WINDOWS\SYSTEM32\IPHLPAPI.DLL
0x00007ffdf0850000 - 0x00007ffdf0858000 	C:\WINDOWS\System32\NSI.dll
0x00007ffde25a0000 - 0x00007ffde25b7000 	C:\WINDOWS\SYSTEM32\dhcpcsvc6.DLL
0x00007ffde2790000 - 0x00007ffde27ad000 	C:\WINDOWS\SYSTEM32\dhcpcsvc.DLL
0x00007ffdee4c0000 - 0x00007ffdee58b000 	C:\WINDOWS\SYSTEM32\DNSAPI.dll
0x00007ffde71d0000 - 0x00007ffde71db000 	C:\WINDOWS\SYSTEM32\WINNSI.DLL

VM Arguments:
jvm_args: -Xmx2048m -Dfile.encoding=UTF-8 -Duser.country=KR -Duser.language=ko -Duser.variant 
java_command: org.gradle.launcher.daemon.bootstrap.GradleDaemon 6.5
java_class_path (initial): C:\Users\Kim mingi\.gradle\wrapper\dists\gradle-6.5-bin\6nifqtx7604sqp1q6g8wikw7p\gradle-6.5\lib\gradle-launcher-6.5.jar
Launcher Type: SUN_STANDARD

Environment Variables:
PATH=C:\Program Files\Common Files\Oracle\Java\javapath;C:\Program Files (x86)\Common Files\Intel\Shared Libraries\redist\intel64\compiler;C:\ProgramData\Oracle\Java\javapath;C:\WINDOWS\system32;C:\WINDOWS;C:\WINDOWS\System32\Wbem;C:\WINDOWS\System32\WindowsPowerShell\v1.0\;C:\WINDOWS\System32\OpenSSH\;C:\Users\Kim mingi\AppData\Local\Microsoft\WindowsApps;
USERNAME=Kim mingi
OS=Windows_NT
PROCESSOR_IDENTIFIER=Intel64 Family 6 Model 142 Stepping 9, GenuineIntel



---------------  S Y S T E M  ---------------

OS: Windows 10.0 , 64 bit Build 19041 (10.0.19041.804)

CPU:total 4 (initial active 4) (2 cores per cpu, 2 threads per core) family 6 model 142 stepping 9, cmov, cx8, fxsr, mmx, sse, sse2, sse3, ssse3, sse4.1, sse4.2, popcnt, avx, avx2, aes, clmul, erms, 3dnowpref, lzcnt, ht, tsc, tscinvbit, bmi1, bmi2, adx

Memory: 4k page, physical 8048852k(870360k free), swap 33214676k(5200k free)

vm_info: OpenJDK 64-Bit Server VM (25.242-b01) for windows-amd64 JRE (1.8.0_242-release-1644-b01), built by "builder" with MS VC++ 10.0 (VS2010)

time: Thu Mar 25 21:12:16 2021
timezone: 대한민국 표준시
elapsed time: 16 seconds (0d 0h 0m 16s)

