#
# There is insufficient memory for the Java Runtime Environment to continue.
# Native memory allocation (malloc) failed to allocate 1573456 bytes for Chunk::new
# Possible reasons:
#   The system is out of physical RAM or swap space
#   The process is running with CompressedOops enabled, and the Java Heap may be blocking the growth of the native heap
# Possible solutions:
#   Reduce memory load on the system
#   Increase physical memory or swap space
#   Check if swap backing store is full
#   Decrease Java heap size (-Xmx/-Xms)
#   Decrease number of Java threads
#   Decrease Java thread stack sizes (-Xss)
#   Set larger code cache with -XX:ReservedCodeCacheSize=
#   JVM is running with Unscaled Compressed Oops mode in which the Java heap is
#     placed in the first 4GB address space. The Java Heap base address is the
#     maximum limit for the native heap growth. Please use -XX:HeapBaseMinAddress
#     to set the Java Heap base and to place the Java Heap above 4GB virtual address.
# This output file may be truncated or incomplete.
#
#  Out of Memory Error (allocation.cpp:389), pid=85088, tid=0x00000000000104b4
#
# JRE version: OpenJDK Runtime Environment (8.0_242-b01) (build 1.8.0_242-release-1644-b01)
# Java VM: OpenJDK 64-Bit Server VM (25.242-b01 mixed mode windows-amd64 compressed oops)
# Failed to write core dump. Minidumps are not enabled by default on client versions of Windows
#

---------------  T H R E A D  ---------------

Current thread (0x000000001774d000):  JavaThread "C2 CompilerThread1" daemon [_thread_in_native, id=66740, stack(0x0000000019140000,0x0000000019240000)]

Stack: [0x0000000019140000,0x0000000019240000]
[error occurred during error reporting (printing stack bounds), id 0xc0000005]

Native frames: (J=compiled Java code, j=interpreted, Vv=VM code, C=native code)


Current CompileTask:
C2:  14653 5222       4       sun.reflect.generics.parser.SignatureParser::parsePackageNameAndSimpleClassTypeSignature (139 bytes)


---------------  P R O C E S S  ---------------

Java Threads: ( => current thread )
  0x000000001b6f3800 JavaThread "Cache worker for file content cache (C:\Users\Kim mingi\AndroidStudioProjects\SafetyMapUlsanJungbu2\.gradle\6.5\fileContent)" [_thread_blocked, id=81208, stack(0x0000000029310000,0x0000000029410000)]
  0x000000001b6f2800 JavaThread "Memory manager" [_thread_blocked, id=25660, stack(0x0000000028680000,0x0000000028780000)]
  0x000000001b6f7000 JavaThread "pool-1-thread-1" [_thread_blocked, id=78932, stack(0x0000000028180000,0x0000000028280000)]
  0x000000001b6f2000 JavaThread "Cache worker for Build Output Cleanup Cache (C:\Users\Kim mingi\AndroidStudioProjects\SafetyMapUlsanJungbu2\.gradle\buildOutputCleanup)" [_thread_blocked, id=86128, stack(0x0000000027e80000,0x0000000027f80000)]
  0x000000001b6f1000 JavaThread "jar transforms Thread 92" [_thread_blocked, id=82616, stack(0x0000000027b80000,0x0000000027c80000)]
  0x000000001b6f5800 JavaThread "jar transforms Thread 91" [_thread_blocked, id=86228, stack(0x0000000027a80000,0x0000000027b80000)]
  0x000000001b6eb000 JavaThread "jar transforms Thread 90" [_thread_blocked, id=75868, stack(0x0000000027980000,0x0000000027a80000)]
  0x000000001b6f0800 JavaThread "jar transforms Thread 89" [_thread_blocked, id=15040, stack(0x0000000027880000,0x0000000027980000)]
  0x000000001b6ec800 JavaThread "jar transforms Thread 88" [_thread_blocked, id=86304, stack(0x0000000027780000,0x0000000027880000)]
  0x000000001b6ec000 JavaThread "jar transforms Thread 87" [_thread_blocked, id=76440, stack(0x0000000027680000,0x0000000027780000)]
  0x000000001b6e9000 JavaThread "jar transforms Thread 86" [_thread_blocked, id=83744, stack(0x0000000027580000,0x0000000027680000)]
  0x000000001b6ef800 JavaThread "jar transforms Thread 85" [_thread_blocked, id=86208, stack(0x0000000027480000,0x0000000027580000)]
  0x000000001b6e8000 JavaThread "jar transforms Thread 84" [_thread_blocked, id=18544, stack(0x0000000027380000,0x0000000027480000)]
  0x000000001b6ef000 JavaThread "jar transforms Thread 83" [_thread_blocked, id=84444, stack(0x0000000027280000,0x0000000027380000)]
  0x000000001b6e9800 JavaThread "jar transforms Thread 82" [_thread_blocked, id=18708, stack(0x0000000027180000,0x0000000027280000)]
  0x000000001b6ee000 JavaThread "jar transforms Thread 81" [_thread_blocked, id=81400, stack(0x0000000027080000,0x0000000027180000)]
  0x000000001b6ed800 JavaThread "jar transforms Thread 80" [_thread_blocked, id=38340, stack(0x0000000026f80000,0x0000000027080000)]
  0x000000001b6ea800 JavaThread "jar transforms Thread 79" [_thread_blocked, id=80904, stack(0x0000000026e80000,0x0000000026f80000)]
  0x0000000020318800 JavaThread "jar transforms Thread 78" [_thread_blocked, id=73252, stack(0x0000000026d80000,0x0000000026e80000)]
  0x000000002031d000 JavaThread "jar transforms Thread 77" [_thread_blocked, id=74872, stack(0x0000000026c80000,0x0000000026d80000)]
  0x000000002031c800 JavaThread "jar transforms Thread 76" [_thread_blocked, id=86176, stack(0x0000000026b80000,0x0000000026c80000)]
  0x0000000020318000 JavaThread "jar transforms Thread 75" [_thread_blocked, id=40908, stack(0x0000000026a80000,0x0000000026b80000)]
  0x000000002031b800 JavaThread "jar transforms Thread 74" [_thread_blocked, id=69308, stack(0x0000000026980000,0x0000000026a80000)]
  0x0000000020314000 JavaThread "jar transforms Thread 73" [_thread_blocked, id=87036, stack(0x0000000026880000,0x0000000026980000)]
  0x0000000020319800 JavaThread "jar transforms Thread 72" [_thread_blocked, id=86372, stack(0x0000000026780000,0x0000000026880000)]
  0x000000002031b000 JavaThread "jar transforms Thread 71" [_thread_blocked, id=68356, stack(0x0000000026680000,0x0000000026780000)]
  0x000000002031a000 JavaThread "jar transforms Thread 70" [_thread_blocked, id=86236, stack(0x0000000026580000,0x0000000026680000)]
  0x0000000020311000 JavaThread "jar transforms Thread 69" [_thread_blocked, id=80928, stack(0x0000000026480000,0x0000000026580000)]
  0x0000000020310800 JavaThread "jar transforms Thread 68" [_thread_blocked, id=82136, stack(0x0000000026380000,0x0000000026480000)]
  0x0000000020317000 JavaThread "jar transforms Thread 67" [_thread_blocked, id=81616, stack(0x0000000026280000,0x0000000026380000)]
  0x0000000020316800 JavaThread "jar transforms Thread 66" [_thread_blocked, id=72540, stack(0x0000000026180000,0x0000000026280000)]
  0x000000002030f800 JavaThread "jar transforms Thread 65" [_thread_blocked, id=83732, stack(0x0000000026080000,0x0000000026180000)]
  0x0000000020313800 JavaThread "jar transforms Thread 64" [_thread_blocked, id=13464, stack(0x0000000025f80000,0x0000000026080000)]
  0x0000000020312800 JavaThread "jar transforms Thread 63" [_thread_blocked, id=85404, stack(0x0000000025e80000,0x0000000025f80000)]
  0x0000000020315800 JavaThread "jar transforms Thread 62" [_thread_blocked, id=37652, stack(0x0000000025d80000,0x0000000025e80000)]
  0x0000000020312000 JavaThread "jar transforms Thread 61" [_thread_blocked, id=82836, stack(0x0000000025c80000,0x0000000025d80000)]
  0x000000002030e000 JavaThread "jar transforms Thread 60" [_thread_blocked, id=39748, stack(0x0000000025b80000,0x0000000025c80000)]
  0x000000002030f000 JavaThread "jar transforms Thread 59" [_thread_blocked, id=86368, stack(0x0000000025a80000,0x0000000025b80000)]
  0x0000000020315000 JavaThread "jar transforms Thread 58" [_thread_blocked, id=25036, stack(0x0000000025980000,0x0000000025a80000)]
  0x000000002024c000 JavaThread "jar transforms Thread 57" [_thread_blocked, id=78352, stack(0x0000000025880000,0x0000000025980000)]
  0x0000000020252800 JavaThread "jar transforms Thread 56" [_thread_blocked, id=13792, stack(0x0000000025780000,0x0000000025880000)]
  0x000000002024b000 JavaThread "jar transforms Thread 55" [_thread_blocked, id=79704, stack(0x0000000025680000,0x0000000025780000)]
  0x0000000020251000 JavaThread "jar transforms Thread 54" [_thread_blocked, id=5488, stack(0x0000000025580000,0x0000000025680000)]
  0x0000000020252000 JavaThread "jar transforms Thread 53" [_thread_blocked, id=82804, stack(0x0000000025480000,0x0000000025580000)]
  0x0000000020250800 JavaThread "jar transforms Thread 52" [_thread_blocked, id=81052, stack(0x0000000025380000,0x0000000025480000)]
  0x000000002024a800 JavaThread "jar transforms Thread 51" [_thread_blocked, id=33132, stack(0x0000000025280000,0x0000000025380000)]
  0x000000002024e000 JavaThread "jar transforms Thread 50" [_thread_blocked, id=85136, stack(0x0000000025180000,0x0000000025280000)]
  0x000000002024d800 JavaThread "jar transforms Thread 49" [_thread_blocked, id=67624, stack(0x0000000025080000,0x0000000025180000)]
  0x000000002024c800 JavaThread "jar transforms Thread 48" [_thread_blocked, id=69484, stack(0x0000000024f80000,0x0000000025080000)]
  0x000000002024f000 JavaThread "jar transforms Thread 47" [_thread_blocked, id=82592, stack(0x0000000024e80000,0x0000000024f80000)]
  0x000000002024f800 JavaThread "jar transforms Thread 46" [_thread_blocked, id=81352, stack(0x0000000024d80000,0x0000000024e80000)]
  0x0000000020244800 JavaThread "jar transforms Thread 45" [_thread_blocked, id=86972, stack(0x0000000024c80000,0x0000000024d80000)]
  0x0000000020243800 JavaThread "jar transforms Thread 44" [_thread_blocked, id=51620, stack(0x0000000024b80000,0x0000000024c80000)]
  0x0000000020249800 JavaThread "jar transforms Thread 43" [_thread_blocked, id=68240, stack(0x0000000024a80000,0x0000000024b80000)]
  0x0000000020248000 JavaThread "jar transforms Thread 42" [_thread_blocked, id=72604, stack(0x0000000024980000,0x0000000024a80000)]
  0x0000000020247800 JavaThread "jar transforms Thread 41" [_thread_blocked, id=84924, stack(0x0000000024880000,0x0000000024980000)]
  0x0000000020246800 JavaThread "jar transforms Thread 40" [_thread_blocked, id=83568, stack(0x0000000024780000,0x0000000024880000)]
  0x0000000020245000 JavaThread "jar transforms Thread 39" [_thread_blocked, id=75928, stack(0x0000000024680000,0x0000000024780000)]
  0x0000000020249000 JavaThread "jar transforms Thread 38" [_thread_blocked, id=59044, stack(0x0000000024580000,0x0000000024680000)]
  0x0000000020246000 JavaThread "jar transforms Thread 37" [_thread_blocked, id=60836, stack(0x0000000024480000,0x0000000024580000)]
  0x000000001b6e5000 JavaThread "jar transforms Thread 36" [_thread_blocked, id=17256, stack(0x0000000024380000,0x0000000024480000)]
  0x000000001b6e2000 JavaThread "jar transforms Thread 35" [_thread_blocked, id=42924, stack(0x0000000024280000,0x0000000024380000)]
  0x000000001b6e1000 JavaThread "jar transforms Thread 34" [_thread_blocked, id=83848, stack(0x0000000024180000,0x0000000024280000)]
  0x000000001b6e0800 JavaThread "jar transforms Thread 33" [_thread_blocked, id=78812, stack(0x0000000024080000,0x0000000024180000)]
  0x000000001b6e3800 JavaThread "jar transforms Thread 32" [_thread_blocked, id=79096, stack(0x0000000023f80000,0x0000000024080000)]
  0x000000001b6e4000 JavaThread "jar transforms Thread 31" [_thread_blocked, id=62044, stack(0x0000000023e80000,0x0000000023f80000)]
  0x000000001b6e7000 JavaThread "jar transforms Thread 30" [_thread_blocked, id=69944, stack(0x0000000023d80000,0x0000000023e80000)]
  0x000000001b6e6800 JavaThread "jar transforms Thread 29" [_thread_blocked, id=82864, stack(0x0000000023c80000,0x0000000023d80000)]
  0x000000001b6e5800 JavaThread "jar transforms Thread 28" [_thread_blocked, id=87356, stack(0x0000000023b80000,0x0000000023c80000)]
  0x000000001b6e2800 JavaThread "jar transforms Thread 27" [_thread_blocked, id=86408, stack(0x0000000023a80000,0x0000000023b80000)]
  0x000000001b6d9800 JavaThread "jar transforms Thread 26" [_thread_blocked, id=12524, stack(0x0000000023980000,0x0000000023a80000)]
  0x000000001b6d9000 JavaThread "jar transforms Thread 25" [_thread_blocked, id=1528, stack(0x0000000023880000,0x0000000023980000)]
  0x000000001b6df800 JavaThread "jar transforms Thread 24" [_thread_blocked, id=87556, stack(0x0000000023780000,0x0000000023880000)]
  0x000000001b6dc000 JavaThread "jar transforms Thread 23" [_thread_blocked, id=47256, stack(0x0000000023680000,0x0000000023780000)]
  0x000000001b6db000 JavaThread "jar transforms Thread 22" [_thread_blocked, id=86668, stack(0x0000000023580000,0x0000000023680000)]
  0x000000001b6da800 JavaThread "jar transforms Thread 21" [_thread_blocked, id=80036, stack(0x0000000023480000,0x0000000023580000)]
  0x000000001b6de000 JavaThread "jar transforms Thread 20" [_thread_blocked, id=70840, stack(0x0000000023380000,0x0000000023480000)]
  0x000000001b6dd800 JavaThread "jar transforms Thread 19" [_thread_blocked, id=76936, stack(0x0000000023280000,0x0000000023380000)]
  0x000000001b6dc800 JavaThread "jar transforms Thread 18" [_thread_blocked, id=61044, stack(0x0000000023180000,0x0000000023280000)]
  0x000000001b6df000 JavaThread "jar transforms Thread 17" [_thread_blocked, id=86444, stack(0x0000000023080000,0x0000000023180000)]
  0x000000001b6d8000 JavaThread "jar transforms Thread 16" [_thread_blocked, id=79900, stack(0x0000000022f80000,0x0000000023080000)]
  0x000000001e925800 JavaThread "jar transforms Thread 15" [_thread_blocked, id=86904, stack(0x0000000022e80000,0x0000000022f80000)]
  0x000000001e925000 JavaThread "jar transforms Thread 14" [_thread_blocked, id=81284, stack(0x0000000022d80000,0x0000000022e80000)]
  0x000000001e924000 JavaThread "jar transforms Thread 13" [_thread_blocked, id=89944, stack(0x0000000022b80000,0x0000000022c80000)]
  0x000000001e923800 JavaThread "jar transforms Thread 12" [_thread_blocked, id=86116, stack(0x0000000022a80000,0x0000000022b80000)]
  0x000000001e922800 JavaThread "jar transforms Thread 11" [_thread_blocked, id=90000, stack(0x0000000022980000,0x0000000022a80000)]
  0x000000001e922000 JavaThread "jar transforms Thread 10" [_thread_blocked, id=86536, stack(0x0000000022880000,0x0000000022980000)]
  0x000000001e921000 JavaThread "jar transforms Thread 9" [_thread_blocked, id=88316, stack(0x0000000022780000,0x0000000022880000)]
  0x000000001e919800 JavaThread "jar transforms Thread 8" [_thread_blocked, id=88328, stack(0x0000000022680000,0x0000000022780000)]
  0x000000001e920000 JavaThread "jar transforms Thread 7" [_thread_blocked, id=65248, stack(0x0000000022580000,0x0000000022680000)]
  0x000000001e918800 JavaThread "jar transforms Thread 6" [_thread_blocked, id=88236, stack(0x0000000022480000,0x0000000022580000)]
  0x000000001e91f800 JavaThread "jar transforms Thread 5" [_thread_blocked, id=83416, stack(0x0000000022380000,0x0000000022480000)]
  0x000000001e91e800 JavaThread "jar transforms Thread 4" [_thread_blocked, id=88040, stack(0x0000000022280000,0x0000000022380000)]
  0x000000001e917000 JavaThread "jar transforms Thread 3" [_thread_blocked, id=89572, stack(0x0000000022180000,0x0000000022280000)]
  0x000000001e91e000 JavaThread "jar transforms Thread 2" [_thread_blocked, id=78832, stack(0x0000000022080000,0x0000000022180000)]
  0x000000001e916800 JavaThread "Build operations Thread 4" [_thread_blocked, id=35060, stack(0x0000000021f80000,0x0000000022080000)]
  0x000000001e91c800 JavaThread "Build operations Thread 3" [_thread_blocked, id=88096, stack(0x0000000021e80000,0x0000000021f80000)]
  0x000000001e918000 JavaThread "Build operations Thread 2" [_thread_blocked, id=83268, stack(0x0000000021d80000,0x0000000021e80000)]
  0x000000001e91a000 JavaThread "Build operations" [_thread_blocked, id=81000, stack(0x0000000021c80000,0x0000000021d80000)]
  0x000000001995b800 JavaThread "Cache worker for file content cache (C:\Users\Kim mingi\.gradle\caches\6.5\fileContent)" [_thread_blocked, id=69876, stack(0x0000000021580000,0x0000000021680000)]
  0x0000000019956800 JavaThread "jar transforms" [_thread_blocked, id=83832, stack(0x0000000020bf0000,0x0000000020cf0000)]
  0x0000000019959800 JavaThread "Cache worker for execution history cache (C:\Users\Kim mingi\.gradle\caches\6.5\executionHistory)" [_thread_blocked, id=53704, stack(0x0000000020af0000,0x0000000020bf0000)]
  0x0000000019955800 JavaThread "Cache worker for cache directory md-rule (C:\Users\Kim mingi\.gradle\caches\6.5\md-rule)" [_thread_blocked, id=43656, stack(0x00000000209f0000,0x0000000020af0000)]
  0x0000000019958800 JavaThread "Cache worker for cache directory md-supplier (C:\Users\Kim mingi\.gradle\caches\6.5\md-supplier)" [_thread_blocked, id=80768, stack(0x000000001f890000,0x000000001f990000)]
  0x000000001995b000 JavaThread "Cache worker for checksums cache (C:\Users\Kim mingi\AndroidStudioProjects\SafetyMapUlsanJungbu2\.gradle\checksums)" [_thread_blocked, id=86244, stack(0x000000001f790000,0x000000001f890000)]
  0x000000001995a000 JavaThread "Cache worker for file hash cache (C:\Users\Kim mingi\AndroidStudioProjects\SafetyMapUlsanJungbu2\.gradle\6.5\fileHashes)" [_thread_blocked, id=78260, stack(0x000000001d2c0000,0x000000001d3c0000)]
  0x0000000019958000 JavaThread "Cache worker for file hash cache (C:\Users\Kim mingi\.gradle\caches\6.5\fileHashes)" [_thread_blocked, id=70820, stack(0x000000001d1c0000,0x000000001d2c0000)]
  0x0000000019baa800 JavaThread "File lock request listener" [_thread_in_native, id=84284, stack(0x000000001d0c0000,0x000000001d1c0000)]
  0x0000000018ab4800 JavaThread "Cache worker for journal cache (C:\Users\Kim mingi\.gradle\caches\journal-1)" [_thread_blocked, id=84276, stack(0x000000001cfc0000,0x000000001d0c0000)]
  0x000000001a18d800 JavaThread "Thread-9" [_thread_blocked, id=85728, stack(0x000000001ccc0000,0x000000001cdc0000)]
  0x000000001a2f6800 JavaThread "Stdin handler" [_thread_blocked, id=87568, stack(0x000000001cbc0000,0x000000001ccc0000)]
  0x000000001a2f6000 JavaThread "Asynchronous log dispatcher for DefaultDaemonConnection: socket connection from /127.0.0.1:8447 to /127.0.0.1:8448" [_thread_blocked, id=88724, stack(0x000000001cac0000,0x000000001cbc0000)]
  0x000000001a2f2000 JavaThread "Daemon worker" [_thread_in_Java, id=44316, stack(0x000000001c9c0000,0x000000001cac0000)]
  0x000000001987f800 JavaThread "Cancel handler" [_thread_blocked, id=79868, stack(0x000000001c8c0000,0x000000001c9c0000)]
  0x00000000195ce000 JavaThread "Handler for socket connection from /127.0.0.1:8447 to /127.0.0.1:8448" [_thread_in_native, id=34136, stack(0x000000001c7c0000,0x000000001c8c0000)]
  0x00000000195ca800 JavaThread "Daemon" [_thread_blocked, id=84092, stack(0x000000001c6c0000,0x000000001c7c0000)]
  0x00000000198ee800 JavaThread "Daemon periodic checks" [_thread_blocked, id=79268, stack(0x000000001c3c0000,0x000000001c4c0000)]
  0x0000000019668800 JavaThread "Incoming local TCP Connector on port 8447" [_thread_in_native, id=71944, stack(0x000000001c1e0000,0x000000001c2e0000)]
  0x000000001ad07800 JavaThread "Daemon health stats" [_thread_blocked, id=71516, stack(0x000000001bee0000,0x000000001bfe0000)]
  0x0000000018acc000 JavaThread "Service Thread" daemon [_thread_blocked, id=43268, stack(0x0000000019340000,0x0000000019440000)]
  0x0000000018a50800 JavaThread "C1 CompilerThread2" daemon [_thread_blocked, id=31756, stack(0x0000000019240000,0x0000000019340000)]
=>0x000000001774d000 JavaThread "C2 CompilerThread1" daemon [_thread_in_native, id=66740, stack(0x0000000019140000,0x0000000019240000)]
  0x0000000017749800 JavaThread "C2 CompilerThread0" daemon [_thread_in_native, id=84260, stack(0x0000000019040000,0x0000000019140000)]
  0x00000000176fd800 JavaThread "Attach Listener" daemon [_thread_blocked, id=86364, stack(0x0000000018f40000,0x0000000019040000)]
  0x0000000018a48800 JavaThread "Signal Dispatcher" daemon [_thread_blocked, id=83392, stack(0x0000000018e40000,0x0000000018f40000)]
  0x0000000002acb000 JavaThread "Finalizer" daemon [_thread_blocked, id=18528, stack(0x0000000018940000,0x0000000018a40000)]
  0x00000000176d9000 JavaThread "Reference Handler" daemon [_thread_blocked, id=80632, stack(0x0000000018840000,0x0000000018940000)]
  0x000000000256e000 JavaThread "main" [_thread_blocked, id=77896, stack(0x00000000028d0000,0x00000000029d0000)]

Other Threads:
  0x00000000176b6000 VMThread [stack: 0x0000000018740000,0x0000000018840000] [id=62356]
  0x0000000018acd000 WatcherThread [stack: 0x0000000019440000,0x0000000019540000] [id=77228]

VM state:not at safepoint (normal execution)

VM Mutex/Monitor currently owned by a thread: None

heap address: 0x0000000080000000, size: 2048 MB, Compressed Oops mode: 32-bit
Narrow klass base: 0x0000000000000000, Narrow klass shift: 3
Compressed class space size: 1073741824 Address: 0x0000000100000000

Heap:
 PSYoungGen      total 226304K, used 40033K [0x00000000d5580000, 0x00000000e4900000, 0x0000000100000000)
  eden space 207360K, 19% used [0x00000000d5580000,0x00000000d7c98720,0x00000000e2000000)
  from space 18944K, 0% used [0x00000000e3280000,0x00000000e3280000,0x00000000e4500000)
  to   space 18944K, 0% used [0x00000000e2000000,0x00000000e2000000,0x00000000e3280000)
 ParOldGen       total 75776K, used 30282K [0x0000000080000000, 0x0000000084a00000, 0x00000000d5580000)
  object space 75776K, 39% used [0x0000000080000000,0x0000000081d92ae8,0x0000000084a00000)
 Metaspace       used 59455K, capacity 61888K, committed 62168K, reserved 1103872K
  class space    used 8216K, capacity 8699K, committed 8704K, reserved 1048576K

Card table byte_map: [0x0000000011e90000,0x00000000122a0000] byte_map_base: 0x0000000011a90000

Marking Bits: (ParMarkBitMap*) 0x000000006064f030
 Begin Bits: [0x0000000012950000, 0x0000000014950000)
 End Bits:   [0x0000000014950000, 0x0000000016950000)

Polling page: 0x0000000000830000

CodeCache: size=245760Kb used=16481Kb max_used=16481Kb free=229278Kb
 bounds [0x0000000002ad0000, 0x0000000003b00000, 0x0000000011ad0000]
 total_blobs=5614 nmethods=4835 adapters=691
 compilation: enabled

Compilation events (10 events):
Event: 14.639 Thread 0x0000000018a50800 5289       3       com.google.common.collect.CompactHashMap::getHash (6 bytes)
Event: 14.639 Thread 0x0000000018a50800 nmethod 5289 0x0000000003aeb650 code [0x0000000003aeb7a0, 0x0000000003aeb8d0]
Event: 14.639 Thread 0x0000000018a50800 5286       3       org.gradle.api.internal.artifacts.configurations.DefaultConfiguration::getExtendsFrom (8 bytes)
Event: 14.640 Thread 0x0000000018a50800 nmethod 5286 0x0000000003aeb950 code [0x0000000003aebae0, 0x0000000003aebf08]
Event: 14.642 Thread 0x0000000018a50800 5290       3       sun.reflect.ClassFileAssembler::getMaxLocals (6 bytes)
Event: 14.643 Thread 0x0000000018a50800 nmethod 5290 0x0000000003aec150 code [0x0000000003aec2a0, 0x0000000003aec3f0]
Event: 14.643 Thread 0x0000000018a50800 5291       3       com.google.common.collect.Hashing::needsResizing (22 bytes)
Event: 14.643 Thread 0x0000000018a50800 nmethod 5291 0x0000000003aec450 code [0x0000000003aec5a0, 0x0000000003aec790]
Event: 14.645 Thread 0x0000000018a50800 5292       1       org.gradle.api.internal.DefaultMutationGuard::access$000 (5 bytes)
Event: 14.646 Thread 0x0000000018a50800 nmethod 5292 0x0000000003aec810 code [0x0000000003aec960, 0x0000000003aeca50]

GC Heap History (10 events):
Event: 9.026 GC heap before
{Heap before GC invocations=11 (full 2):
 PSYoungGen      total 131072K, used 10728K [0x00000000d5580000, 0x00000000e0d00000, 0x0000000100000000)
  eden space 120320K, 0% used [0x00000000d5580000,0x00000000d5580000,0x00000000dcb00000)
  from space 10752K, 99% used [0x00000000dcb00000,0x00000000dd57a370,0x00000000dd580000)
  to   space 12288K, 0% used [0x00000000e0100000,0x00000000e0100000,0x00000000e0d00000)
 ParOldGen       total 49152K, used 8408K [0x0000000080000000, 0x0000000083000000, 0x00000000d5580000)
  object space 49152K, 17% used [0x0000000080000000,0x00000000808363c8,0x0000000083000000)
 Metaspace       used 34246K, capacity 35392K, committed 35416K, reserved 1079296K
  class space    used 4720K, capacity 4973K, committed 4992K, reserved 1048576K
Event: 9.095 GC heap after
Heap after GC invocations=11 (full 2):
 PSYoungGen      total 131072K, used 0K [0x00000000d5580000, 0x00000000e0d00000, 0x0000000100000000)
  eden space 120320K, 0% used [0x00000000d5580000,0x00000000d5580000,0x00000000dcb00000)
  from space 10752K, 0% used [0x00000000dcb00000,0x00000000dcb00000,0x00000000dd580000)
  to   space 12288K, 0% used [0x00000000e0100000,0x00000000e0100000,0x00000000e0d00000)
 ParOldGen       total 75776K, used 18080K [0x0000000080000000, 0x0000000084a00000, 0x00000000d5580000)
  object space 75776K, 23% used [0x0000000080000000,0x00000000811a81d8,0x0000000084a00000)
 Metaspace       used 34246K, capacity 35392K, committed 35416K, reserved 1079296K
  class space    used 4720K, capacity 4973K, committed 4992K, reserved 1048576K
}
Event: 10.498 GC heap before
{Heap before GC invocations=12 (full 2):
 PSYoungGen      total 131072K, used 120320K [0x00000000d5580000, 0x00000000e0d00000, 0x0000000100000000)
  eden space 120320K, 100% used [0x00000000d5580000,0x00000000dcb00000,0x00000000dcb00000)
  from space 10752K, 0% used [0x00000000dcb00000,0x00000000dcb00000,0x00000000dd580000)
  to   space 12288K, 0% used [0x00000000e0100000,0x00000000e0100000,0x00000000e0d00000)
 ParOldGen       total 75776K, used 18080K [0x0000000080000000, 0x0000000084a00000, 0x00000000d5580000)
  object space 75776K, 23% used [0x0000000080000000,0x00000000811a81d8,0x0000000084a00000)
 Metaspace       used 38832K, capacity 40662K, committed 40792K, reserved 1085440K
  class space    used 5364K, capacity 5741K, committed 5760K, reserved 1048576K
Event: 10.511 GC heap after
Heap after GC invocations=12 (full 2):
 PSYoungGen      total 167936K, used 8912K [0x00000000d5580000, 0x00000000e0a00000, 0x0000000100000000)
  eden space 158720K, 0% used [0x00000000d5580000,0x00000000d5580000,0x00000000df080000)
  from space 9216K, 96% used [0x00000000e0100000,0x00000000e09b40f8,0x00000000e0a00000)
  to   space 12800K, 0% used [0x00000000df100000,0x00000000df100000,0x00000000dfd80000)
 ParOldGen       total 75776K, used 18088K [0x0000000080000000, 0x0000000084a00000, 0x00000000d5580000)
  object space 75776K, 23% used [0x0000000080000000,0x00000000811aa1d8,0x0000000084a00000)
 Metaspace       used 38832K, capacity 40662K, committed 40792K, reserved 1085440K
  class space    used 5364K, capacity 5741K, committed 5760K, reserved 1048576K
}
Event: 13.175 GC heap before
{Heap before GC invocations=13 (full 2):
 PSYoungGen      total 167936K, used 167632K [0x00000000d5580000, 0x00000000e0a00000, 0x0000000100000000)
  eden space 158720K, 100% used [0x00000000d5580000,0x00000000df080000,0x00000000df080000)
  from space 9216K, 96% used [0x00000000e0100000,0x00000000e09b40f8,0x00000000e0a00000)
  to   space 12800K, 0% used [0x00000000df100000,0x00000000df100000,0x00000000dfd80000)
 ParOldGen       total 75776K, used 18088K [0x0000000080000000, 0x0000000084a00000, 0x00000000d5580000)
  object space 75776K, 23% used [0x0000000080000000,0x00000000811aa1d8,0x0000000084a00000)
 Metaspace       used 54394K, capacity 56680K, committed 56792K, reserved 1097728K
  class space    used 7398K, capacity 7861K, committed 7936K, reserved 1048576K
Event: 13.215 GC heap after
Heap after GC invocations=13 (full 2):
 PSYoungGen      total 172032K, used 12781K [0x00000000d5580000, 0x00000000e4500000, 0x0000000100000000)
  eden space 159232K, 0% used [0x00000000d5580000,0x00000000d5580000,0x00000000df100000)
  from space 12800K, 99% used [0x00000000df100000,0x00000000dfd7b688,0x00000000dfd80000)
  to   space 18944K, 0% used [0x00000000e3280000,0x00000000e3280000,0x00000000e4500000)
 ParOldGen       total 75776K, used 30695K [0x0000000080000000, 0x0000000084a00000, 0x00000000d5580000)
  object space 75776K, 40% used [0x0000000080000000,0x0000000081df9ff0,0x0000000084a00000)
 Metaspace       used 54394K, capacity 56680K, committed 56792K, reserved 1097728K
  class space    used 7398K, capacity 7861K, committed 7936K, reserved 1048576K
}
Event: 13.693 GC heap before
{Heap before GC invocations=14 (full 2):
 PSYoungGen      total 172032K, used 46492K [0x00000000d5580000, 0x00000000e4500000, 0x0000000100000000)
  eden space 159232K, 21% used [0x00000000d5580000,0x00000000d766bd70,0x00000000df100000)
  from space 12800K, 99% used [0x00000000df100000,0x00000000dfd7b688,0x00000000dfd80000)
  to   space 18944K, 0% used [0x00000000e3280000,0x00000000e3280000,0x00000000e4500000)
 ParOldGen       total 75776K, used 30695K [0x0000000080000000, 0x0000000084a00000, 0x00000000d5580000)
  object space 75776K, 40% used [0x0000000080000000,0x0000000081df9ff0,0x0000000084a00000)
 Metaspace       used 56584K, capacity 58956K, committed 59028K, reserved 1099776K
  class space    used 7741K, capacity 8177K, committed 8192K, reserved 1048576K
Event: 13.708 GC heap after
Heap after GC invocations=14 (full 2):
 PSYoungGen      total 226304K, used 3091K [0x00000000d5580000, 0x00000000e4900000, 0x0000000100000000)
  eden space 207360K, 0% used [0x00000000d5580000,0x00000000d5580000,0x00000000e2000000)
  from space 18944K, 16% used [0x00000000e3280000,0x00000000e3584e70,0x00000000e4500000)
  to   space 18944K, 0% used [0x00000000e2000000,0x00000000e2000000,0x00000000e3280000)
 ParOldGen       total 75776K, used 40867K [0x0000000080000000, 0x0000000084a00000, 0x00000000d5580000)
  object space 75776K, 53% used [0x0000000080000000,0x00000000827e8e20,0x0000000084a00000)
 Metaspace       used 56584K, capacity 58956K, committed 59028K, reserved 1099776K
  class space    used 7741K, capacity 8177K, committed 8192K, reserved 1048576K
}
Event: 13.708 GC heap before
{Heap before GC invocations=15 (full 3):
 PSYoungGen      total 226304K, used 3091K [0x00000000d5580000, 0x00000000e4900000, 0x0000000100000000)
  eden space 207360K, 0% used [0x00000000d5580000,0x00000000d5580000,0x00000000e2000000)
  from space 18944K, 16% used [0x00000000e3280000,0x00000000e3584e70,0x00000000e4500000)
  to   space 18944K, 0% used [0x00000000e2000000,0x00000000e2000000,0x00000000e3280000)
 ParOldGen       total 75776K, used 40867K [0x0000000080000000, 0x0000000084a00000, 0x00000000d5580000)
  object space 75776K, 53% used [0x0000000080000000,0x00000000827e8e20,0x0000000084a00000)
 Metaspace       used 56584K, capacity 58956K, committed 59028K, reserved 1099776K
  class space    used 7741K, capacity 8177K, committed 8192K, reserved 1048576K
Event: 13.920 GC heap after
Heap after GC invocations=15 (full 3):
 PSYoungGen      total 226304K, used 0K [0x00000000d5580000, 0x00000000e4900000, 0x0000000100000000)
  eden space 207360K, 0% used [0x00000000d5580000,0x00000000d5580000,0x00000000e2000000)
  from space 18944K, 0% used [0x00000000e3280000,0x00000000e3280000,0x00000000e4500000)
  to   space 18944K, 0% used [0x00000000e2000000,0x00000000e2000000,0x00000000e3280000)
 ParOldGen       total 75776K, used 30282K [0x0000000080000000, 0x0000000084a00000, 0x00000000d5580000)
  object space 75776K, 39% used [0x0000000080000000,0x0000000081d92ae8,0x0000000084a00000)
 Metaspace       used 56561K, capacity 58878K, committed 59028K, reserved 1099776K
  class space    used 7734K, capacity 8164K, committed 8192K, reserved 1048576K
}

Deoptimization events (10 events):
Event: 13.554 Thread 0x000000001a2f2000 Uncommon trap: reason=unstable_if action=reinterpret pc=0x00000000034ddd80 method=java.io.WinNTFileSystem.normalize(Ljava/lang/String;)Ljava/lang/String; @ 74
Event: 13.554 Thread 0x000000001a2f2000 Uncommon trap: reason=unstable_if action=reinterpret pc=0x0000000003035e54 method=java.io.WinNTFileSystem.normalize(Ljava/lang/String;II)Ljava/lang/String; @ 103
Event: 13.991 Thread 0x000000001a2f2000 Uncommon trap: reason=bimorphic action=maybe_recompile pc=0x0000000003819694 method=java.util.regex.Pattern$5.isSatisfiedBy(I)Z @ 16
Event: 13.992 Thread 0x000000001a2f2000 Uncommon trap: reason=bimorphic action=maybe_recompile pc=0x0000000003819694 method=java.util.regex.Pattern$5.isSatisfiedBy(I)Z @ 16
Event: 13.992 Thread 0x000000001a2f2000 Uncommon trap: reason=bimorphic action=maybe_recompile pc=0x0000000003819694 method=java.util.regex.Pattern$5.isSatisfiedBy(I)Z @ 16
Event: 13.992 Thread 0x000000001a2f2000 Uncommon trap: reason=bimorphic action=maybe_recompile pc=0x0000000003819694 method=java.util.regex.Pattern$5.isSatisfiedBy(I)Z @ 16
Event: 14.453 Thread 0x000000001a2f2000 Uncommon trap: reason=unstable_if action=reinterpret pc=0x00000000030e2828 method=java.util.regex.Pattern$BmpCharProperty.match(Ljava/util/regex/Matcher;ILjava/lang/CharSequence;)Z @ 34
Event: 14.462 Thread 0x000000001a2f2000 Uncommon trap: reason=unstable_if action=reinterpret pc=0x0000000003852cd8 method=com.sun.org.apache.xerces.internal.impl.XMLEntityScanner.scanLiteral(ILcom/sun/org/apache/xerces/internal/xni/XMLString;Z)I @ 660
Event: 14.487 Thread 0x000000001a2f2000 Uncommon trap: reason=unstable_if action=reinterpret pc=0x000000000308a100 method=java.lang.CharacterDataLatin1.digit(II)I @ 31
Event: 14.548 Thread 0x000000001a2f2000 Uncommon trap: reason=unstable_if action=reinterpret pc=0x0000000003695da8 method=java.lang.CharacterDataLatin1.digit(II)I @ 31

Classes redefined (0 events):
No events

Internal exceptions (10 events):
Event: 14.099 Thread 0x000000001a2f2000 Exception <a 'java/lang/ClassNotFoundException': com/sun/org/glassfish/hk2/osgiresourcelocator/ServiceLoader> (0x00000000d5b2dcc8) thrown at [C:\src\AOSP-openjdk-git\hotspot\src\share\vm\classfile\systemDictionary.cpp, line 210]
Event: 14.157 Thread 0x000000001a2f2000 Exception <a 'java/lang/NullPointerException'> (0x00000000d5fad2f0) thrown at [C:\src\AOSP-openjdk-git\hotspot\src\share\vm\interpreter\linkResolver.cpp, line 1287]
Event: 14.591 Thread 0x000000001a2f2000 Exception <a 'java/lang/ClassNotFoundException': org/gradle/api/internal/file/collections/DefaultConfigurableFileTreeBeanInfo> (0x00000000d750a830) thrown at [C:\src\AOSP-openjdk-git\hotspot\src\share\vm\classfile\systemDictionary.cpp, line 210]
Event: 14.592 Thread 0x000000001a2f2000 Exception <a 'java/lang/ClassNotFoundException': org/gradle/api/internal/file/CompositeFileTreeBeanInfo> (0x00000000d7523d20) thrown at [C:\src\AOSP-openjdk-git\hotspot\src\share\vm\classfile\systemDictionary.cpp, line 210]
Event: 14.592 Thread 0x000000001a2f2000 Exception <a 'java/lang/ClassNotFoundException': org/gradle/api/internal/file/CompositeFileCollectionBeanInfo> (0x00000000d753efd0) thrown at [C:\src\AOSP-openjdk-git\hotspot\src\share\vm\classfile\systemDictionary.cpp, line 210]
Event: 14.593 Thread 0x000000001a2f2000 Exception <a 'java/lang/ClassNotFoundException': org/gradle/api/internal/file/AbstractFileCollectionBeanInfo> (0x00000000d755a280) thrown at [C:\src\AOSP-openjdk-git\hotspot\src\share\vm\classfile\systemDictionary.cpp, line 210]
Event: 14.593 Thread 0x000000001a2f2000 Exception <a 'java/lang/ClassNotFoundException': org/gradle/api/internal/file/AbstractFileCollectionCustomizer> (0x00000000d7575b30) thrown at [C:\src\AOSP-openjdk-git\hotspot\src\share\vm\classfile\systemDictionary.cpp, line 210]
Event: 14.594 Thread 0x000000001a2f2000 Exception <a 'java/lang/ClassNotFoundException': org/gradle/api/internal/file/CompositeFileCollectionCustomizer> (0x00000000d75a28b0) thrown at [C:\src\AOSP-openjdk-git\hotspot\src\share\vm\classfile\systemDictionary.cpp, line 210]
Event: 14.594 Thread 0x000000001a2f2000 Exception <a 'java/lang/ClassNotFoundException': org/gradle/api/internal/file/CompositeFileTreeCustomizer> (0x00000000d75c8ad0) thrown at [C:\src\AOSP-openjdk-git\hotspot\src\share\vm\classfile\systemDictionary.cpp, line 210]
Event: 14.595 Thread 0x000000001a2f2000 Exception <a 'java/lang/ClassNotFoundException': org/gradle/api/internal/file/collections/DefaultConfigurableFileTreeCustomizer> (0x00000000d75f5658) thrown at [C:\src\AOSP-openjdk-git\hotspot\src\share\vm\classfile\systemDictionary.cpp, line 210]

Events (10 events):
Event: 14.650 loading class com/android/build/gradle/internal/scope/InternalArtifactType$ANNOTATIONS_PROGUARD
Event: 14.650 loading class com/android/build/gradle/internal/scope/InternalArtifactType$ANNOTATIONS_PROGUARD done
Event: 14.650 loading class com/android/build/gradle/internal/scope/InternalArtifactType$AAR_MAIN_JAR
Event: 14.650 loading class com/android/build/gradle/internal/scope/InternalArtifactType$AAR_MAIN_JAR done
Event: 14.650 loading class com/android/build/gradle/internal/scope/InternalArtifactType$AAR_LIBS_DIRECTORY
Event: 14.650 loading class com/android/build/gradle/internal/scope/InternalArtifactType$AAR_LIBS_DIRECTORY done
Event: 14.650 loading class com/android/build/gradle/internal/scope/InternalArtifactType$ABI_PACKAGED_SPLIT
Event: 14.650 loading class com/android/build/gradle/internal/scope/InternalArtifactType$ABI_PACKAGED_SPLIT done
Event: 14.651 loading class com/android/build/gradle/internal/scope/InternalArtifactType$FULL_APK
Event: 14.651 loading class com/android/build/gradle/internal/scope/InternalArtifactType$FULL_APK done


Dynamic libraries:
0x00007ff6dcd70000 - 0x00007ff6dcda1000 	C:\Program Files\Android\Android Studio\jre\bin\java.exe
0x00007ff933b90000 - 0x00007ff933d85000 	C:\WINDOWS\SYSTEM32\ntdll.dll
0x00007ff931cb0000 - 0x00007ff931d6d000 	C:\WINDOWS\System32\KERNEL32.DLL
0x00007ff931920000 - 0x00007ff931be9000 	C:\WINDOWS\System32\KERNELBASE.dll
0x00007ff931d70000 - 0x00007ff931e1c000 	C:\WINDOWS\System32\ADVAPI32.dll
0x00007ff931eb0000 - 0x00007ff931f4e000 	C:\WINDOWS\System32\msvcrt.dll
0x00007ff932a00000 - 0x00007ff932a9b000 	C:\WINDOWS\System32\sechost.dll
0x00007ff932ea0000 - 0x00007ff932fca000 	C:\WINDOWS\System32\RPCRT4.dll
0x00007ff932aa0000 - 0x00007ff932c40000 	C:\WINDOWS\System32\USER32.dll
0x00007ff931550000 - 0x00007ff931572000 	C:\WINDOWS\System32\win32u.dll
0x00007ff9338b0000 - 0x00007ff9338da000 	C:\WINDOWS\System32\GDI32.dll
0x00007ff931580000 - 0x00007ff93168b000 	C:\WINDOWS\System32\gdi32full.dll
0x00007ff9314b0000 - 0x00007ff93154d000 	C:\WINDOWS\System32\msvcp_win.dll
0x00007ff9316c0000 - 0x00007ff9317c0000 	C:\WINDOWS\System32\ucrtbase.dll
0x00007ff919240000 - 0x00007ff9194da000 	C:\WINDOWS\WinSxS\amd64_microsoft.windows.common-controls_6595b64144ccf1df_6.0.19041.1110_none_60b5254171f9507e\COMCTL32.dll
0x00007ff933330000 - 0x00007ff933360000 	C:\WINDOWS\System32\IMM32.DLL
0x000000005fcc0000 - 0x000000005fd92000 	C:\Program Files\Android\Android Studio\jre\jre\bin\msvcr100.dll
0x000000005fe80000 - 0x00000000606cb000 	C:\Program Files\Android\Android Studio\jre\jre\bin\server\jvm.dll
0x00007ff933a10000 - 0x00007ff933a18000 	C:\WINDOWS\System32\PSAPI.DLL
0x00007ff920b10000 - 0x00007ff920b1a000 	C:\WINDOWS\SYSTEM32\VERSION.dll
0x00007ff92c1a0000 - 0x00007ff92c1a9000 	C:\WINDOWS\SYSTEM32\WSOCK32.dll
0x00007ff91b4c0000 - 0x00007ff91b4e7000 	C:\WINDOWS\SYSTEM32\WINMM.dll
0x00007ff932dd0000 - 0x00007ff932e3b000 	C:\WINDOWS\System32\WS2_32.dll
0x00007ff92c130000 - 0x00007ff92c13f000 	C:\Program Files\Android\Android Studio\jre\jre\bin\verify.dll
0x00007ff8ffcd0000 - 0x00007ff8ffcf9000 	C:\Program Files\Android\Android Studio\jre\jre\bin\java.dll
0x00007ff90f190000 - 0x00007ff90f1a6000 	C:\Program Files\Android\Android Studio\jre\jre\bin\zip.dll
0x00007ff932030000 - 0x00007ff93276f000 	C:\WINDOWS\System32\SHELL32.dll
0x00007ff92f020000 - 0x00007ff92f7b0000 	C:\WINDOWS\SYSTEM32\windows.storage.dll
0x00007ff932fd0000 - 0x00007ff933325000 	C:\WINDOWS\System32\combase.dll
0x00007ff930c50000 - 0x00007ff930c7c000 	C:\WINDOWS\SYSTEM32\Wldp.dll
0x00007ff933940000 - 0x00007ff9339ee000 	C:\WINDOWS\System32\SHCORE.dll
0x00007ff9338e0000 - 0x00007ff933935000 	C:\WINDOWS\System32\shlwapi.dll
0x00007ff931200000 - 0x00007ff93121f000 	C:\WINDOWS\SYSTEM32\profapi.dll
0x00007ff90e5f0000 - 0x00007ff90e60a000 	C:\Program Files\Android\Android Studio\jre\jre\bin\net.dll
0x00007ff9309b0000 - 0x00007ff930a1a000 	C:\WINDOWS\system32\mswsock.dll
0x00007ff90e5b0000 - 0x00007ff90e5c3000 	C:\Program Files\Android\Android Studio\jre\jre\bin\nio.dll
0x00007ff8fe5d0000 - 0x00007ff8fe5f7000 	C:\Users\Kim mingi\.gradle\native\f6784746aeab05261644944871eae4fe03e0ef1612fff0a4a95f87b438bc6780\windows-amd64\native-platform.dll
0x00007ff92a250000 - 0x00007ff92a25d000 	C:\Program Files\Android\Android Studio\jre\jre\bin\management.dll
0x00007ff930ba0000 - 0x00007ff930bb8000 	C:\WINDOWS\SYSTEM32\CRYPTSP.dll
0x00007ff930330000 - 0x00007ff930364000 	C:\WINDOWS\system32\rsaenh.dll
0x00007ff931690000 - 0x00007ff9316b7000 	C:\WINDOWS\System32\bcrypt.dll
0x00007ff9311c0000 - 0x00007ff9311ee000 	C:\WINDOWS\SYSTEM32\USERENV.dll
0x00007ff9312c0000 - 0x00007ff931343000 	C:\WINDOWS\System32\bcryptprimitives.dll
0x00007ff930bc0000 - 0x00007ff930bcc000 	C:\WINDOWS\SYSTEM32\CRYPTBASE.dll
0x00007ff9306a0000 - 0x00007ff9306db000 	C:\WINDOWS\SYSTEM32\IPHLPAPI.DLL
0x00007ff932dc0000 - 0x00007ff932dc8000 	C:\WINDOWS\System32\NSI.dll
0x00007ff924c00000 - 0x00007ff924c17000 	C:\WINDOWS\SYSTEM32\dhcpcsvc6.DLL
0x00007ff9280d0000 - 0x00007ff9280ed000 	C:\WINDOWS\SYSTEM32\dhcpcsvc.DLL
0x00007ff9306e0000 - 0x00007ff9307ac000 	C:\WINDOWS\SYSTEM32\DNSAPI.dll
0x00007ff9284f0000 - 0x00007ff9284fb000 	C:\WINDOWS\SYSTEM32\WINNSI.DLL

VM Arguments:
jvm_args: -Xmx2048m -Dfile.encoding=UTF-8 -Duser.country=KR -Duser.language=ko -Duser.variant 
java_command: org.gradle.launcher.daemon.bootstrap.GradleDaemon 6.5
java_class_path (initial): C:\Users\Kim mingi\.gradle\wrapper\dists\gradle-6.5-bin\6nifqtx7604sqp1q6g8wikw7p\gradle-6.5\lib\gradle-launcher-6.5.jar
Launcher Type: SUN_STANDARD

Environment Variables:
PATH=C:\Program Files\Common Files\Oracle\Java\javapath;C:\Program Files (x86)\Common Files\Intel\Shared Libraries\redist\intel64\compiler;C:\ProgramData\Oracle\Java\javapath;C:\WINDOWS\system32;C:\WINDOWS;C:\WINDOWS\System32\Wbem;C:\WINDOWS\System32\WindowsPowerShell\v1.0\;C:\WINDOWS\System32\OpenSSH\;C:\Users\Kim mingi\AppData\Local\Microsoft\WindowsApps;
USERNAME=Kim mingi
OS=Windows_NT
PROCESSOR_IDENTIFIER=Intel64 Family 6 Model 142 Stepping 9, GenuineIntel



---------------  S Y S T E M  ---------------

OS: Windows 10.0 , 64 bit Build 19041 (10.0.19041.1151)

CPU:total 4 (initial active 4) (2 cores per cpu, 2 threads per core) family 6 model 142 stepping 9, cmov, cx8, fxsr, mmx, sse, sse2, sse3, ssse3, sse4.1, sse4.2, popcnt, avx, avx2, aes, clmul, erms, 3dnowpref, lzcnt, ht, tsc, tscinvbit, bmi1, bmi2, adx

Memory: 4k page, physical 8048852k(498228k free), swap 33214676k(5860k free)

vm_info: OpenJDK 64-Bit Server VM (25.242-b01) for windows-amd64 JRE (1.8.0_242-release-1644-b01), built by "builder" with MS VC++ 10.0 (VS2010)

time: Wed Sep 08 14:45:27 2021
timezone: 대한민국 표준시
elapsed time: 14 seconds (0d 0h 0m 14s)

