#
# There is insufficient memory for the Java Runtime Environment to continue.
# Native memory allocation (malloc) failed to allocate 1164336 bytes for Chunk::new
# Possible reasons:
#   The system is out of physical RAM or swap space
#   The process is running with CompressedOops enabled, and the Java Heap may be blocking the growth of the native heap
# Possible solutions:
#   Reduce memory load on the system
#   Increase physical memory or swap space
#   Check if swap backing store is full
#   Decrease Java heap size (-Xmx/-Xms)
#   Decrease number of Java threads
#   Decrease Java thread stack sizes (-Xss)
#   Set larger code cache with -XX:ReservedCodeCacheSize=
#   JVM is running with Unscaled Compressed Oops mode in which the Java heap is
#     placed in the first 4GB address space. The Java Heap base address is the
#     maximum limit for the native heap growth. Please use -XX:HeapBaseMinAddress
#     to set the Java Heap base and to place the Java Heap above 4GB virtual address.
# This output file may be truncated or incomplete.
#
#  Out of Memory Error (allocation.cpp:389), pid=83120, tid=0x0000000000015818
#
# JRE version: OpenJDK Runtime Environment (8.0_242-b01) (build 1.8.0_242-release-1644-b01)
# Java VM: OpenJDK 64-Bit Server VM (25.242-b01 mixed mode windows-amd64 compressed oops)
# Failed to write core dump. Minidumps are not enabled by default on client versions of Windows
#

---------------  T H R E A D  ---------------

Current thread (0x0000000018009800):  JavaThread "C2 CompilerThread0" daemon [_thread_in_native, id=88088, stack(0x00000000199d0000,0x0000000019ad0000)]

Stack: [0x00000000199d0000,0x0000000019ad0000]
[error occurred during error reporting (printing stack bounds), id 0xc0000005]

Native frames: (J=compiled Java code, j=interpreted, Vv=VM code, C=native code)


Current CompileTask:
C2:  18545 5489       4       org.gradle.internal.instantiation.generator.AbstractClassGenerator::inspectType (560 bytes)


---------------  P R O C E S S  ---------------

Java Threads: ( => current thread )
  0x000000001bfac000 JavaThread "Execution worker for ':' Thread 3" [_thread_new, id=82972, stack(0x0000000000000000,0x0000000000000000)]
  0x000000001aeb7000 JavaThread "Execution worker for ':' Thread 2" [_thread_new, id=87700, stack(0x0000000000000000,0x0000000000000000)]
  0x000000001aeb5000 JavaThread "Execution worker for ':'" [_thread_in_Java, id=81864, stack(0x0000000029800000,0x0000000029900000)]
  0x000000001aeb4000 JavaThread "Cache worker for file content cache (C:\Users\Kim mingi\AndroidStudioProjects\SafetyMapUlsanJungbu2\.gradle\6.5\fileContent)" [_thread_blocked, id=85908, stack(0x000000002a080000,0x000000002a180000)]
  0x000000001aeb2000 JavaThread "Memory manager" [_thread_blocked, id=86328, stack(0x00000000290b0000,0x00000000291b0000)]
  0x000000001aeb8800 JavaThread "pool-1-thread-1" [_thread_blocked, id=89724, stack(0x0000000028bb0000,0x0000000028cb0000)]
  0x000000001aeb3800 JavaThread "Cache worker for Build Output Cleanup Cache (C:\Users\Kim mingi\AndroidStudioProjects\SafetyMapUlsanJungbu2\.gradle\buildOutputCleanup)" [_thread_blocked, id=72284, stack(0x00000000288b0000,0x00000000289b0000)]
  0x000000001aeb8000 JavaThread "jar transforms Thread 92" [_thread_blocked, id=45648, stack(0x00000000285b0000,0x00000000286b0000)]
  0x000000001aeb2800 JavaThread "jar transforms Thread 91" [_thread_blocked, id=88212, stack(0x00000000284b0000,0x00000000285b0000)]
  0x000000001aeb5800 JavaThread "jar transforms Thread 90" [_thread_blocked, id=71580, stack(0x00000000283b0000,0x00000000284b0000)]
  0x000000001aeac800 JavaThread "jar transforms Thread 89" [_thread_blocked, id=84736, stack(0x00000000282b0000,0x00000000283b0000)]
  0x000000001aeaa800 JavaThread "jar transforms Thread 88" [_thread_blocked, id=90108, stack(0x00000000281b0000,0x00000000282b0000)]
  0x000000001aeb1000 JavaThread "jar transforms Thread 87" [_thread_blocked, id=88900, stack(0x00000000280b0000,0x00000000281b0000)]
  0x000000001aeaf000 JavaThread "jar transforms Thread 86" [_thread_blocked, id=70116, stack(0x0000000027fb0000,0x00000000280b0000)]
  0x000000001aead800 JavaThread "jar transforms Thread 85" [_thread_blocked, id=57664, stack(0x0000000027eb0000,0x0000000027fb0000)]
  0x000000001aeb0800 JavaThread "jar transforms Thread 84" [_thread_blocked, id=87968, stack(0x0000000027db0000,0x0000000027eb0000)]
  0x000000001aeae000 JavaThread "jar transforms Thread 83" [_thread_blocked, id=86632, stack(0x0000000027cb0000,0x0000000027db0000)]
  0x000000001aeab000 JavaThread "jar transforms Thread 82" [_thread_blocked, id=88884, stack(0x0000000027bb0000,0x0000000027cb0000)]
  0x000000001aeaf800 JavaThread "jar transforms Thread 81" [_thread_blocked, id=90024, stack(0x0000000027ab0000,0x0000000027bb0000)]
  0x000000001aeac000 JavaThread "jar transforms Thread 80" [_thread_blocked, id=90072, stack(0x00000000279b0000,0x0000000027ab0000)]
  0x000000001aea9800 JavaThread "jar transforms Thread 79" [_thread_blocked, id=84692, stack(0x00000000278b0000,0x00000000279b0000)]
  0x000000001e4f0000 JavaThread "jar transforms Thread 78" [_thread_blocked, id=88828, stack(0x00000000277b0000,0x00000000278b0000)]
  0x000000001e4ee800 JavaThread "jar transforms Thread 77" [_thread_blocked, id=66292, stack(0x00000000276b0000,0x00000000277b0000)]
  0x000000001e4ee000 JavaThread "jar transforms Thread 76" [_thread_blocked, id=88596, stack(0x00000000275b0000,0x00000000276b0000)]
  0x000000001e4f4800 JavaThread "jar transforms Thread 75" [_thread_blocked, id=86072, stack(0x00000000274b0000,0x00000000275b0000)]
  0x000000001e4ef800 JavaThread "jar transforms Thread 74" [_thread_blocked, id=89036, stack(0x00000000273b0000,0x00000000274b0000)]
  0x000000001e4f4000 JavaThread "jar transforms Thread 73" [_thread_blocked, id=77584, stack(0x00000000272b0000,0x00000000273b0000)]
  0x000000001e4f3000 JavaThread "jar transforms Thread 72" [_thread_blocked, id=88648, stack(0x00000000271b0000,0x00000000272b0000)]
  0x000000001e4f2800 JavaThread "jar transforms Thread 71" [_thread_blocked, id=81116, stack(0x00000000270b0000,0x00000000271b0000)]
  0x000000001e4f1000 JavaThread "jar transforms Thread 70" [_thread_blocked, id=83988, stack(0x0000000026fb0000,0x00000000270b0000)]
  0x000000001e4f1800 JavaThread "jar transforms Thread 69" [_thread_blocked, id=72784, stack(0x0000000026eb0000,0x0000000026fb0000)]
  0x000000001e4e7000 JavaThread "jar transforms Thread 68" [_thread_blocked, id=82624, stack(0x0000000026db0000,0x0000000026eb0000)]
  0x000000001e4ed000 JavaThread "jar transforms Thread 67" [_thread_blocked, id=88580, stack(0x0000000026cb0000,0x0000000026db0000)]
  0x000000001e4e6800 JavaThread "jar transforms Thread 66" [_thread_blocked, id=48512, stack(0x0000000026bb0000,0x0000000026cb0000)]
  0x000000001e4e8800 JavaThread "jar transforms Thread 65" [_thread_blocked, id=85196, stack(0x0000000026ab0000,0x0000000026bb0000)]
  0x000000001e4ec800 JavaThread "jar transforms Thread 64" [_thread_blocked, id=71964, stack(0x00000000269b0000,0x0000000026ab0000)]
  0x000000001e4e9800 JavaThread "jar transforms Thread 63" [_thread_blocked, id=73084, stack(0x00000000268b0000,0x00000000269b0000)]
  0x000000001e4e8000 JavaThread "jar transforms Thread 62" [_thread_blocked, id=86132, stack(0x00000000267b0000,0x00000000268b0000)]
  0x000000001e4eb800 JavaThread "jar transforms Thread 61" [_thread_blocked, id=78524, stack(0x00000000266b0000,0x00000000267b0000)]
  0x000000001e4eb000 JavaThread "jar transforms Thread 60" [_thread_blocked, id=79396, stack(0x00000000265b0000,0x00000000266b0000)]
  0x000000001e4ea000 JavaThread "jar transforms Thread 59" [_thread_blocked, id=78536, stack(0x00000000264b0000,0x00000000265b0000)]
  0x000000001e4e5800 JavaThread "jar transforms Thread 58" [_thread_blocked, id=64816, stack(0x00000000263b0000,0x00000000264b0000)]
  0x000000001ecd7800 JavaThread "jar transforms Thread 57" [_thread_blocked, id=30936, stack(0x00000000262b0000,0x00000000263b0000)]
  0x000000001ecd5800 JavaThread "jar transforms Thread 56" [_thread_blocked, id=84600, stack(0x00000000261b0000,0x00000000262b0000)]
  0x000000001ecd4800 JavaThread "jar transforms Thread 55" [_thread_blocked, id=37804, stack(0x00000000260b0000,0x00000000261b0000)]
  0x000000001ecdb800 JavaThread "jar transforms Thread 54" [_thread_blocked, id=82540, stack(0x0000000025fb0000,0x00000000260b0000)]
  0x000000001ecd6000 JavaThread "jar transforms Thread 53" [_thread_blocked, id=88416, stack(0x0000000025eb0000,0x0000000025fb0000)]
  0x000000001ecd9000 JavaThread "jar transforms Thread 52" [_thread_blocked, id=86564, stack(0x0000000025db0000,0x0000000025eb0000)]
  0x000000001ecd8800 JavaThread "jar transforms Thread 51" [_thread_blocked, id=85308, stack(0x0000000025cb0000,0x0000000025db0000)]
  0x000000001ecd4000 JavaThread "jar transforms Thread 50" [_thread_blocked, id=66756, stack(0x0000000025bb0000,0x0000000025cb0000)]
  0x000000001ecda000 JavaThread "jar transforms Thread 49" [_thread_blocked, id=89052, stack(0x0000000025ab0000,0x0000000025bb0000)]
  0x000000001ecda800 JavaThread "jar transforms Thread 48" [_thread_blocked, id=68372, stack(0x00000000259b0000,0x0000000025ab0000)]
  0x000000001ecd7000 JavaThread "jar transforms Thread 47" [_thread_blocked, id=65752, stack(0x00000000258b0000,0x00000000259b0000)]
  0x000000001eccd000 JavaThread "jar transforms Thread 46" [_thread_blocked, id=81240, stack(0x00000000257b0000,0x00000000258b0000)]
  0x000000001eccc800 JavaThread "jar transforms Thread 45" [_thread_blocked, id=86300, stack(0x00000000256b0000,0x00000000257b0000)]
  0x000000001ecd3000 JavaThread "jar transforms Thread 44" [_thread_blocked, id=88636, stack(0x00000000255b0000,0x00000000256b0000)]
  0x000000001ecd2800 JavaThread "jar transforms Thread 43" [_thread_blocked, id=89788, stack(0x00000000254b0000,0x00000000255b0000)]
  0x000000001ecce800 JavaThread "jar transforms Thread 42" [_thread_blocked, id=34820, stack(0x00000000253b0000,0x00000000254b0000)]
  0x000000001ecd1000 JavaThread "jar transforms Thread 41" [_thread_blocked, id=5076, stack(0x00000000252b0000,0x00000000253b0000)]
  0x000000001ecd1800 JavaThread "jar transforms Thread 40" [_thread_blocked, id=11576, stack(0x00000000251b0000,0x00000000252b0000)]
  0x000000001ecd0000 JavaThread "jar transforms Thread 39" [_thread_blocked, id=88620, stack(0x00000000250b0000,0x00000000251b0000)]
  0x000000001ecce000 JavaThread "jar transforms Thread 38" [_thread_blocked, id=74088, stack(0x0000000024fb0000,0x00000000250b0000)]
  0x000000001eccf800 JavaThread "jar transforms Thread 37" [_thread_blocked, id=30324, stack(0x0000000024eb0000,0x0000000024fb0000)]
  0x000000001a1e2000 JavaThread "jar transforms Thread 36" [_thread_blocked, id=76720, stack(0x0000000024db0000,0x0000000024eb0000)]
  0x000000001a1e1800 JavaThread "jar transforms Thread 35" [_thread_blocked, id=85140, stack(0x0000000024cb0000,0x0000000024db0000)]
  0x000000001a1e0000 JavaThread "jar transforms Thread 34" [_thread_blocked, id=21124, stack(0x0000000024bb0000,0x0000000024cb0000)]
  0x000000001a1df000 JavaThread "jar transforms Thread 33" [_thread_blocked, id=66000, stack(0x0000000024ab0000,0x0000000024bb0000)]
  0x000000001a1e0800 JavaThread "jar transforms Thread 32" [_thread_blocked, id=86412, stack(0x00000000249b0000,0x0000000024ab0000)]
  0x000000001a1de800 JavaThread "jar transforms Thread 31" [_thread_blocked, id=88388, stack(0x00000000248b0000,0x00000000249b0000)]
  0x000000001a1e4800 JavaThread "jar transforms Thread 30" [_thread_blocked, id=88320, stack(0x00000000247b0000,0x00000000248b0000)]
  0x000000001a1e3800 JavaThread "jar transforms Thread 29" [_thread_blocked, id=87244, stack(0x00000000246b0000,0x00000000247b0000)]
  0x000000001a1e3000 JavaThread "jar transforms Thread 28" [_thread_blocked, id=89156, stack(0x00000000245b0000,0x00000000246b0000)]
  0x000000001a1dd800 JavaThread "jar transforms Thread 27" [_thread_blocked, id=89168, stack(0x00000000244b0000,0x00000000245b0000)]
  0x000000001a1d6000 JavaThread "jar transforms Thread 26" [_thread_blocked, id=83992, stack(0x00000000243b0000,0x00000000244b0000)]
  0x000000001a1dd000 JavaThread "jar transforms Thread 25" [_thread_blocked, id=88644, stack(0x00000000242b0000,0x00000000243b0000)]
  0x000000001a1d5800 JavaThread "jar transforms Thread 24" [_thread_blocked, id=89748, stack(0x00000000241b0000,0x00000000242b0000)]
  0x000000001a1da000 JavaThread "jar transforms Thread 23" [_thread_blocked, id=88160, stack(0x00000000240b0000,0x00000000241b0000)]
  0x000000001a1da800 JavaThread "jar transforms Thread 22" [_thread_blocked, id=83072, stack(0x0000000023fb0000,0x00000000240b0000)]
  0x000000001a1dc000 JavaThread "jar transforms Thread 21" [_thread_blocked, id=86052, stack(0x0000000023eb0000,0x0000000023fb0000)]
  0x000000001a1d8800 JavaThread "jar transforms Thread 20" [_thread_blocked, id=72912, stack(0x0000000023cb0000,0x0000000023db0000)]
  0x000000001a1d7800 JavaThread "jar transforms Thread 19" [_thread_blocked, id=88704, stack(0x0000000023bb0000,0x0000000023cb0000)]
  0x000000001a1d7000 JavaThread "jar transforms Thread 18" [_thread_blocked, id=10548, stack(0x0000000023ab0000,0x0000000023bb0000)]
  0x000000001a1db800 JavaThread "jar transforms Thread 17" [_thread_blocked, id=88988, stack(0x00000000239b0000,0x0000000023ab0000)]
  0x000000001a1d9000 JavaThread "jar transforms Thread 16" [_thread_blocked, id=86960, stack(0x00000000238b0000,0x00000000239b0000)]
  0x000000001b9e7000 JavaThread "jar transforms Thread 15" [_thread_blocked, id=18808, stack(0x00000000237b0000,0x00000000238b0000)]
  0x000000001b9e6000 JavaThread "jar transforms Thread 14" [_thread_blocked, id=87132, stack(0x00000000236b0000,0x00000000237b0000)]
  0x000000001b9e5800 JavaThread "jar transforms Thread 13" [_thread_blocked, id=49708, stack(0x00000000235b0000,0x00000000236b0000)]
  0x000000001b9e8800 JavaThread "jar transforms Thread 12" [_thread_blocked, id=51684, stack(0x00000000234b0000,0x00000000235b0000)]
  0x000000001b9e4800 JavaThread "jar transforms Thread 11" [_thread_blocked, id=84016, stack(0x00000000233b0000,0x00000000234b0000)]
  0x000000001b9e4000 JavaThread "jar transforms Thread 10" [_thread_blocked, id=89428, stack(0x00000000232b0000,0x00000000233b0000)]
  0x000000001b9e7800 JavaThread "jar transforms Thread 9" [_thread_blocked, id=89424, stack(0x00000000231b0000,0x00000000232b0000)]
  0x000000001b9dc800 JavaThread "jar transforms Thread 8" [_thread_blocked, id=89648, stack(0x00000000230b0000,0x00000000231b0000)]
  0x000000001b9e2800 JavaThread "jar transforms Thread 7" [_thread_blocked, id=82008, stack(0x0000000022fb0000,0x00000000230b0000)]
  0x000000001b9e1800 JavaThread "jar transforms Thread 6" [_thread_blocked, id=89576, stack(0x0000000022eb0000,0x0000000022fb0000)]
  0x000000001b9e3000 JavaThread "jar transforms Thread 5" [_thread_blocked, id=85012, stack(0x0000000022db0000,0x0000000022eb0000)]
  0x000000001b9da000 JavaThread "jar transforms Thread 4" [_thread_blocked, id=52380, stack(0x0000000022cb0000,0x0000000022db0000)]
  0x000000001b9e1000 JavaThread "jar transforms Thread 3" [_thread_blocked, id=70280, stack(0x0000000022bb0000,0x0000000022cb0000)]
  0x000000001b9d9800 JavaThread "jar transforms Thread 2" [_thread_blocked, id=87392, stack(0x0000000022ab0000,0x0000000022bb0000)]
  0x000000001b9e0000 JavaThread "Build operations Thread 4" [_thread_blocked, id=86220, stack(0x00000000229b0000,0x0000000022ab0000)]
  0x000000001b9db800 JavaThread "Build operations Thread 3" [_thread_blocked, id=52280, stack(0x00000000228b0000,0x00000000229b0000)]
  0x000000001b9de000 JavaThread "Build operations Thread 2" [_thread_blocked, id=88960, stack(0x00000000224d0000,0x00000000225d0000)]
  0x000000001b9dd000 JavaThread "Build operations" [_thread_blocked, id=42736, stack(0x00000000223d0000,0x00000000224d0000)]
  0x000000001a249800 JavaThread "Cache worker for file content cache (C:\Users\Kim mingi\.gradle\caches\6.5\fileContent)" [_thread_blocked, id=63956, stack(0x0000000021ed0000,0x0000000021fd0000)]
  0x000000001a248800 JavaThread "jar transforms" [_thread_blocked, id=87564, stack(0x0000000021dd0000,0x0000000021ed0000)]
  0x000000001a247000 JavaThread "Cache worker for execution history cache (C:\Users\Kim mingi\.gradle\caches\6.5\executionHistory)" [_thread_blocked, id=87552, stack(0x00000000216d0000,0x00000000217d0000)]
  0x000000001a246800 JavaThread "Cache worker for cache directory md-rule (C:\Users\Kim mingi\.gradle\caches\6.5\md-rule)" [_thread_blocked, id=82556, stack(0x00000000215d0000,0x00000000216d0000)]
  0x000000001a248000 JavaThread "Cache worker for cache directory md-supplier (C:\Users\Kim mingi\.gradle\caches\6.5\md-supplier)" [_thread_blocked, id=87768, stack(0x0000000021340000,0x0000000021440000)]
  0x000000001a245800 JavaThread "Cache worker for checksums cache (C:\Users\Kim mingi\AndroidStudioProjects\SafetyMapUlsanJungbu2\.gradle\checksums)" [_thread_blocked, id=82968, stack(0x0000000021240000,0x0000000021340000)]
  0x000000001a245000 JavaThread "Cache worker for file hash cache (C:\Users\Kim mingi\AndroidStudioProjects\SafetyMapUlsanJungbu2\.gradle\6.5\fileHashes)" [_thread_blocked, id=81964, stack(0x00000000214d0000,0x00000000215d0000)]
  0x000000001a243800 JavaThread "Cache worker for file hash cache (C:\Users\Kim mingi\.gradle\caches\6.5\fileHashes)" [_thread_blocked, id=54636, stack(0x000000001db50000,0x000000001dc50000)]
  0x000000001a244000 JavaThread "File lock request listener" [_thread_in_native, id=75216, stack(0x000000001da50000,0x000000001db50000)]
  0x000000001b08d800 JavaThread "Cache worker for journal cache (C:\Users\Kim mingi\.gradle\caches\journal-1)" [_thread_blocked, id=74844, stack(0x000000001d950000,0x000000001da50000)]
  0x000000001ab68800 JavaThread "Thread-9" [_thread_blocked, id=85168, stack(0x000000001d650000,0x000000001d750000)]
  0x000000001a7dd000 JavaThread "Stdin handler" [_thread_blocked, id=90004, stack(0x000000001d550000,0x000000001d650000)]
  0x000000001ad94800 JavaThread "Asynchronous log dispatcher for DefaultDaemonConnection: socket connection from /127.0.0.1:8480 to /127.0.0.1:8481" [_thread_blocked, id=88936, stack(0x000000001d450000,0x000000001d550000)]
  0x000000001ab6d000 JavaThread "Daemon worker" [_thread_in_native, id=89960, stack(0x000000001d350000,0x000000001d450000)]
  0x000000001ab6c000 JavaThread "Cancel handler" [_thread_blocked, id=81492, stack(0x000000001d250000,0x000000001d350000)]
  0x000000001a594800 JavaThread "Handler for socket connection from /127.0.0.1:8480 to /127.0.0.1:8481" [_thread_in_native, id=89232, stack(0x000000001d150000,0x000000001d250000)]
  0x000000001a4a0000 JavaThread "Daemon" [_thread_blocked, id=78388, stack(0x000000001d050000,0x000000001d150000)]
  0x000000001a49b800 JavaThread "Daemon periodic checks" [_thread_blocked, id=90100, stack(0x000000001cd50000,0x000000001ce50000)]
  0x000000001a490800 JavaThread "Incoming local TCP Connector on port 8480" [_thread_in_native, id=89492, stack(0x000000001cb70000,0x000000001cc70000)]
  0x000000001b5cb000 JavaThread "Daemon health stats" [_thread_blocked, id=77484, stack(0x000000001c870000,0x000000001c970000)]
  0x000000001945c800 JavaThread "Service Thread" daemon [_thread_blocked, id=89932, stack(0x0000000019cd0000,0x0000000019dd0000)]
  0x00000000193e5000 JavaThread "C1 CompilerThread2" daemon [_thread_blocked, id=82644, stack(0x0000000019bd0000,0x0000000019cd0000)]
  0x000000001800c000 JavaThread "C2 CompilerThread1" daemon [_thread_in_native, id=86880, stack(0x0000000019ad0000,0x0000000019bd0000)]
=>0x0000000018009800 JavaThread "C2 CompilerThread0" daemon [_thread_in_native, id=88088, stack(0x00000000199d0000,0x0000000019ad0000)]
  0x0000000017fbd800 JavaThread "Attach Listener" daemon [_thread_blocked, id=83336, stack(0x00000000198d0000,0x00000000199d0000)]
  0x00000000193d8800 JavaThread "Signal Dispatcher" daemon [_thread_blocked, id=86552, stack(0x00000000197d0000,0x00000000198d0000)]
  0x000000000338b000 JavaThread "Finalizer" daemon [_thread_blocked, id=46084, stack(0x0000000019240000,0x0000000019340000)]
  0x0000000017f99000 JavaThread "Reference Handler" daemon [_thread_blocked, id=87276, stack(0x0000000019140000,0x0000000019240000)]
  0x00000000015fe000 JavaThread "main" [_thread_blocked, id=89656, stack(0x0000000002de0000,0x0000000002ee0000)]

Other Threads:
  0x0000000017f76000 VMThread [stack: 0x0000000019040000,0x0000000019140000] [id=89912]
  0x000000001945d800 WatcherThread [stack: 0x0000000019dd0000,0x0000000019ed0000] [id=88540]

VM state:not at safepoint (normal execution)

VM Mutex/Monitor currently owned by a thread: None

heap address: 0x0000000080000000, size: 2048 MB, Compressed Oops mode: 32-bit
Narrow klass base: 0x0000000000000000, Narrow klass shift: 3
Compressed class space size: 1073741824 Address: 0x0000000100000000

Heap:
 PSYoungGen      total 229888K, used 66900K [0x00000000d5580000, 0x00000000e4a00000, 0x0000000100000000)
  eden space 210944K, 31% used [0x00000000d5580000,0x00000000d96d53c0,0x00000000e2380000)
  from space 18944K, 0% used [0x00000000e3600000,0x00000000e3600000,0x00000000e4880000)
  to   space 18944K, 0% used [0x00000000e2380000,0x00000000e2380000,0x00000000e3600000)
 ParOldGen       total 76288K, used 30049K [0x0000000080000000, 0x0000000084a80000, 0x00000000d5580000)
  object space 76288K, 39% used [0x0000000080000000,0x0000000081d586e0,0x0000000084a80000)
 Metaspace       used 60977K, capacity 63470K, committed 63704K, reserved 1103872K
  class space    used 8447K, capacity 8960K, committed 8960K, reserved 1048576K

Card table byte_map: [0x0000000012750000,0x0000000012b60000] byte_map_base: 0x0000000012350000

Marking Bits: (ParMarkBitMap*) 0x000000006064f030
 Begin Bits: [0x0000000013210000, 0x0000000015210000)
 End Bits:   [0x0000000015210000, 0x0000000017210000)

Polling page: 0x0000000001560000

CodeCache: size=245760Kb used=17647Kb max_used=17668Kb free=228112Kb
 bounds [0x0000000003390000, 0x00000000044f0000, 0x0000000012390000]
 total_blobs=5920 nmethods=5139 adapters=693
 compilation: enabled

Compilation events (10 events):
Event: 18.498 Thread 0x00000000193e5000 5672       1       org.gradle.execution.plan.DefaultExecutionPlan$NodeInVisitingSegment::access$300 (5 bytes)
Event: 18.498 Thread 0x00000000193e5000 nmethod 5672 0x00000000044d5490 code [0x00000000044d55e0, 0x00000000044d56d0]
Event: 18.498 Thread 0x00000000193e5000 5669       1       java.util.TreeMap::access$300 (5 bytes)
Event: 18.498 Thread 0x00000000193e5000 nmethod 5669 0x00000000044d5750 code [0x00000000044d58a0, 0x00000000044d5990]
Event: 18.509 Thread 0x00000000193e5000 5674       3       java.lang.Thread::checkAccess (14 bytes)
Event: 18.510 Thread 0x00000000193e5000 nmethod 5674 0x00000000044d5a10 code [0x00000000044d5b80, 0x00000000044d5e48]
Event: 18.513 Thread 0x00000000193e5000 5675       3       org.gradle.internal.service.DefaultServiceRegistry::get (10 bytes)
Event: 18.514 Thread 0x00000000193e5000 nmethod 5675 0x00000000044d5f50 code [0x00000000044d60e0, 0x00000000044d65e8]
Event: 18.539 Thread 0x000000001800c000 nmethod 5652 0x00000000044dba50 code [0x00000000044dbce0, 0x00000000044de2f0]
Event: 18.539 Thread 0x000000001800c000 5653       4       org.gradle.internal.instantiation.generator.AbstractClassGenerator$ClassMetadata::property (42 bytes)

GC Heap History (10 events):
Event: 10.367 GC heap before
{Heap before GC invocations=11 (full 2):
 PSYoungGen      total 131584K, used 10223K [0x00000000d5580000, 0x00000000e0d80000, 0x0000000100000000)
  eden space 121344K, 0% used [0x00000000d5580000,0x00000000d5580000,0x00000000dcc00000)
  from space 10240K, 99% used [0x00000000dcc00000,0x00000000dd5fbca8,0x00000000dd600000)
  to   space 12288K, 0% used [0x00000000e0180000,0x00000000e0180000,0x00000000e0d80000)
 ParOldGen       total 49152K, used 9071K [0x0000000080000000, 0x0000000083000000, 0x00000000d5580000)
  object space 49152K, 18% used [0x0000000080000000,0x00000000808dbe38,0x0000000083000000)
 Metaspace       used 34262K, capacity 35392K, committed 35416K, reserved 1079296K
  class space    used 4720K, capacity 4973K, committed 4992K, reserved 1048576K
Event: 10.463 GC heap after
Heap after GC invocations=11 (full 2):
 PSYoungGen      total 131584K, used 0K [0x00000000d5580000, 0x00000000e0d80000, 0x0000000100000000)
  eden space 121344K, 0% used [0x00000000d5580000,0x00000000d5580000,0x00000000dcc00000)
  from space 10240K, 0% used [0x00000000dcc00000,0x00000000dcc00000,0x00000000dd600000)
  to   space 12288K, 0% used [0x00000000e0180000,0x00000000e0180000,0x00000000e0d80000)
 ParOldGen       total 76288K, used 18280K [0x0000000080000000, 0x0000000084a80000, 0x00000000d5580000)
  object space 76288K, 23% used [0x0000000080000000,0x00000000811da1c0,0x0000000084a80000)
 Metaspace       used 34262K, capacity 35392K, committed 35416K, reserved 1079296K
  class space    used 4720K, capacity 4973K, committed 4992K, reserved 1048576K
}
Event: 12.543 GC heap before
{Heap before GC invocations=12 (full 2):
 PSYoungGen      total 131584K, used 121344K [0x00000000d5580000, 0x00000000e0d80000, 0x0000000100000000)
  eden space 121344K, 100% used [0x00000000d5580000,0x00000000dcc00000,0x00000000dcc00000)
  from space 10240K, 0% used [0x00000000dcc00000,0x00000000dcc00000,0x00000000dd600000)
  to   space 12288K, 0% used [0x00000000e0180000,0x00000000e0180000,0x00000000e0d80000)
 ParOldGen       total 76288K, used 18280K [0x0000000080000000, 0x0000000084a80000, 0x00000000d5580000)
  object space 76288K, 23% used [0x0000000080000000,0x00000000811da1c0,0x0000000084a80000)
 Metaspace       used 38855K, capacity 40614K, committed 40792K, reserved 1085440K
  class space    used 5365K, capacity 5733K, committed 5760K, reserved 1048576K
Event: 12.562 GC heap after
Heap after GC invocations=12 (full 2):
 PSYoungGen      total 171008K, used 9044K [0x00000000d5580000, 0x00000000e0b80000, 0x0000000100000000)
  eden space 160768K, 0% used [0x00000000d5580000,0x00000000d5580000,0x00000000df280000)
  from space 10240K, 88% used [0x00000000e0180000,0x00000000e0a55290,0x00000000e0b80000)
  to   space 12800K, 0% used [0x00000000df280000,0x00000000df280000,0x00000000dff00000)
 ParOldGen       total 76288K, used 18288K [0x0000000080000000, 0x0000000084a80000, 0x00000000d5580000)
  object space 76288K, 23% used [0x0000000080000000,0x00000000811dc1c0,0x0000000084a80000)
 Metaspace       used 38855K, capacity 40614K, committed 40792K, reserved 1085440K
  class space    used 5365K, capacity 5733K, committed 5760K, reserved 1048576K
}
Event: 16.007 GC heap before
{Heap before GC invocations=13 (full 2):
 PSYoungGen      total 171008K, used 169812K [0x00000000d5580000, 0x00000000e0b80000, 0x0000000100000000)
  eden space 160768K, 100% used [0x00000000d5580000,0x00000000df280000,0x00000000df280000)
  from space 10240K, 88% used [0x00000000e0180000,0x00000000e0a55290,0x00000000e0b80000)
  to   space 12800K, 0% used [0x00000000df280000,0x00000000df280000,0x00000000dff00000)
 ParOldGen       total 76288K, used 18288K [0x0000000080000000, 0x0000000084a80000, 0x00000000d5580000)
  object space 76288K, 23% used [0x0000000080000000,0x00000000811dc1c0,0x0000000084a80000)
 Metaspace       used 54617K, capacity 56922K, committed 57048K, reserved 1097728K
  class space    used 7443K, capacity 7900K, committed 7936K, reserved 1048576K
Event: 16.054 GC heap after
Heap after GC invocations=13 (full 2):
 PSYoungGen      total 173568K, used 12786K [0x00000000d5580000, 0x00000000e4880000, 0x0000000100000000)
  eden space 160768K, 0% used [0x00000000d5580000,0x00000000d5580000,0x00000000df280000)
  from space 12800K, 99% used [0x00000000df280000,0x00000000dfefc9b0,0x00000000dff00000)
  to   space 18944K, 0% used [0x00000000e3600000,0x00000000e3600000,0x00000000e4880000)
 ParOldGen       total 76288K, used 31205K [0x0000000080000000, 0x0000000084a80000, 0x00000000d5580000)
  object space 76288K, 40% used [0x0000000080000000,0x0000000081e79630,0x0000000084a80000)
 Metaspace       used 54617K, capacity 56922K, committed 57048K, reserved 1097728K
  class space    used 7443K, capacity 7900K, committed 7936K, reserved 1048576K
}
Event: 16.875 GC heap before
{Heap before GC invocations=14 (full 2):
 PSYoungGen      total 173568K, used 41275K [0x00000000d5580000, 0x00000000e4880000, 0x0000000100000000)
  eden space 160768K, 17% used [0x00000000d5580000,0x00000000d7152280,0x00000000df280000)
  from space 12800K, 99% used [0x00000000df280000,0x00000000dfefc9b0,0x00000000dff00000)
  to   space 18944K, 0% used [0x00000000e3600000,0x00000000e3600000,0x00000000e4880000)
 ParOldGen       total 76288K, used 31205K [0x0000000080000000, 0x0000000084a80000, 0x00000000d5580000)
  object space 76288K, 40% used [0x0000000080000000,0x0000000081e79630,0x0000000084a80000)
 Metaspace       used 56451K, capacity 58800K, committed 58968K, reserved 1099776K
  class space    used 7725K, capacity 8195K, committed 8320K, reserved 1048576K
Event: 16.895 GC heap after
Heap after GC invocations=14 (full 2):
 PSYoungGen      total 229888K, used 2671K [0x00000000d5580000, 0x00000000e4a00000, 0x0000000100000000)
  eden space 210944K, 0% used [0x00000000d5580000,0x00000000d5580000,0x00000000e2380000)
  from space 18944K, 14% used [0x00000000e3600000,0x00000000e389be08,0x00000000e4880000)
  to   space 18944K, 0% used [0x00000000e2380000,0x00000000e2380000,0x00000000e3600000)
 ParOldGen       total 76288K, used 41554K [0x0000000080000000, 0x0000000084a80000, 0x00000000d5580000)
  object space 76288K, 54% used [0x0000000080000000,0x0000000082894b18,0x0000000084a80000)
 Metaspace       used 56451K, capacity 58800K, committed 58968K, reserved 1099776K
  class space    used 7725K, capacity 8195K, committed 8320K, reserved 1048576K
}
Event: 16.895 GC heap before
{Heap before GC invocations=15 (full 3):
 PSYoungGen      total 229888K, used 2671K [0x00000000d5580000, 0x00000000e4a00000, 0x0000000100000000)
  eden space 210944K, 0% used [0x00000000d5580000,0x00000000d5580000,0x00000000e2380000)
  from space 18944K, 14% used [0x00000000e3600000,0x00000000e389be08,0x00000000e4880000)
  to   space 18944K, 0% used [0x00000000e2380000,0x00000000e2380000,0x00000000e3600000)
 ParOldGen       total 76288K, used 41554K [0x0000000080000000, 0x0000000084a80000, 0x00000000d5580000)
  object space 76288K, 54% used [0x0000000080000000,0x0000000082894b18,0x0000000084a80000)
 Metaspace       used 56451K, capacity 58800K, committed 58968K, reserved 1099776K
  class space    used 7725K, capacity 8195K, committed 8320K, reserved 1048576K
Event: 17.104 GC heap after
Heap after GC invocations=15 (full 3):
 PSYoungGen      total 229888K, used 0K [0x00000000d5580000, 0x00000000e4a00000, 0x0000000100000000)
  eden space 210944K, 0% used [0x00000000d5580000,0x00000000d5580000,0x00000000e2380000)
  from space 18944K, 0% used [0x00000000e3600000,0x00000000e3600000,0x00000000e4880000)
  to   space 18944K, 0% used [0x00000000e2380000,0x00000000e2380000,0x00000000e3600000)
 ParOldGen       total 76288K, used 30049K [0x0000000080000000, 0x0000000084a80000, 0x00000000d5580000)
  object space 76288K, 39% used [0x0000000080000000,0x0000000081d586e0,0x0000000084a80000)
 Metaspace       used 56442K, capacity 58770K, committed 58968K, reserved 1099776K
  class space    used 7722K, capacity 8190K, committed 8320K, reserved 1048576K
}

Deoptimization events (10 events):
Event: 17.613 Thread 0x000000001ab6d000 Uncommon trap: reason=unstable_if action=reinterpret pc=0x0000000003799c40 method=java.lang.CharacterDataLatin1.digit(II)I @ 31
Event: 17.645 Thread 0x000000001ab6d000 Uncommon trap: reason=unstable_if action=reinterpret pc=0x0000000003f7d1a8 method=java.lang.CharacterDataLatin1.digit(II)I @ 31
Event: 17.793 Thread 0x000000001ab6d000 Uncommon trap: reason=unstable_if action=reinterpret pc=0x0000000003785934 method=java.lang.String.lastIndexOf([CII[CIII)I @ 118
Event: 17.848 Thread 0x000000001ab6d000 Uncommon trap: reason=unstable_if action=reinterpret pc=0x0000000003cae9c4 method=java.util.HashMap.putVal(ILjava/lang/Object;Ljava/lang/Object;ZZ)Ljava/lang/Object; @ 109
Event: 17.848 Thread 0x000000001ab6d000 Uncommon trap: reason=unstable_if action=reinterpret pc=0x00000000042d3b50 method=java.util.HashMap.putVal(ILjava/lang/Object;Ljava/lang/Object;ZZ)Ljava/lang/Object; @ 109
Event: 18.494 Thread 0x000000001ab6d000 Uncommon trap: reason=speculate_class_check action=maybe_recompile pc=0x0000000003e303e8 method=com.google.common.collect.AbstractIndexedListIterator.next()Ljava/lang/Object; @ 27
Event: 18.495 Thread 0x000000001ab6d000 Uncommon trap: reason=speculate_class_check action=maybe_recompile pc=0x0000000003e303e8 method=com.google.common.collect.AbstractIndexedListIterator.next()Ljava/lang/Object; @ 27
Event: 18.495 Thread 0x000000001ab6d000 Uncommon trap: reason=speculate_class_check action=maybe_recompile pc=0x0000000003e303e8 method=com.google.common.collect.AbstractIndexedListIterator.next()Ljava/lang/Object; @ 27
Event: 18.495 Thread 0x000000001ab6d000 Uncommon trap: reason=speculate_class_check action=maybe_recompile pc=0x0000000003e303e8 method=com.google.common.collect.AbstractIndexedListIterator.next()Ljava/lang/Object; @ 27
Event: 18.516 Thread 0x000000001ab6d000 Uncommon trap: reason=class_check action=maybe_recompile pc=0x000000000434869c method=java.util.Collections$SetFromMap.add(Ljava/lang/Object;)Z @ 8

Classes redefined (0 events):
No events

Internal exceptions (10 events):
Event: 17.237 Thread 0x000000001ab6d000 Exception <a 'java/lang/ClassNotFoundException': com/sun/org/glassfish/hk2/osgiresourcelocator/ServiceLoader> (0x00000000d5c7f488) thrown at [C:\src\AOSP-openjdk-git\hotspot\src\share\vm\classfile\systemDictionary.cpp, line 210]
Event: 17.307 Thread 0x000000001ab6d000 Exception <a 'java/lang/NullPointerException'> (0x00000000d61099f8) thrown at [C:\src\AOSP-openjdk-git\hotspot\src\share\vm\interpreter\linkResolver.cpp, line 1287]
Event: 17.690 Thread 0x000000001ab6d000 Exception <a 'java/lang/ClassNotFoundException': org/gradle/api/internal/file/collections/DefaultConfigurableFileTreeBeanInfo> (0x00000000d766d7c0) thrown at [C:\src\AOSP-openjdk-git\hotspot\src\share\vm\classfile\systemDictionary.cpp, line 210]
Event: 17.691 Thread 0x000000001ab6d000 Exception <a 'java/lang/ClassNotFoundException': org/gradle/api/internal/file/CompositeFileTreeBeanInfo> (0x00000000d7686cb0) thrown at [C:\src\AOSP-openjdk-git\hotspot\src\share\vm\classfile\systemDictionary.cpp, line 210]
Event: 17.692 Thread 0x000000001ab6d000 Exception <a 'java/lang/ClassNotFoundException': org/gradle/api/internal/file/CompositeFileCollectionBeanInfo> (0x00000000d76a1f60) thrown at [C:\src\AOSP-openjdk-git\hotspot\src\share\vm\classfile\systemDictionary.cpp, line 210]
Event: 17.692 Thread 0x000000001ab6d000 Exception <a 'java/lang/ClassNotFoundException': org/gradle/api/internal/file/AbstractFileCollectionBeanInfo> (0x00000000d76bd210) thrown at [C:\src\AOSP-openjdk-git\hotspot\src\share\vm\classfile\systemDictionary.cpp, line 210]
Event: 17.692 Thread 0x000000001ab6d000 Exception <a 'java/lang/ClassNotFoundException': org/gradle/api/internal/file/AbstractFileCollectionCustomizer> (0x00000000d76d8ac0) thrown at [C:\src\AOSP-openjdk-git\hotspot\src\share\vm\classfile\systemDictionary.cpp, line 210]
Event: 17.694 Thread 0x000000001ab6d000 Exception <a 'java/lang/ClassNotFoundException': org/gradle/api/internal/file/CompositeFileCollectionCustomizer> (0x00000000d7705988) thrown at [C:\src\AOSP-openjdk-git\hotspot\src\share\vm\classfile\systemDictionary.cpp, line 210]
Event: 17.695 Thread 0x000000001ab6d000 Exception <a 'java/lang/ClassNotFoundException': org/gradle/api/internal/file/CompositeFileTreeCustomizer> (0x00000000d772bd18) thrown at [C:\src\AOSP-openjdk-git\hotspot\src\share\vm\classfile\systemDictionary.cpp, line 210]
Event: 17.696 Thread 0x000000001ab6d000 Exception <a 'java/lang/ClassNotFoundException': org/gradle/api/internal/file/collections/DefaultConfigurableFileTreeCustomizer> (0x00000000d7758a10) thrown at [C:\src\AOSP-openjdk-git\hotspot\src\share\vm\classfile\systemDictionary.cpp, line 210]

Events (10 events):
Event: 18.514 loading class org/gradle/internal/resources/ResourceLock done
Event: 18.515 loading class org/gradle/execution/plan/Node
Event: 18.515 loading class org/gradle/execution/plan/Node done
Event: 18.515 loading class org/gradle/execution/plan/DefaultExecutionPlan
Event: 18.515 loading class org/gradle/execution/plan/DefaultExecutionPlan done
Event: 18.516 Thread 0x000000001ab6d000 Uncommon trap: trap_request=0xffffffde fr.pc=0x000000000434869c
Event: 18.516 Thread 0x000000001ab6d000 DEOPT PACKING pc=0x000000000434869c sp=0x000000001d44c0c0
Event: 18.516 Thread 0x000000001ab6d000 DEOPT UNPACKING pc=0x00000000033d557b sp=0x000000001d44c058 mode 2
Event: 18.517 loading class org/gradle/execution/ProjectExecutionServiceRegistry$DefaultNodeExecutionContext
Event: 18.517 loading class org/gradle/execution/ProjectExecutionServiceRegistry$DefaultNodeExecutionContext done


Dynamic libraries:
0x00007ff6dcd70000 - 0x00007ff6dcda1000 	C:\Program Files\Android\Android Studio\jre\bin\java.exe
0x00007ff933b90000 - 0x00007ff933d85000 	C:\WINDOWS\SYSTEM32\ntdll.dll
0x00007ff931cb0000 - 0x00007ff931d6d000 	C:\WINDOWS\System32\KERNEL32.DLL
0x00007ff931920000 - 0x00007ff931be9000 	C:\WINDOWS\System32\KERNELBASE.dll
0x00007ff931d70000 - 0x00007ff931e1c000 	C:\WINDOWS\System32\ADVAPI32.dll
0x00007ff931eb0000 - 0x00007ff931f4e000 	C:\WINDOWS\System32\msvcrt.dll
0x00007ff932a00000 - 0x00007ff932a9b000 	C:\WINDOWS\System32\sechost.dll
0x00007ff932ea0000 - 0x00007ff932fca000 	C:\WINDOWS\System32\RPCRT4.dll
0x00007ff932aa0000 - 0x00007ff932c40000 	C:\WINDOWS\System32\USER32.dll
0x00007ff931550000 - 0x00007ff931572000 	C:\WINDOWS\System32\win32u.dll
0x00007ff9338b0000 - 0x00007ff9338da000 	C:\WINDOWS\System32\GDI32.dll
0x00007ff931580000 - 0x00007ff93168b000 	C:\WINDOWS\System32\gdi32full.dll
0x00007ff9314b0000 - 0x00007ff93154d000 	C:\WINDOWS\System32\msvcp_win.dll
0x00007ff9316c0000 - 0x00007ff9317c0000 	C:\WINDOWS\System32\ucrtbase.dll
0x00007ff919240000 - 0x00007ff9194da000 	C:\WINDOWS\WinSxS\amd64_microsoft.windows.common-controls_6595b64144ccf1df_6.0.19041.1110_none_60b5254171f9507e\COMCTL32.dll
0x00007ff933330000 - 0x00007ff933360000 	C:\WINDOWS\System32\IMM32.DLL
0x000000005fcc0000 - 0x000000005fd92000 	C:\Program Files\Android\Android Studio\jre\jre\bin\msvcr100.dll
0x000000005fe80000 - 0x00000000606cb000 	C:\Program Files\Android\Android Studio\jre\jre\bin\server\jvm.dll
0x00007ff933a10000 - 0x00007ff933a18000 	C:\WINDOWS\System32\PSAPI.DLL
0x00007ff92c1a0000 - 0x00007ff92c1a9000 	C:\WINDOWS\SYSTEM32\WSOCK32.dll
0x00007ff932dd0000 - 0x00007ff932e3b000 	C:\WINDOWS\System32\WS2_32.dll
0x00007ff91b4c0000 - 0x00007ff91b4e7000 	C:\WINDOWS\SYSTEM32\WINMM.dll
0x00007ff920b10000 - 0x00007ff920b1a000 	C:\WINDOWS\SYSTEM32\VERSION.dll
0x00007ff92c130000 - 0x00007ff92c13f000 	C:\Program Files\Android\Android Studio\jre\jre\bin\verify.dll
0x00007ff8ffcd0000 - 0x00007ff8ffcf9000 	C:\Program Files\Android\Android Studio\jre\jre\bin\java.dll
0x00007ff90f190000 - 0x00007ff90f1a6000 	C:\Program Files\Android\Android Studio\jre\jre\bin\zip.dll
0x00007ff932030000 - 0x00007ff93276f000 	C:\WINDOWS\System32\SHELL32.dll
0x00007ff92f020000 - 0x00007ff92f7b0000 	C:\WINDOWS\SYSTEM32\windows.storage.dll
0x00007ff932fd0000 - 0x00007ff933325000 	C:\WINDOWS\System32\combase.dll
0x00007ff930c50000 - 0x00007ff930c7c000 	C:\WINDOWS\SYSTEM32\Wldp.dll
0x00007ff933940000 - 0x00007ff9339ee000 	C:\WINDOWS\System32\SHCORE.dll
0x00007ff9338e0000 - 0x00007ff933935000 	C:\WINDOWS\System32\shlwapi.dll
0x00007ff931200000 - 0x00007ff93121f000 	C:\WINDOWS\SYSTEM32\profapi.dll
0x00007ff90e5f0000 - 0x00007ff90e60a000 	C:\Program Files\Android\Android Studio\jre\jre\bin\net.dll
0x00007ff9309b0000 - 0x00007ff930a1a000 	C:\WINDOWS\system32\mswsock.dll
0x00007ff90e5b0000 - 0x00007ff90e5c3000 	C:\Program Files\Android\Android Studio\jre\jre\bin\nio.dll
0x00007ff8fe5d0000 - 0x00007ff8fe5f7000 	C:\Users\Kim mingi\.gradle\native\f6784746aeab05261644944871eae4fe03e0ef1612fff0a4a95f87b438bc6780\windows-amd64\native-platform.dll
0x00007ff92a250000 - 0x00007ff92a25d000 	C:\Program Files\Android\Android Studio\jre\jre\bin\management.dll
0x00007ff930ba0000 - 0x00007ff930bb8000 	C:\WINDOWS\SYSTEM32\CRYPTSP.dll
0x00007ff930330000 - 0x00007ff930364000 	C:\WINDOWS\system32\rsaenh.dll
0x00007ff931690000 - 0x00007ff9316b7000 	C:\WINDOWS\System32\bcrypt.dll
0x00007ff9311c0000 - 0x00007ff9311ee000 	C:\WINDOWS\SYSTEM32\USERENV.dll
0x00007ff9312c0000 - 0x00007ff931343000 	C:\WINDOWS\System32\bcryptprimitives.dll
0x00007ff930bc0000 - 0x00007ff930bcc000 	C:\WINDOWS\SYSTEM32\CRYPTBASE.dll
0x00007ff9306a0000 - 0x00007ff9306db000 	C:\WINDOWS\SYSTEM32\IPHLPAPI.DLL
0x00007ff932dc0000 - 0x00007ff932dc8000 	C:\WINDOWS\System32\NSI.dll
0x00007ff924c00000 - 0x00007ff924c17000 	C:\WINDOWS\SYSTEM32\dhcpcsvc6.DLL
0x00007ff9280d0000 - 0x00007ff9280ed000 	C:\WINDOWS\SYSTEM32\dhcpcsvc.DLL
0x00007ff9306e0000 - 0x00007ff9307ac000 	C:\WINDOWS\SYSTEM32\DNSAPI.dll
0x00007ff9284f0000 - 0x00007ff9284fb000 	C:\WINDOWS\SYSTEM32\WINNSI.DLL

VM Arguments:
jvm_args: -Xmx2048m -Dfile.encoding=UTF-8 -Duser.country=KR -Duser.language=ko -Duser.variant 
java_command: org.gradle.launcher.daemon.bootstrap.GradleDaemon 6.5
java_class_path (initial): C:\Users\Kim mingi\.gradle\wrapper\dists\gradle-6.5-bin\6nifqtx7604sqp1q6g8wikw7p\gradle-6.5\lib\gradle-launcher-6.5.jar
Launcher Type: SUN_STANDARD

Environment Variables:
PATH=C:\Program Files\Common Files\Oracle\Java\javapath;C:\Program Files (x86)\Common Files\Intel\Shared Libraries\redist\intel64\compiler;C:\ProgramData\Oracle\Java\javapath;C:\WINDOWS\system32;C:\WINDOWS;C:\WINDOWS\System32\Wbem;C:\WINDOWS\System32\WindowsPowerShell\v1.0\;C:\WINDOWS\System32\OpenSSH\;C:\Users\Kim mingi\AppData\Local\Microsoft\WindowsApps;
USERNAME=Kim mingi
OS=Windows_NT
PROCESSOR_IDENTIFIER=Intel64 Family 6 Model 142 Stepping 9, GenuineIntel



---------------  S Y S T E M  ---------------

OS: Windows 10.0 , 64 bit Build 19041 (10.0.19041.1151)

CPU:total 4 (initial active 4) (2 cores per cpu, 2 threads per core) family 6 model 142 stepping 9, cmov, cx8, fxsr, mmx, sse, sse2, sse3, ssse3, sse4.1, sse4.2, popcnt, avx, avx2, aes, clmul, erms, 3dnowpref, lzcnt, ht, tsc, tscinvbit, bmi1, bmi2, adx

Memory: 4k page, physical 8048852k(515160k free), swap 33214676k(5580k free)

vm_info: OpenJDK 64-Bit Server VM (25.242-b01) for windows-amd64 JRE (1.8.0_242-release-1644-b01), built by "builder" with MS VC++ 10.0 (VS2010)

time: Wed Sep 08 14:47:42 2021
timezone: 대한민국 표준시
elapsed time: 18 seconds (0d 0h 0m 18s)

